2007.08.25 21:01 B C:\Documents and Settings\Grace\Desktop\Anime\SweetMina\Other Stuff\gravitation\site\images\button.gif --> ftp.ainoyume.net /public_html/dream/site/images button.gif
2007.08.25 21:01 B C:\Documents and Settings\Grace\Desktop\Anime\SweetMina\Other Stuff\gravitation\site\images\button0.gif --> ftp.ainoyume.net /public_html/dream/site/images button0.gif
2007.08.25 21:01 B C:\Documents and Settings\Grace\Desktop\Anime\SweetMina\Other Stuff\gravitation\site\images\button0.jpg --> ftp.ainoyume.net /public_html/dream/site/images button0.jpg
2007.08.25 21:01 B C:\Documents and Settings\Grace\Desktop\Anime\SweetMina\Other Stuff\gravitation\site\images\button00.gif --> ftp.ainoyume.net /public_html/dream/site/images button00.gif
2007.08.25 21:01 B C:\Documents and Settings\Grace\Desktop\Anime\SweetMina\Other Stuff\gravitation\site\images\button01.gif --> ftp.ainoyume.net /public_html/dream/site/images button01.gif
2007.08.25 21:01 B C:\Documents and Settings\Grace\Desktop\Anime\SweetMina\Other Stuff\gravitation\site\images\button02.gif --> ftp.ainoyume.net /public_html/dream/site/images button02.gif
2007.08.25 21:01 B C:\Documents and Settings\Grace\Desktop\Anime\SweetMina\Other Stuff\gravitation\site\images\button03.gif --> ftp.ainoyume.net /public_html/dream/site/images button03.gif
2007.08.25 21:01 B C:\Documents and Settings\Grace\Desktop\Anime\SweetMina\Other Stuff\gravitation\site\images\button1.gif --> ftp.ainoyume.net /public_html/dream/site/images button1.gif
2007.08.25 21:01 B C:\Documents and Settings\Grace\Desktop\Anime\SweetMina\Other Stuff\gravitation\site\images\button2.gif --> ftp.ainoyume.net /public_html/dream/site/images button2.gif
2007.08.25 21:01 B C:\Documents and Settings\Grace\Desktop\Anime\SweetMina\Other Stuff\gravitation\site\images\fank.gif --> ftp.ainoyume.net /public_html/dream/site/images fank.gif
2007.08.25 21:01 B C:\Documents and Settings\Grace\Desktop\Anime\SweetMina\Other Stuff\gravitation\site\images\fantouma.gif --> ftp.ainoyume.net /public_html/dream/site/images fantouma.gif
2007.08.25 21:01 B C:\Documents and Settings\Grace\Desktop\Anime\SweetMina\Other Stuff\gravitation\site\images\fanyuki.jpg --> ftp.ainoyume.net /public_html/dream/site/images fanyuki.jpg
2007.08.25 21:01 B C:\Documents and Settings\Grace\Desktop\Anime\SweetMina\Other Stuff\gravitation\site\images\ryu1.gif --> ftp.ainoyume.net /public_html/dream/site/images ryu1.gif
2007.08.25 21:01 B C:\Documents and Settings\Grace\Desktop\Anime\SweetMina\Other Stuff\gravitation\site\images\shu2.gif --> ftp.ainoyume.net /public_html/dream/site/images shu2.gif
2007.08.25 21:01 B C:\Documents and Settings\Grace\Desktop\Anime\SweetMina\Other Stuff\gravitation\site\images\site_1x1.jpg --> ftp.ainoyume.net /public_html/dream/site/images site_1x1.jpg
2007.08.25 21:01 B C:\Documents and Settings\Grace\Desktop\Anime\SweetMina\Other Stuff\gravitation\site\images\site_1x2.jpg --> ftp.ainoyume.net /public_html/dream/site/images site_1x2.jpg
2007.08.25 21:01 B C:\Documents and Settings\Grace\Desktop\Anime\SweetMina\Other Stuff\gravitation\site\images\site_2x1.jpg --> ftp.ainoyume.net /public_html/dream/site/images site_2x1.jpg
2007.08.25 21:01 B C:\Documents and Settings\Grace\Desktop\Anime\SweetMina\Other Stuff\gravitation\site\images\site_2x2.jpg --> ftp.ainoyume.net /public_html/dream/site/images site_2x2.jpg
2007.08.25 21:01 B C:\Documents and Settings\Grace\Desktop\Anime\SweetMina\Other Stuff\gravitation\site\images\site_3x1.jpg --> ftp.ainoyume.net /public_html/dream/site/images site_3x1.jpg
2007.08.25 21:01 B C:\Documents and Settings\Grace\Desktop\Anime\SweetMina\Other Stuff\gravitation\site\images\site_3x2.jpg --> ftp.ainoyume.net /public_html/dream/site/images site_3x2.jpg
2007.08.25 21:01 B C:\Documents and Settings\Grace\Desktop\Anime\SweetMina\Other Stuff\gravitation\site\images\site_4x1.jpg --> ftp.ainoyume.net /public_html/dream/site/images site_4x1.jpg
2007.08.25 21:01 B C:\Documents and Settings\Grace\Desktop\Anime\SweetMina\Other Stuff\gravitation\site\images\site_4x2.jpg --> ftp.ainoyume.net /public_html/dream/site/images site_4x2.jpg
2007.08.25 21:01 B C:\Documents and Settings\Grace\Desktop\Anime\SweetMina\Other Stuff\gravitation\site\images\site_5x1.jpg --> ftp.ainoyume.net /public_html/dream/site/images site_5x1.jpg
2007.08.25 21:01 B C:\Documents and Settings\Grace\Desktop\Anime\SweetMina\Other Stuff\gravitation\site\images\site_5x2.jpg --> ftp.ainoyume.net /public_html/dream/site/images site_5x2.jpg
2007.08.25 21:01 B C:\Documents and Settings\Grace\Desktop\Anime\SweetMina\Other Stuff\gravitation\site\images\site_6x1.jpg --> ftp.ainoyume.net /public_html/dream/site/images site_6x1.jpg
2007.08.25 21:01 B C:\Documents and Settings\Grace\Desktop\Anime\SweetMina\Other Stuff\gravitation\site\images\site_6x2.jpg --> ftp.ainoyume.net /public_html/dream/site/images site_6x2.jpg
2007.08.25 21:01 B C:\Documents and Settings\Grace\Desktop\Anime\SweetMina\Other Stuff\gravitation\site\images\site_7x1.jpg --> ftp.ainoyume.net /public_html/dream/site/images site_7x1.jpg
2007.08.25 21:01 B C:\Documents and Settings\Grace\Desktop\Anime\SweetMina\Other Stuff\gravitation\site\images\site_7x2.jpg --> ftp.ainoyume.net /public_html/dream/site/images site_7x2.jpg
2007.08.25 21:01 B C:\Documents and Settings\Grace\Desktop\Anime\SweetMina\Other Stuff\gravitation\site\images\site_8x1.jpg --> ftp.ainoyume.net /public_html/dream/site/images site_8x1.jpg
2007.08.25 21:01 B C:\Documents and Settings\Grace\Desktop\Anime\SweetMina\Other Stuff\gravitation\site\images\site_8x2.jpg --> ftp.ainoyume.net /public_html/dream/site/images site_8x2.jpg
2007.08.25 21:01 B C:\Documents and Settings\Grace\Desktop\Anime\SweetMina\Other Stuff\gravitation\site\images\site_9x1.jpg --> ftp.ainoyume.net /public_html/dream/site/images site_9x1.jpg
2007.08.25 21:01 B C:\Documents and Settings\Grace\Desktop\Anime\SweetMina\Other Stuff\gravitation\site\images\site_9x2.jpg --> ftp.ainoyume.net /public_html/dream/site/images site_9x2.jpg
2007.08.25 21:01 B C:\Documents and Settings\Grace\Desktop\Anime\SweetMina\Other Stuff\gravitation\site\images\sitebg.jpg --> ftp.ainoyume.net /public_html/dream/site/images sitebg.jpg
2007.08.25 21:01 B C:\Documents and Settings\Grace\Desktop\Anime\SweetMina\Other Stuff\gravitation\site\images\spritesbed.gif --> ftp.ainoyume.net /public_html/dream/site/images spritesbed.gif
2007.08.25 21:01 B C:\Documents and Settings\Grace\Desktop\Anime\SweetMina\Other Stuff\gravitation\site\images\spritesryui.gif --> ftp.ainoyume.net /public_html/dream/site/images spritesryui.gif
2007.08.25 21:01 B C:\Documents and Settings\Grace\Desktop\Anime\SweetMina\Other Stuff\gravitation\site\images\touma1.gif --> ftp.ainoyume.net /public_html/dream/site/images touma1.gif
