2007.08.25 21:01 B C:\Documents and Settings\Grace\Desktop\Anime\SweetMina\Other Stuff\gravitation\.htaccess --> ftp.ainoyume.net /public_html/dream .htaccess
2007.08.25 21:01 B C:\Documents and Settings\Grace\Desktop\Anime\SweetMina\Other Stuff\gravitation\colors.gif --> ftp.ainoyume.net /public_html/dream colors.gif
2007.08.25 21:01 B C:\Documents and Settings\Grace\Desktop\Anime\SweetMina\Other Stuff\gravitation\colors_2x2.jpg --> ftp.ainoyume.net /public_html/dream colors_2x2.jpg
2007.08.25 21:01 B C:\Documents and Settings\Grace\Desktop\Anime\SweetMina\Other Stuff\gravitation\footer.inc --> ftp.ainoyume.net /public_html/dream footer.inc
2007.08.25 21:01 B C:\Documents and Settings\Grace\Desktop\Anime\SweetMina\Other Stuff\gravitation\gnews.html --> ftp.ainoyume.net /public_html/dream gnews.html
2007.08.25 21:01 B C:\Documents and Settings\Grace\Desktop\Anime\SweetMina\Other Stuff\gravitation\header.inc --> ftp.ainoyume.net /public_html/dream header.inc
2007.08.25 21:01 B C:\Documents and Settings\Grace\Desktop\Anime\SweetMina\Other Stuff\gravitation\index.html --> ftp.ainoyume.net /public_html/dream index.html
2007.08.25 21:01 B C:\Documents and Settings\Grace\Desktop\Anime\SweetMina\Other Stuff\gravitation\index.php --> ftp.ainoyume.net /public_html/dream index.php
2007.08.25 21:01 B C:\Documents and Settings\Grace\Desktop\Anime\SweetMina\Other Stuff\gravitation\main.css --> ftp.ainoyume.net /public_html/dream main.css
2007.08.25 21:01 B C:\Documents and Settings\Grace\Desktop\Anime\SweetMina\Other Stuff\gravitation\main.html --> ftp.ainoyume.net /public_html/dream main.html
2007.08.25 21:01 B C:\Documents and Settings\Grace\Desktop\Anime\SweetMina\Other Stuff\gravitation\main2.html --> ftp.ainoyume.net /public_html/dream main2.html
2007.08.25 21:01 B C:\Documents and Settings\Grace\Desktop\Anime\SweetMina\Other Stuff\gravitation\navigation.html --> ftp.ainoyume.net /public_html/dream navigation.html
2007.08.25 21:01 B C:\Documents and Settings\Grace\Desktop\Anime\SweetMina\Other Stuff\gravitation\new_2002.inc --> ftp.ainoyume.net /public_html/dream new_2002.inc
2007.08.25 21:01 B C:\Documents and Settings\Grace\Desktop\Anime\SweetMina\Other Stuff\gravitation\new_2002.php --> ftp.ainoyume.net /public_html/dream new_2002.php
2007.08.25 21:01 B C:\Documents and Settings\Grace\Desktop\Anime\SweetMina\Other Stuff\gravitation\new_2003.inc --> ftp.ainoyume.net /public_html/dream new_2003.inc
2007.08.25 21:01 B C:\Documents and Settings\Grace\Desktop\Anime\SweetMina\Other Stuff\gravitation\new_2003.php --> ftp.ainoyume.net /public_html/dream new_2003.php
2007.08.25 21:01 B C:\Documents and Settings\Grace\Desktop\Anime\SweetMina\Other Stuff\gravitation\splash.gif --> ftp.ainoyume.net /public_html/dream splash.gif
2007.08.25 21:01 B C:\Documents and Settings\Grace\Desktop\Anime\SweetMina\Other Stuff\gravitation\storeinfo.html --> ftp.ainoyume.net /public_html/dream storeinfo.html
2007.08.25 21:01 B C:\Documents and Settings\Grace\Desktop\Anime\SweetMina\Other Stuff\gravitation\updates.inc --> ftp.ainoyume.net /public_html/dream updates.inc
2007.08.25 21:01 B C:\Documents and Settings\Grace\Desktop\Anime\SweetMina\Other Stuff\gravitation\updates.php --> ftp.ainoyume.net /public_html/dream updates.php
2007.08.25 21:03 B C:\Documents and Settings\Grace\Desktop\Anime\SweetMina\Other Stuff\gravitation\.htaccess --> ftp.ainoyume.net /public_html/dream .htaccess
2007.08.25 21:06 B C:\Documents and Settings\Grace\Desktop\Anime\SweetMina\Other Stuff\gravitation\index.php --> ftp.ainoyume.net /public_html/dream index.php
2007.08.25 21:10 B C:\Documents and Settings\Grace\Desktop\Anime\SweetMina\Other Stuff\gravitation\main2.html --> ftp.ainoyume.net /public_html/dream main2.html
2007.08.25 21:17 B C:\Documents and Settings\Grace\Desktop\Anime\SweetMina\Other Stuff\gravitation\index.php --> ftp.ainoyume.net /public_html/dream index.php
