2007.08.25 20:53 B C:\Documents and Settings\Grace\Desktop\Anime\SweetMina\Other Stuff\gravitation\media\images\54av.jpg --> ftp.ainoyume.net /public_html/dream/media/images 54av.jpg
2007.08.25 20:53 B C:\Documents and Settings\Grace\Desktop\Anime\SweetMina\Other Stuff\gravitation\media\images\54av01.jpg --> ftp.ainoyume.net /public_html/dream/media/images 54av01.jpg
2007.08.25 20:53 B C:\Documents and Settings\Grace\Desktop\Anime\SweetMina\Other Stuff\gravitation\media\images\54av02.jpg --> ftp.ainoyume.net /public_html/dream/media/images 54av02.jpg
2007.08.25 20:53 B C:\Documents and Settings\Grace\Desktop\Anime\SweetMina\Other Stuff\gravitation\media\images\54av03.jpg --> ftp.ainoyume.net /public_html/dream/media/images 54av03.jpg
2007.08.25 20:53 B C:\Documents and Settings\Grace\Desktop\Anime\SweetMina\Other Stuff\gravitation\media\images\54av04.jpg --> ftp.ainoyume.net /public_html/dream/media/images 54av04.jpg
2007.08.25 20:53 B C:\Documents and Settings\Grace\Desktop\Anime\SweetMina\Other Stuff\gravitation\media\images\54av05.jpg --> ftp.ainoyume.net /public_html/dream/media/images 54av05.jpg
2007.08.25 20:53 B C:\Documents and Settings\Grace\Desktop\Anime\SweetMina\Other Stuff\gravitation\media\images\60av.jpg --> ftp.ainoyume.net /public_html/dream/media/images 60av.jpg
2007.08.25 20:53 B C:\Documents and Settings\Grace\Desktop\Anime\SweetMina\Other Stuff\gravitation\media\images\60av0.jpg --> ftp.ainoyume.net /public_html/dream/media/images 60av0.jpg
2007.08.25 20:53 B C:\Documents and Settings\Grace\Desktop\Anime\SweetMina\Other Stuff\gravitation\media\images\60av01.gif --> ftp.ainoyume.net /public_html/dream/media/images 60av01.gif
2007.08.25 20:53 B C:\Documents and Settings\Grace\Desktop\Anime\SweetMina\Other Stuff\gravitation\media\images\60av02.jpg --> ftp.ainoyume.net /public_html/dream/media/images 60av02.jpg
2007.08.25 20:53 B C:\Documents and Settings\Grace\Desktop\Anime\SweetMina\Other Stuff\gravitation\media\images\60av03.jpg --> ftp.ainoyume.net /public_html/dream/media/images 60av03.jpg
2007.08.25 20:53 B C:\Documents and Settings\Grace\Desktop\Anime\SweetMina\Other Stuff\gravitation\media\images\60av04.jpg --> ftp.ainoyume.net /public_html/dream/media/images 60av04.jpg
2007.08.25 20:53 B C:\Documents and Settings\Grace\Desktop\Anime\SweetMina\Other Stuff\gravitation\media\images\62av.gif --> ftp.ainoyume.net /public_html/dream/media/images 62av.gif
2007.08.25 20:53 B C:\Documents and Settings\Grace\Desktop\Anime\SweetMina\Other Stuff\gravitation\media\images\62av.jpg --> ftp.ainoyume.net /public_html/dream/media/images 62av.jpg
2007.08.25 20:53 B C:\Documents and Settings\Grace\Desktop\Anime\SweetMina\Other Stuff\gravitation\media\images\62av03.jpg --> ftp.ainoyume.net /public_html/dream/media/images 62av03.jpg
2007.08.25 20:53 B C:\Documents and Settings\Grace\Desktop\Anime\SweetMina\Other Stuff\gravitation\media\images\62av04.jpg --> ftp.ainoyume.net /public_html/dream/media/images 62av04.jpg
2007.08.25 20:53 B C:\Documents and Settings\Grace\Desktop\Anime\SweetMina\Other Stuff\gravitation\media\images\62av05.jpg --> ftp.ainoyume.net /public_html/dream/media/images 62av05.jpg
2007.08.25 20:53 B C:\Documents and Settings\Grace\Desktop\Anime\SweetMina\Other Stuff\gravitation\media\images\62av06.jpg --> ftp.ainoyume.net /public_html/dream/media/images 62av06.jpg
2007.08.25 20:53 B C:\Documents and Settings\Grace\Desktop\Anime\SweetMina\Other Stuff\gravitation\media\images\64av.jpg --> ftp.ainoyume.net /public_html/dream/media/images 64av.jpg
2007.08.25 20:53 B C:\Documents and Settings\Grace\Desktop\Anime\SweetMina\Other Stuff\gravitation\media\images\64av0.jpg --> ftp.ainoyume.net /public_html/dream/media/images 64av0.jpg
2007.08.25 20:53 B C:\Documents and Settings\Grace\Desktop\Anime\SweetMina\Other Stuff\gravitation\media\images\64av00.jpg --> ftp.ainoyume.net /public_html/dream/media/images 64av00.jpg
2007.08.25 20:53 B C:\Documents and Settings\Grace\Desktop\Anime\SweetMina\Other Stuff\gravitation\media\images\64av05.jpg --> ftp.ainoyume.net /public_html/dream/media/images 64av05.jpg
2007.08.25 20:53 B C:\Documents and Settings\Grace\Desktop\Anime\SweetMina\Other Stuff\gravitation\media\images\64av06.jpg --> ftp.ainoyume.net /public_html/dream/media/images 64av06.jpg
2007.08.25 20:53 B C:\Documents and Settings\Grace\Desktop\Anime\SweetMina\Other Stuff\gravitation\media\images\a.gif --> ftp.ainoyume.net /public_html/dream/media/images a.gif
2007.08.25 20:53 B C:\Documents and Settings\Grace\Desktop\Anime\SweetMina\Other Stuff\gravitation\media\images\aicon00.jpg --> ftp.ainoyume.net /public_html/dream/media/images aicon00.jpg
2007.08.25 20:53 B C:\Documents and Settings\Grace\Desktop\Anime\SweetMina\Other Stuff\gravitation\media\images\aicon01.jpg --> ftp.ainoyume.net /public_html/dream/media/images aicon01.jpg
2007.08.25 20:53 B C:\Documents and Settings\Grace\Desktop\Anime\SweetMina\Other Stuff\gravitation\media\images\aicon02.jpg --> ftp.ainoyume.net /public_html/dream/media/images aicon02.jpg
2007.08.25 20:53 B C:\Documents and Settings\Grace\Desktop\Anime\SweetMina\Other Stuff\gravitation\media\images\aicon03.jpg --> ftp.ainoyume.net /public_html/dream/media/images aicon03.jpg
2007.08.25 20:53 B C:\Documents and Settings\Grace\Desktop\Anime\SweetMina\Other Stuff\gravitation\media\images\aicon04.jpg --> ftp.ainoyume.net /public_html/dream/media/images aicon04.jpg
2007.08.25 20:53 B C:\Documents and Settings\Grace\Desktop\Anime\SweetMina\Other Stuff\gravitation\media\images\aicon05.jpg --> ftp.ainoyume.net /public_html/dream/media/images aicon05.jpg
2007.08.25 20:53 B C:\Documents and Settings\Grace\Desktop\Anime\SweetMina\Other Stuff\gravitation\media\images\aicon06.jpg --> ftp.ainoyume.net /public_html/dream/media/images aicon06.jpg
2007.08.25 20:53 B C:\Documents and Settings\Grace\Desktop\Anime\SweetMina\Other Stuff\gravitation\media\images\aicon07.jpg --> ftp.ainoyume.net /public_html/dream/media/images aicon07.jpg
2007.08.25 20:53 B C:\Documents and Settings\Grace\Desktop\Anime\SweetMina\Other Stuff\gravitation\media\images\aicon08.jpg --> ftp.ainoyume.net /public_html/dream/media/images aicon08.jpg
2007.08.25 20:53 B C:\Documents and Settings\Grace\Desktop\Anime\SweetMina\Other Stuff\gravitation\media\images\aicon09.jpg --> ftp.ainoyume.net /public_html/dream/media/images aicon09.jpg
2007.08.25 20:53 B C:\Documents and Settings\Grace\Desktop\Anime\SweetMina\Other Stuff\gravitation\media\images\aicon10.jpg --> ftp.ainoyume.net /public_html/dream/media/images aicon10.jpg
2007.08.25 20:53 B C:\Documents and Settings\Grace\Desktop\Anime\SweetMina\Other Stuff\gravitation\media\images\aicon11.jpg --> ftp.ainoyume.net /public_html/dream/media/images aicon11.jpg
2007.08.25 20:53 B C:\Documents and Settings\Grace\Desktop\Anime\SweetMina\Other Stuff\gravitation\media\images\aicon12.jpg --> ftp.ainoyume.net /public_html/dream/media/images aicon12.jpg
2007.08.25 20:53 B C:\Documents and Settings\Grace\Desktop\Anime\SweetMina\Other Stuff\gravitation\media\images\aicon13.jpg --> ftp.ainoyume.net /public_html/dream/media/images aicon13.jpg
2007.08.25 20:53 B C:\Documents and Settings\Grace\Desktop\Anime\SweetMina\Other Stuff\gravitation\media\images\aicon14.jpg --> ftp.ainoyume.net /public_html/dream/media/images aicon14.jpg
2007.08.25 20:53 B C:\Documents and Settings\Grace\Desktop\Anime\SweetMina\Other Stuff\gravitation\media\images\aicon15.jpg --> ftp.ainoyume.net /public_html/dream/media/images aicon15.jpg
2007.08.25 20:53 B C:\Documents and Settings\Grace\Desktop\Anime\SweetMina\Other Stuff\gravitation\media\images\aicon16.jpg --> ftp.ainoyume.net /public_html/dream/media/images aicon16.jpg
2007.08.25 20:53 B C:\Documents and Settings\Grace\Desktop\Anime\SweetMina\Other Stuff\gravitation\media\images\aicon17.jpg --> ftp.ainoyume.net /public_html/dream/media/images aicon17.jpg
2007.08.25 20:53 B C:\Documents and Settings\Grace\Desktop\Anime\SweetMina\Other Stuff\gravitation\media\images\aicon18.jpg --> ftp.ainoyume.net /public_html/dream/media/images aicon18.jpg
2007.08.25 20:53 B C:\Documents and Settings\Grace\Desktop\Anime\SweetMina\Other Stuff\gravitation\media\images\aicon19.jpg --> ftp.ainoyume.net /public_html/dream/media/images aicon19.jpg
2007.08.25 20:53 B C:\Documents and Settings\Grace\Desktop\Anime\SweetMina\Other Stuff\gravitation\media\images\aicon20.jpg --> ftp.ainoyume.net /public_html/dream/media/images aicon20.jpg
2007.08.25 20:53 B C:\Documents and Settings\Grace\Desktop\Anime\SweetMina\Other Stuff\gravitation\media\images\aicon21.jpg --> ftp.ainoyume.net /public_html/dream/media/images aicon21.jpg
2007.08.25 20:53 B C:\Documents and Settings\Grace\Desktop\Anime\SweetMina\Other Stuff\gravitation\media\images\aicon22.jpg --> ftp.ainoyume.net /public_html/dream/media/images aicon22.jpg
2007.08.25 20:53 B C:\Documents and Settings\Grace\Desktop\Anime\SweetMina\Other Stuff\gravitation\media\images\aicon23.jpg --> ftp.ainoyume.net /public_html/dream/media/images aicon23.jpg
2007.08.25 20:53 B C:\Documents and Settings\Grace\Desktop\Anime\SweetMina\Other Stuff\gravitation\media\images\aicon24.jpg --> ftp.ainoyume.net /public_html/dream/media/images aicon24.jpg
2007.08.25 20:53 B C:\Documents and Settings\Grace\Desktop\Anime\SweetMina\Other Stuff\gravitation\media\images\aicon25.jpg --> ftp.ainoyume.net /public_html/dream/media/images aicon25.jpg
2007.08.25 20:53 B C:\Documents and Settings\Grace\Desktop\Anime\SweetMina\Other Stuff\gravitation\media\images\aicon26.jpg --> ftp.ainoyume.net /public_html/dream/media/images aicon26.jpg
2007.08.25 20:53 B C:\Documents and Settings\Grace\Desktop\Anime\SweetMina\Other Stuff\gravitation\media\images\aicon27.jpg --> ftp.ainoyume.net /public_html/dream/media/images aicon27.jpg
2007.08.25 20:53 B C:\Documents and Settings\Grace\Desktop\Anime\SweetMina\Other Stuff\gravitation\media\images\aicon28.jpg --> ftp.ainoyume.net /public_html/dream/media/images aicon28.jpg
2007.08.25 20:53 B C:\Documents and Settings\Grace\Desktop\Anime\SweetMina\Other Stuff\gravitation\media\images\aicon29.jpg --> ftp.ainoyume.net /public_html/dream/media/images aicon29.jpg
2007.08.25 20:53 B C:\Documents and Settings\Grace\Desktop\Anime\SweetMina\Other Stuff\gravitation\media\images\aicon30.jpg --> ftp.ainoyume.net /public_html/dream/media/images aicon30.jpg
2007.08.25 20:53 B C:\Documents and Settings\Grace\Desktop\Anime\SweetMina\Other Stuff\gravitation\media\images\aicon31.jpg --> ftp.ainoyume.net /public_html/dream/media/images aicon31.jpg
2007.08.25 20:53 B C:\Documents and Settings\Grace\Desktop\Anime\SweetMina\Other Stuff\gravitation\media\images\aicon32.jpg --> ftp.ainoyume.net /public_html/dream/media/images aicon32.jpg
2007.08.25 20:53 B C:\Documents and Settings\Grace\Desktop\Anime\SweetMina\Other Stuff\gravitation\media\images\aicon33.jpg --> ftp.ainoyume.net /public_html/dream/media/images aicon33.jpg
2007.08.25 20:53 B C:\Documents and Settings\Grace\Desktop\Anime\SweetMina\Other Stuff\gravitation\media\images\aicon34.jpg --> ftp.ainoyume.net /public_html/dream/media/images aicon34.jpg
2007.08.25 20:53 B C:\Documents and Settings\Grace\Desktop\Anime\SweetMina\Other Stuff\gravitation\media\images\aicon35.jpg --> ftp.ainoyume.net /public_html/dream/media/images aicon35.jpg
2007.08.25 20:53 B C:\Documents and Settings\Grace\Desktop\Anime\SweetMina\Other Stuff\gravitation\media\images\aicon36.jpg --> ftp.ainoyume.net /public_html/dream/media/images aicon36.jpg
2007.08.25 20:53 B C:\Documents and Settings\Grace\Desktop\Anime\SweetMina\Other Stuff\gravitation\media\images\aicon37.jpg --> ftp.ainoyume.net /public_html/dream/media/images aicon37.jpg
2007.08.25 20:53 B C:\Documents and Settings\Grace\Desktop\Anime\SweetMina\Other Stuff\gravitation\media\images\aicon38.jpg --> ftp.ainoyume.net /public_html/dream/media/images aicon38.jpg
2007.08.25 20:53 B C:\Documents and Settings\Grace\Desktop\Anime\SweetMina\Other Stuff\gravitation\media\images\avv.gif --> ftp.ainoyume.net /public_html/dream/media/images avv.gif
2007.08.25 20:53 B C:\Documents and Settings\Grace\Desktop\Anime\SweetMina\Other Stuff\gravitation\media\images\b.gif --> ftp.ainoyume.net /public_html/dream/media/images b.gif
2007.08.25 20:53 B C:\Documents and Settings\Grace\Desktop\Anime\SweetMina\Other Stuff\gravitation\media\images\c.gif --> ftp.ainoyume.net /public_html/dream/media/images c.gif
2007.08.25 20:53 B C:\Documents and Settings\Grace\Desktop\Anime\SweetMina\Other Stuff\gravitation\media\images\cosplay0.jpg --> ftp.ainoyume.net /public_html/dream/media/images cosplay0.jpg
2007.08.25 20:53 B C:\Documents and Settings\Grace\Desktop\Anime\SweetMina\Other Stuff\gravitation\media\images\cosplay00.jpg --> ftp.ainoyume.net /public_html/dream/media/images cosplay00.jpg
2007.08.25 20:53 B C:\Documents and Settings\Grace\Desktop\Anime\SweetMina\Other Stuff\gravitation\media\images\cosplay01.jpg --> ftp.ainoyume.net /public_html/dream/media/images cosplay01.jpg
2007.08.25 20:53 B C:\Documents and Settings\Grace\Desktop\Anime\SweetMina\Other Stuff\gravitation\media\images\cosplay02.jpg --> ftp.ainoyume.net /public_html/dream/media/images cosplay02.jpg
2007.08.25 20:53 B C:\Documents and Settings\Grace\Desktop\Anime\SweetMina\Other Stuff\gravitation\media\images\cosplay02_2.jpg --> ftp.ainoyume.net /public_html/dream/media/images cosplay02_2.jpg
2007.08.25 20:53 B C:\Documents and Settings\Grace\Desktop\Anime\SweetMina\Other Stuff\gravitation\media\images\cosplay02_3.jpg --> ftp.ainoyume.net /public_html/dream/media/images cosplay02_3.jpg
2007.08.25 20:53 B C:\Documents and Settings\Grace\Desktop\Anime\SweetMina\Other Stuff\gravitation\media\images\d.gif --> ftp.ainoyume.net /public_html/dream/media/images d.gif
2007.08.25 20:53 B C:\Documents and Settings\Grace\Desktop\Anime\SweetMina\Other Stuff\gravitation\media\images\e.gif --> ftp.ainoyume.net /public_html/dream/media/images e.gif
2007.08.25 20:53 B C:\Documents and Settings\Grace\Desktop\Anime\SweetMina\Other Stuff\gravitation\media\images\f.gif --> ftp.ainoyume.net /public_html/dream/media/images f.gif
2007.08.25 20:53 B C:\Documents and Settings\Grace\Desktop\Anime\SweetMina\Other Stuff\gravitation\media\images\fanartshu01.jpg --> ftp.ainoyume.net /public_html/dream/media/images fanartshu01.jpg
2007.08.25 20:53 B C:\Documents and Settings\Grace\Desktop\Anime\SweetMina\Other Stuff\gravitation\media\images\fanartshu02.jpg --> ftp.ainoyume.net /public_html/dream/media/images fanartshu02.jpg
2007.08.25 20:53 B C:\Documents and Settings\Grace\Desktop\Anime\SweetMina\Other Stuff\gravitation\media\images\fanarttravel.jpg --> ftp.ainoyume.net /public_html/dream/media/images fanarttravel.jpg
2007.08.25 20:53 B C:\Documents and Settings\Grace\Desktop\Anime\SweetMina\Other Stuff\gravitation\media\images\faneiri.jpg --> ftp.ainoyume.net /public_html/dream/media/images faneiri.jpg
2007.08.25 20:53 B C:\Documents and Settings\Grace\Desktop\Anime\SweetMina\Other Stuff\gravitation\media\images\fannoriko.jpg --> ftp.ainoyume.net /public_html/dream/media/images fannoriko.jpg
2007.08.25 20:53 B C:\Documents and Settings\Grace\Desktop\Anime\SweetMina\Other Stuff\gravitation\media\images\fannoriko0.jpg --> ftp.ainoyume.net /public_html/dream/media/images fannoriko0.jpg
2007.08.25 20:53 B C:\Documents and Settings\Grace\Desktop\Anime\SweetMina\Other Stuff\gravitation\media\images\fanryu.gif --> ftp.ainoyume.net /public_html/dream/media/images fanryu.gif
2007.08.25 20:53 B C:\Documents and Settings\Grace\Desktop\Anime\SweetMina\Other Stuff\gravitation\media\images\fanryuichi.jpg --> ftp.ainoyume.net /public_html/dream/media/images fanryuichi.jpg
2007.08.25 20:53 B C:\Documents and Settings\Grace\Desktop\Anime\SweetMina\Other Stuff\gravitation\media\images\fanryuichi0.jpg --> ftp.ainoyume.net /public_html/dream/media/images fanryuichi0.jpg
2007.08.25 20:53 B C:\Documents and Settings\Grace\Desktop\Anime\SweetMina\Other Stuff\gravitation\media\images\fanryuichi01.jpg --> ftp.ainoyume.net /public_html/dream/media/images fanryuichi01.jpg
2007.08.25 20:53 B C:\Documents and Settings\Grace\Desktop\Anime\SweetMina\Other Stuff\gravitation\media\images\fantohma.jpg --> ftp.ainoyume.net /public_html/dream/media/images fantohma.jpg
2007.08.25 20:53 B C:\Documents and Settings\Grace\Desktop\Anime\SweetMina\Other Stuff\gravitation\media\images\fantohryu.jpg --> ftp.ainoyume.net /public_html/dream/media/images fantohryu.jpg
2007.08.25 20:53 B C:\Documents and Settings\Grace\Desktop\Anime\SweetMina\Other Stuff\gravitation\media\images\fanyukishu.JPG --> ftp.ainoyume.net /public_html/dream/media/images fanyukishu.JPG
2007.08.25 20:53 B C:\Documents and Settings\Grace\Desktop\Anime\SweetMina\Other Stuff\gravitation\media\images\fanyukishui.jpg --> ftp.ainoyume.net /public_html/dream/media/images fanyukishui.jpg
2007.08.25 20:53 B C:\Documents and Settings\Grace\Desktop\Anime\SweetMina\Other Stuff\gravitation\media\images\g.gif --> ftp.ainoyume.net /public_html/dream/media/images g.gif
2007.08.25 20:53 B C:\Documents and Settings\Grace\Desktop\Anime\SweetMina\Other Stuff\gravitation\media\images\gravibg.jpg --> ftp.ainoyume.net /public_html/dream/media/images gravibg.jpg
2007.08.25 20:53 B C:\Documents and Settings\Grace\Desktop\Anime\SweetMina\Other Stuff\gravitation\media\images\h.gif --> ftp.ainoyume.net /public_html/dream/media/images h.gif
2007.08.25 20:53 B C:\Documents and Settings\Grace\Desktop\Anime\SweetMina\Other Stuff\gravitation\media\images\Head.gif --> ftp.ainoyume.net /public_html/dream/media/images Head.gif
2007.08.25 20:53 B C:\Documents and Settings\Grace\Desktop\Anime\SweetMina\Other Stuff\gravitation\media\images\hwall1024.jpg --> ftp.ainoyume.net /public_html/dream/media/images hwall1024.jpg
2007.08.25 20:53 B C:\Documents and Settings\Grace\Desktop\Anime\SweetMina\Other Stuff\gravitation\media\images\hwall800.jpg --> ftp.ainoyume.net /public_html/dream/media/images hwall800.jpg
2007.08.25 20:53 B C:\Documents and Settings\Grace\Desktop\Anime\SweetMina\Other Stuff\gravitation\media\images\i.gif --> ftp.ainoyume.net /public_html/dream/media/images i.gif
2007.08.25 20:53 B C:\Documents and Settings\Grace\Desktop\Anime\SweetMina\Other Stuff\gravitation\media\images\j.gif --> ftp.ainoyume.net /public_html/dream/media/images j.gif
2007.08.25 20:53 B C:\Documents and Settings\Grace\Desktop\Anime\SweetMina\Other Stuff\gravitation\media\images\k.gif --> ftp.ainoyume.net /public_html/dream/media/images k.gif
2007.08.25 20:53 B C:\Documents and Settings\Grace\Desktop\Anime\SweetMina\Other Stuff\gravitation\media\images\l.gif --> ftp.ainoyume.net /public_html/dream/media/images l.gif
2007.08.25 20:53 B C:\Documents and Settings\Grace\Desktop\Anime\SweetMina\Other Stuff\gravitation\media\images\m.gif --> ftp.ainoyume.net /public_html/dream/media/images m.gif
2007.08.25 20:53 B C:\Documents and Settings\Grace\Desktop\Anime\SweetMina\Other Stuff\gravitation\media\images\media_1x1_1x1.jpg --> ftp.ainoyume.net /public_html/dream/media/images media_1x1_1x1.jpg
2007.08.25 20:53 B C:\Documents and Settings\Grace\Desktop\Anime\SweetMina\Other Stuff\gravitation\media\images\media_1x1_1x2.jpg --> ftp.ainoyume.net /public_html/dream/media/images media_1x1_1x2.jpg
2007.08.25 20:53 B C:\Documents and Settings\Grace\Desktop\Anime\SweetMina\Other Stuff\gravitation\media\images\media_1x1_1x3.jpg --> ftp.ainoyume.net /public_html/dream/media/images media_1x1_1x3.jpg
2007.08.25 20:53 B C:\Documents and Settings\Grace\Desktop\Anime\SweetMina\Other Stuff\gravitation\media\images\media_1x1_1x4.jpg --> ftp.ainoyume.net /public_html/dream/media/images media_1x1_1x4.jpg
2007.08.25 20:53 B C:\Documents and Settings\Grace\Desktop\Anime\SweetMina\Other Stuff\gravitation\media\images\media_1x1_2x1.jpg --> ftp.ainoyume.net /public_html/dream/media/images media_1x1_2x1.jpg
2007.08.25 20:53 B C:\Documents and Settings\Grace\Desktop\Anime\SweetMina\Other Stuff\gravitation\media\images\media_1x1_2x2.jpg --> ftp.ainoyume.net /public_html/dream/media/images media_1x1_2x2.jpg
2007.08.25 20:53 B C:\Documents and Settings\Grace\Desktop\Anime\SweetMina\Other Stuff\gravitation\media\images\media_1x1_2x3.jpg --> ftp.ainoyume.net /public_html/dream/media/images media_1x1_2x3.jpg
2007.08.25 20:53 B C:\Documents and Settings\Grace\Desktop\Anime\SweetMina\Other Stuff\gravitation\media\images\media_1x1_2x4.jpg --> ftp.ainoyume.net /public_html/dream/media/images media_1x1_2x4.jpg
2007.08.25 20:53 B C:\Documents and Settings\Grace\Desktop\Anime\SweetMina\Other Stuff\gravitation\media\images\media_2x1_1x1.jpg --> ftp.ainoyume.net /public_html/dream/media/images media_2x1_1x1.jpg
2007.08.25 20:53 B C:\Documents and Settings\Grace\Desktop\Anime\SweetMina\Other Stuff\gravitation\media\images\media_2x1_2x1.jpg --> ftp.ainoyume.net /public_html/dream/media/images media_2x1_2x1.jpg
2007.08.25 20:53 B C:\Documents and Settings\Grace\Desktop\Anime\SweetMina\Other Stuff\gravitation\media\images\media_2x1_3x1.jpg --> ftp.ainoyume.net /public_html/dream/media/images media_2x1_3x1.jpg
2007.08.25 20:53 B C:\Documents and Settings\Grace\Desktop\Anime\SweetMina\Other Stuff\gravitation\media\images\media_2x2.jpg --> ftp.ainoyume.net /public_html/dream/media/images media_2x2.jpg
2007.08.25 20:53 B C:\Documents and Settings\Grace\Desktop\Anime\SweetMina\Other Stuff\gravitation\media\images\media_2x3_1x1.jpg --> ftp.ainoyume.net /public_html/dream/media/images media_2x3_1x1.jpg
2007.08.25 20:53 B C:\Documents and Settings\Grace\Desktop\Anime\SweetMina\Other Stuff\gravitation\media\images\media_2x3_1x2.jpg --> ftp.ainoyume.net /public_html/dream/media/images media_2x3_1x2.jpg
2007.08.25 20:53 B C:\Documents and Settings\Grace\Desktop\Anime\SweetMina\Other Stuff\gravitation\media\images\media_2x3_1x3.jpg --> ftp.ainoyume.net /public_html/dream/media/images media_2x3_1x3.jpg
2007.08.25 20:53 B C:\Documents and Settings\Grace\Desktop\Anime\SweetMina\Other Stuff\gravitation\media\images\media_2x3_2x1.jpg --> ftp.ainoyume.net /public_html/dream/media/images media_2x3_2x1.jpg
2007.08.25 20:53 B C:\Documents and Settings\Grace\Desktop\Anime\SweetMina\Other Stuff\gravitation\media\images\media_2x3_2x2.jpg --> ftp.ainoyume.net /public_html/dream/media/images media_2x3_2x2.jpg
2007.08.25 20:53 B C:\Documents and Settings\Grace\Desktop\Anime\SweetMina\Other Stuff\gravitation\media\images\media_2x3_2x3.jpg --> ftp.ainoyume.net /public_html/dream/media/images media_2x3_2x3.jpg
2007.08.25 20:53 B C:\Documents and Settings\Grace\Desktop\Anime\SweetMina\Other Stuff\gravitation\media\images\media_2x3_3x1.jpg --> ftp.ainoyume.net /public_html/dream/media/images media_2x3_3x1.jpg
2007.08.25 20:53 B C:\Documents and Settings\Grace\Desktop\Anime\SweetMina\Other Stuff\gravitation\media\images\media_2x3_3x2.jpg --> ftp.ainoyume.net /public_html/dream/media/images media_2x3_3x2.jpg
2007.08.25 20:53 B C:\Documents and Settings\Grace\Desktop\Anime\SweetMina\Other Stuff\gravitation\media\images\media_2x3_3x3.jpg --> ftp.ainoyume.net /public_html/dream/media/images media_2x3_3x3.jpg
2007.08.25 20:53 B C:\Documents and Settings\Grace\Desktop\Anime\SweetMina\Other Stuff\gravitation\media\images\media_3x1_1x1.jpg --> ftp.ainoyume.net /public_html/dream/media/images media_3x1_1x1.jpg
2007.08.25 20:53 B C:\Documents and Settings\Grace\Desktop\Anime\SweetMina\Other Stuff\gravitation\media\images\media_3x1_1x2.jpg --> ftp.ainoyume.net /public_html/dream/media/images media_3x1_1x2.jpg
2007.08.25 20:53 B C:\Documents and Settings\Grace\Desktop\Anime\SweetMina\Other Stuff\gravitation\media\images\media_3x1_1x3.jpg --> ftp.ainoyume.net /public_html/dream/media/images media_3x1_1x3.jpg
2007.08.25 20:53 B C:\Documents and Settings\Grace\Desktop\Anime\SweetMina\Other Stuff\gravitation\media\images\media_3x1_1x4.jpg --> ftp.ainoyume.net /public_html/dream/media/images media_3x1_1x4.jpg
2007.08.25 20:53 B C:\Documents and Settings\Grace\Desktop\Anime\SweetMina\Other Stuff\gravitation\media\images\media_3x1_2x1.jpg --> ftp.ainoyume.net /public_html/dream/media/images media_3x1_2x1.jpg
2007.08.25 20:53 B C:\Documents and Settings\Grace\Desktop\Anime\SweetMina\Other Stuff\gravitation\media\images\media_3x1_2x2.jpg --> ftp.ainoyume.net /public_html/dream/media/images media_3x1_2x2.jpg
2007.08.25 20:53 B C:\Documents and Settings\Grace\Desktop\Anime\SweetMina\Other Stuff\gravitation\media\images\media_3x1_2x3.jpg --> ftp.ainoyume.net /public_html/dream/media/images media_3x1_2x3.jpg
2007.08.25 20:53 B C:\Documents and Settings\Grace\Desktop\Anime\SweetMina\Other Stuff\gravitation\media\images\media_3x1_2x4.jpg --> ftp.ainoyume.net /public_html/dream/media/images media_3x1_2x4.jpg
2007.08.25 20:53 B C:\Documents and Settings\Grace\Desktop\Anime\SweetMina\Other Stuff\gravitation\media\images\memayaka.jpg --> ftp.ainoyume.net /public_html/dream/media/images memayaka.jpg
2007.08.25 20:53 B C:\Documents and Settings\Grace\Desktop\Anime\SweetMina\Other Stuff\gravitation\media\images\memhiro.jpg --> ftp.ainoyume.net /public_html/dream/media/images memhiro.jpg
2007.08.25 20:53 B C:\Documents and Settings\Grace\Desktop\Anime\SweetMina\Other Stuff\gravitation\media\images\memk.jpg --> ftp.ainoyume.net /public_html/dream/media/images memk.jpg
2007.08.25 20:53 B C:\Documents and Settings\Grace\Desktop\Anime\SweetMina\Other Stuff\gravitation\media\images\memmika.jpg --> ftp.ainoyume.net /public_html/dream/media/images memmika.jpg
2007.08.25 20:53 B C:\Documents and Settings\Grace\Desktop\Anime\SweetMina\Other Stuff\gravitation\media\images\memnoriko.jpg --> ftp.ainoyume.net /public_html/dream/media/images memnoriko.jpg
2007.08.25 20:53 B C:\Documents and Settings\Grace\Desktop\Anime\SweetMina\Other Stuff\gravitation\media\images\memryu.jpg --> ftp.ainoyume.net /public_html/dream/media/images memryu.jpg
2007.08.25 20:53 B C:\Documents and Settings\Grace\Desktop\Anime\SweetMina\Other Stuff\gravitation\media\images\memsakano.jpg --> ftp.ainoyume.net /public_html/dream/media/images memsakano.jpg
2007.08.25 20:53 B C:\Documents and Settings\Grace\Desktop\Anime\SweetMina\Other Stuff\gravitation\media\images\memshu.jpg --> ftp.ainoyume.net /public_html/dream/media/images memshu.jpg
2007.08.25 20:53 B C:\Documents and Settings\Grace\Desktop\Anime\SweetMina\Other Stuff\gravitation\media\images\memsuguru.jpg --> ftp.ainoyume.net /public_html/dream/media/images memsuguru.jpg
2007.08.25 20:54 B C:\Documents and Settings\Grace\Desktop\Anime\SweetMina\Other Stuff\gravitation\media\images\memtachi.jpg --> ftp.ainoyume.net /public_html/dream/media/images memtachi.jpg
2007.08.25 20:54 B C:\Documents and Settings\Grace\Desktop\Anime\SweetMina\Other Stuff\gravitation\media\images\memtohma.jpg --> ftp.ainoyume.net /public_html/dream/media/images memtohma.jpg
2007.08.25 20:54 B C:\Documents and Settings\Grace\Desktop\Anime\SweetMina\Other Stuff\gravitation\media\images\memyuki.jpg --> ftp.ainoyume.net /public_html/dream/media/images memyuki.jpg
2007.08.25 20:54 B C:\Documents and Settings\Grace\Desktop\Anime\SweetMina\Other Stuff\gravitation\media\images\minicosplay0.jpg --> ftp.ainoyume.net /public_html/dream/media/images minicosplay0.jpg
2007.08.25 20:54 B C:\Documents and Settings\Grace\Desktop\Anime\SweetMina\Other Stuff\gravitation\media\images\minicosplay00.jpg --> ftp.ainoyume.net /public_html/dream/media/images minicosplay00.jpg
2007.08.25 20:54 B C:\Documents and Settings\Grace\Desktop\Anime\SweetMina\Other Stuff\gravitation\media\images\minicosplay01.jpg --> ftp.ainoyume.net /public_html/dream/media/images minicosplay01.jpg
2007.08.25 20:54 B C:\Documents and Settings\Grace\Desktop\Anime\SweetMina\Other Stuff\gravitation\media\images\minicosplay02.jpg --> ftp.ainoyume.net /public_html/dream/media/images minicosplay02.jpg
2007.08.25 20:54 B C:\Documents and Settings\Grace\Desktop\Anime\SweetMina\Other Stuff\gravitation\media\images\minicosplay02_2.jpg --> ftp.ainoyume.net /public_html/dream/media/images minicosplay02_2.jpg
2007.08.25 20:54 B C:\Documents and Settings\Grace\Desktop\Anime\SweetMina\Other Stuff\gravitation\media\images\minicosplay02_3.jpg --> ftp.ainoyume.net /public_html/dream/media/images minicosplay02_3.jpg
2007.08.25 20:54 B C:\Documents and Settings\Grace\Desktop\Anime\SweetMina\Other Stuff\gravitation\media\images\minifanartshu01.jpg --> ftp.ainoyume.net /public_html/dream/media/images minifanartshu01.jpg
2007.08.25 20:54 B C:\Documents and Settings\Grace\Desktop\Anime\SweetMina\Other Stuff\gravitation\media\images\minifanartshu02.jpg --> ftp.ainoyume.net /public_html/dream/media/images minifanartshu02.jpg
2007.08.25 20:54 B C:\Documents and Settings\Grace\Desktop\Anime\SweetMina\Other Stuff\gravitation\media\images\minifanarttravel.jpg --> ftp.ainoyume.net /public_html/dream/media/images minifanarttravel.jpg
2007.08.25 20:54 B C:\Documents and Settings\Grace\Desktop\Anime\SweetMina\Other Stuff\gravitation\media\images\minifaneiri.jpg --> ftp.ainoyume.net /public_html/dream/media/images minifaneiri.jpg
2007.08.25 20:54 B C:\Documents and Settings\Grace\Desktop\Anime\SweetMina\Other Stuff\gravitation\media\images\minifannoriko.jpg --> ftp.ainoyume.net /public_html/dream/media/images minifannoriko.jpg
2007.08.25 20:54 B C:\Documents and Settings\Grace\Desktop\Anime\SweetMina\Other Stuff\gravitation\media\images\minifannoriko0.jpg --> ftp.ainoyume.net /public_html/dream/media/images minifannoriko0.jpg
2007.08.25 20:54 B C:\Documents and Settings\Grace\Desktop\Anime\SweetMina\Other Stuff\gravitation\media\images\minifanryuichi.jpg --> ftp.ainoyume.net /public_html/dream/media/images minifanryuichi.jpg
2007.08.25 20:54 B C:\Documents and Settings\Grace\Desktop\Anime\SweetMina\Other Stuff\gravitation\media\images\minifanryuichi0.jpg --> ftp.ainoyume.net /public_html/dream/media/images minifanryuichi0.jpg
2007.08.25 20:54 B C:\Documents and Settings\Grace\Desktop\Anime\SweetMina\Other Stuff\gravitation\media\images\minifanryuichi01.jpg --> ftp.ainoyume.net /public_html/dream/media/images minifanryuichi01.jpg
2007.08.25 20:54 B C:\Documents and Settings\Grace\Desktop\Anime\SweetMina\Other Stuff\gravitation\media\images\minifantohma.jpg --> ftp.ainoyume.net /public_html/dream/media/images minifantohma.jpg
2007.08.25 20:54 B C:\Documents and Settings\Grace\Desktop\Anime\SweetMina\Other Stuff\gravitation\media\images\minifantohryu.jpg --> ftp.ainoyume.net /public_html/dream/media/images minifantohryu.jpg
2007.08.25 20:54 B C:\Documents and Settings\Grace\Desktop\Anime\SweetMina\Other Stuff\gravitation\media\images\minifanyukishui.jpg --> ftp.ainoyume.net /public_html/dream/media/images minifanyukishui.jpg
2007.08.25 20:54 B C:\Documents and Settings\Grace\Desktop\Anime\SweetMina\Other Stuff\gravitation\media\images\minihwall800.jpg --> ftp.ainoyume.net /public_html/dream/media/images minihwall800.jpg
2007.08.25 20:54 B C:\Documents and Settings\Grace\Desktop\Anime\SweetMina\Other Stuff\gravitation\media\images\miniswall800.jpg --> ftp.ainoyume.net /public_html/dream/media/images miniswall800.jpg
2007.08.25 20:54 B C:\Documents and Settings\Grace\Desktop\Anime\SweetMina\Other Stuff\gravitation\media\images\miniwall.jpg --> ftp.ainoyume.net /public_html/dream/media/images miniwall.jpg
2007.08.25 20:54 B C:\Documents and Settings\Grace\Desktop\Anime\SweetMina\Other Stuff\gravitation\media\images\miniwallg.jpg --> ftp.ainoyume.net /public_html/dream/media/images miniwallg.jpg
2007.08.25 20:54 B C:\Documents and Settings\Grace\Desktop\Anime\SweetMina\Other Stuff\gravitation\media\images\miniwallr.jpg --> ftp.ainoyume.net /public_html/dream/media/images miniwallr.jpg
2007.08.25 20:54 B C:\Documents and Settings\Grace\Desktop\Anime\SweetMina\Other Stuff\gravitation\media\images\miniywall800.jpg --> ftp.ainoyume.net /public_html/dream/media/images miniywall800.jpg
2007.08.25 20:54 B C:\Documents and Settings\Grace\Desktop\Anime\SweetMina\Other Stuff\gravitation\media\images\n.gif --> ftp.ainoyume.net /public_html/dream/media/images n.gif
2007.08.25 20:54 B C:\Documents and Settings\Grace\Desktop\Anime\SweetMina\Other Stuff\gravitation\media\images\o.gif --> ftp.ainoyume.net /public_html/dream/media/images o.gif
2007.08.25 20:54 B C:\Documents and Settings\Grace\Desktop\Anime\SweetMina\Other Stuff\gravitation\media\images\p.gif --> ftp.ainoyume.net /public_html/dream/media/images p.gif
2007.08.25 20:54 B C:\Documents and Settings\Grace\Desktop\Anime\SweetMina\Other Stuff\gravitation\media\images\pollbar.jpg --> ftp.ainoyume.net /public_html/dream/media/images pollbar.jpg
2007.08.25 20:54 B C:\Documents and Settings\Grace\Desktop\Anime\SweetMina\Other Stuff\gravitation\media\images\q.gif --> ftp.ainoyume.net /public_html/dream/media/images q.gif
2007.08.25 20:54 B C:\Documents and Settings\Grace\Desktop\Anime\SweetMina\Other Stuff\gravitation\media\images\r.gif --> ftp.ainoyume.net /public_html/dream/media/images r.gif
2007.08.25 20:54 B C:\Documents and Settings\Grace\Desktop\Anime\SweetMina\Other Stuff\gravitation\media\images\s.gif --> ftp.ainoyume.net /public_html/dream/media/images s.gif
2007.08.25 20:54 B C:\Documents and Settings\Grace\Desktop\Anime\SweetMina\Other Stuff\gravitation\media\images\skinRyu.jpg --> ftp.ainoyume.net /public_html/dream/media/images skinRyu.jpg
2007.08.25 20:54 B C:\Documents and Settings\Grace\Desktop\Anime\SweetMina\Other Stuff\gravitation\media\images\skinsy.jpg --> ftp.ainoyume.net /public_html/dream/media/images skinsy.jpg
2007.08.25 20:54 B C:\Documents and Settings\Grace\Desktop\Anime\SweetMina\Other Stuff\gravitation\media\images\skinsy2.jpg --> ftp.ainoyume.net /public_html/dream/media/images skinsy2.jpg
2007.08.25 20:54 B C:\Documents and Settings\Grace\Desktop\Anime\SweetMina\Other Stuff\gravitation\media\images\swall1024.jpg --> ftp.ainoyume.net /public_html/dream/media/images swall1024.jpg
2007.08.25 20:54 B C:\Documents and Settings\Grace\Desktop\Anime\SweetMina\Other Stuff\gravitation\media\images\swall800.jpg --> ftp.ainoyume.net /public_html/dream/media/images swall800.jpg
2007.08.25 20:54 B C:\Documents and Settings\Grace\Desktop\Anime\SweetMina\Other Stuff\gravitation\media\images\t.gif --> ftp.ainoyume.net /public_html/dream/media/images t.gif
2007.08.25 20:54 B C:\Documents and Settings\Grace\Desktop\Anime\SweetMina\Other Stuff\gravitation\media\images\u.gif --> ftp.ainoyume.net /public_html/dream/media/images u.gif
2007.08.25 20:54 B C:\Documents and Settings\Grace\Desktop\Anime\SweetMina\Other Stuff\gravitation\media\images\v.gif --> ftp.ainoyume.net /public_html/dream/media/images v.gif
2007.08.25 20:54 B C:\Documents and Settings\Grace\Desktop\Anime\SweetMina\Other Stuff\gravitation\media\images\w.gif --> ftp.ainoyume.net /public_html/dream/media/images w.gif
2007.08.25 20:54 B C:\Documents and Settings\Grace\Desktop\Anime\SweetMina\Other Stuff\gravitation\media\images\wall.jpg --> ftp.ainoyume.net /public_html/dream/media/images wall.jpg
2007.08.25 20:54 B C:\Documents and Settings\Grace\Desktop\Anime\SweetMina\Other Stuff\gravitation\media\images\wallg.jpg --> ftp.ainoyume.net /public_html/dream/media/images wallg.jpg
2007.08.25 20:54 B C:\Documents and Settings\Grace\Desktop\Anime\SweetMina\Other Stuff\gravitation\media\images\wallg800.jpg --> ftp.ainoyume.net /public_html/dream/media/images wallg800.jpg
2007.08.25 20:54 B C:\Documents and Settings\Grace\Desktop\Anime\SweetMina\Other Stuff\gravitation\media\images\wallr1024.jpg --> ftp.ainoyume.net /public_html/dream/media/images wallr1024.jpg
2007.08.25 20:54 B C:\Documents and Settings\Grace\Desktop\Anime\SweetMina\Other Stuff\gravitation\media\images\wallrbig.jpg --> ftp.ainoyume.net /public_html/dream/media/images wallrbig.jpg
2007.08.25 20:54 B C:\Documents and Settings\Grace\Desktop\Anime\SweetMina\Other Stuff\gravitation\media\images\wallrsmall.jpg --> ftp.ainoyume.net /public_html/dream/media/images wallrsmall.jpg
2007.08.25 20:54 B C:\Documents and Settings\Grace\Desktop\Anime\SweetMina\Other Stuff\gravitation\media\images\whitebg.gif --> ftp.ainoyume.net /public_html/dream/media/images whitebg.gif
2007.08.25 20:54 B C:\Documents and Settings\Grace\Desktop\Anime\SweetMina\Other Stuff\gravitation\media\images\whitebg.jpg --> ftp.ainoyume.net /public_html/dream/media/images whitebg.jpg
2007.08.25 20:54 B C:\Documents and Settings\Grace\Desktop\Anime\SweetMina\Other Stuff\gravitation\media\images\whitebg2.gif --> ftp.ainoyume.net /public_html/dream/media/images whitebg2.gif
2007.08.25 20:54 B C:\Documents and Settings\Grace\Desktop\Anime\SweetMina\Other Stuff\gravitation\media\images\x.gif --> ftp.ainoyume.net /public_html/dream/media/images x.gif
2007.08.25 20:54 B C:\Documents and Settings\Grace\Desktop\Anime\SweetMina\Other Stuff\gravitation\media\images\XHead.gif --> ftp.ainoyume.net /public_html/dream/media/images XHead.gif
2007.08.25 20:54 B C:\Documents and Settings\Grace\Desktop\Anime\SweetMina\Other Stuff\gravitation\media\images\y.gif --> ftp.ainoyume.net /public_html/dream/media/images y.gif
2007.08.25 20:54 B C:\Documents and Settings\Grace\Desktop\Anime\SweetMina\Other Stuff\gravitation\media\images\ywall1024.jpg --> ftp.ainoyume.net /public_html/dream/media/images ywall1024.jpg
2007.08.25 20:54 B C:\Documents and Settings\Grace\Desktop\Anime\SweetMina\Other Stuff\gravitation\media\images\ywall800.jpg --> ftp.ainoyume.net /public_html/dream/media/images ywall800.jpg
2007.08.25 20:54 B C:\Documents and Settings\Grace\Desktop\Anime\SweetMina\Other Stuff\gravitation\media\images\z.gif --> ftp.ainoyume.net /public_html/dream/media/images z.gif
2007.08.25 21:23 B C:\Documents and Settings\Grace\Desktop\Anime\SweetMina\Other Stuff\gravitation\media\images\Head.gif --> ftp.ainoyume.net /public_html/dream/media Head.gif
