2007.08.25 20:49 B C:\Documents and Settings\Grace\Desktop\Anime\SweetMina\Other Stuff\gravitation\info\images\0c_1x1.jpg --> ftp.ainoyume.net /public_html/dream/info/images 0c_1x1.jpg
2007.08.25 20:49 B C:\Documents and Settings\Grace\Desktop\Anime\SweetMina\Other Stuff\gravitation\info\images\0c_1x1ask.jpg --> ftp.ainoyume.net /public_html/dream/info/images 0c_1x1ask.jpg
2007.08.25 20:49 B C:\Documents and Settings\Grace\Desktop\Anime\SweetMina\Other Stuff\gravitation\info\images\0c_1x1ayaka.jpg --> ftp.ainoyume.net /public_html/dream/info/images 0c_1x1ayaka.jpg
2007.08.25 20:49 B C:\Documents and Settings\Grace\Desktop\Anime\SweetMina\Other Stuff\gravitation\info\images\0c_1x1hiro.jpg --> ftp.ainoyume.net /public_html/dream/info/images 0c_1x1hiro.jpg
2007.08.25 20:49 B C:\Documents and Settings\Grace\Desktop\Anime\SweetMina\Other Stuff\gravitation\info\images\0c_1x1k.jpg --> ftp.ainoyume.net /public_html/dream/info/images 0c_1x1k.jpg
2007.08.25 20:49 B C:\Documents and Settings\Grace\Desktop\Anime\SweetMina\Other Stuff\gravitation\info\images\0c_1x1mika.jpg --> ftp.ainoyume.net /public_html/dream/info/images 0c_1x1mika.jpg
2007.08.25 20:49 B C:\Documents and Settings\Grace\Desktop\Anime\SweetMina\Other Stuff\gravitation\info\images\0c_1x1minors.jpg --> ftp.ainoyume.net /public_html/dream/info/images 0c_1x1minors.jpg
2007.08.25 20:49 B C:\Documents and Settings\Grace\Desktop\Anime\SweetMina\Other Stuff\gravitation\info\images\0c_1x1noriko.jpg --> ftp.ainoyume.net /public_html/dream/info/images 0c_1x1noriko.jpg
2007.08.25 20:49 B C:\Documents and Settings\Grace\Desktop\Anime\SweetMina\Other Stuff\gravitation\info\images\0c_1x1ryui.jpg --> ftp.ainoyume.net /public_html/dream/info/images 0c_1x1ryui.jpg
2007.08.25 20:49 B C:\Documents and Settings\Grace\Desktop\Anime\SweetMina\Other Stuff\gravitation\info\images\0c_1x1sakano.jpg --> ftp.ainoyume.net /public_html/dream/info/images 0c_1x1sakano.jpg
2007.08.25 20:49 B C:\Documents and Settings\Grace\Desktop\Anime\SweetMina\Other Stuff\gravitation\info\images\0c_1x1shui.jpg --> ftp.ainoyume.net /public_html/dream/info/images 0c_1x1shui.jpg
2007.08.25 20:49 B C:\Documents and Settings\Grace\Desktop\Anime\SweetMina\Other Stuff\gravitation\info\images\0c_1x1suguru.jpg --> ftp.ainoyume.net /public_html/dream/info/images 0c_1x1suguru.jpg
2007.08.25 20:49 B C:\Documents and Settings\Grace\Desktop\Anime\SweetMina\Other Stuff\gravitation\info\images\0c_1x1tatsuha.jpg --> ftp.ainoyume.net /public_html/dream/info/images 0c_1x1tatsuha.jpg
2007.08.25 20:49 B C:\Documents and Settings\Grace\Desktop\Anime\SweetMina\Other Stuff\gravitation\info\images\0c_1x1tohma.jpg --> ftp.ainoyume.net /public_html/dream/info/images 0c_1x1tohma.jpg
2007.08.25 20:49 B C:\Documents and Settings\Grace\Desktop\Anime\SweetMina\Other Stuff\gravitation\info\images\0c_1x1yuki.jpg --> ftp.ainoyume.net /public_html/dream/info/images 0c_1x1yuki.jpg
2007.08.25 20:49 B C:\Documents and Settings\Grace\Desktop\Anime\SweetMina\Other Stuff\gravitation\info\images\0c_1x2.jpg --> ftp.ainoyume.net /public_html/dream/info/images 0c_1x2.jpg
2007.08.25 20:49 B C:\Documents and Settings\Grace\Desktop\Anime\SweetMina\Other Stuff\gravitation\info\images\0c_1x4.jpg --> ftp.ainoyume.net /public_html/dream/info/images 0c_1x4.jpg
2007.08.25 20:49 B C:\Documents and Settings\Grace\Desktop\Anime\SweetMina\Other Stuff\gravitation\info\images\0c_2x1.jpg --> ftp.ainoyume.net /public_html/dream/info/images 0c_2x1.jpg
2007.08.25 20:49 B C:\Documents and Settings\Grace\Desktop\Anime\SweetMina\Other Stuff\gravitation\info\images\0c_3x1.jpg --> ftp.ainoyume.net /public_html/dream/info/images 0c_3x1.jpg
2007.08.25 20:49 B C:\Documents and Settings\Grace\Desktop\Anime\SweetMina\Other Stuff\gravitation\info\images\0c_3x2.jpg --> ftp.ainoyume.net /public_html/dream/info/images 0c_3x2.jpg
2007.08.25 20:49 B C:\Documents and Settings\Grace\Desktop\Anime\SweetMina\Other Stuff\gravitation\info\images\0c_3x2ask.jpg --> ftp.ainoyume.net /public_html/dream/info/images 0c_3x2ask.jpg
2007.08.25 20:49 B C:\Documents and Settings\Grace\Desktop\Anime\SweetMina\Other Stuff\gravitation\info\images\0c_3x2ayaka.jpg --> ftp.ainoyume.net /public_html/dream/info/images 0c_3x2ayaka.jpg
2007.08.25 20:49 B C:\Documents and Settings\Grace\Desktop\Anime\SweetMina\Other Stuff\gravitation\info\images\0c_3x2hiro.jpg --> ftp.ainoyume.net /public_html/dream/info/images 0c_3x2hiro.jpg
2007.08.25 20:49 B C:\Documents and Settings\Grace\Desktop\Anime\SweetMina\Other Stuff\gravitation\info\images\0c_3x2k.jpg --> ftp.ainoyume.net /public_html/dream/info/images 0c_3x2k.jpg
2007.08.25 20:49 B C:\Documents and Settings\Grace\Desktop\Anime\SweetMina\Other Stuff\gravitation\info\images\0c_3x2mika.jpg --> ftp.ainoyume.net /public_html/dream/info/images 0c_3x2mika.jpg
2007.08.25 20:49 B C:\Documents and Settings\Grace\Desktop\Anime\SweetMina\Other Stuff\gravitation\info\images\0c_3x2minors.jpg --> ftp.ainoyume.net /public_html/dream/info/images 0c_3x2minors.jpg
2007.08.25 20:49 B C:\Documents and Settings\Grace\Desktop\Anime\SweetMina\Other Stuff\gravitation\info\images\0c_3x2noriko.jpg --> ftp.ainoyume.net /public_html/dream/info/images 0c_3x2noriko.jpg
2007.08.25 20:49 B C:\Documents and Settings\Grace\Desktop\Anime\SweetMina\Other Stuff\gravitation\info\images\0c_3x2ryui.jpg --> ftp.ainoyume.net /public_html/dream/info/images 0c_3x2ryui.jpg
2007.08.25 20:49 B C:\Documents and Settings\Grace\Desktop\Anime\SweetMina\Other Stuff\gravitation\info\images\0c_3x2sakano.jpg --> ftp.ainoyume.net /public_html/dream/info/images 0c_3x2sakano.jpg
2007.08.25 20:49 B C:\Documents and Settings\Grace\Desktop\Anime\SweetMina\Other Stuff\gravitation\info\images\0c_3x2shui.jpg --> ftp.ainoyume.net /public_html/dream/info/images 0c_3x2shui.jpg
2007.08.25 20:49 B C:\Documents and Settings\Grace\Desktop\Anime\SweetMina\Other Stuff\gravitation\info\images\0c_3x2suguru.jpg --> ftp.ainoyume.net /public_html/dream/info/images 0c_3x2suguru.jpg
2007.08.25 20:49 B C:\Documents and Settings\Grace\Desktop\Anime\SweetMina\Other Stuff\gravitation\info\images\0c_3x2tatsuha.jpg --> ftp.ainoyume.net /public_html/dream/info/images 0c_3x2tatsuha.jpg
2007.08.25 20:49 B C:\Documents and Settings\Grace\Desktop\Anime\SweetMina\Other Stuff\gravitation\info\images\0c_3x2tohma.jpg --> ftp.ainoyume.net /public_html/dream/info/images 0c_3x2tohma.jpg
2007.08.25 20:49 B C:\Documents and Settings\Grace\Desktop\Anime\SweetMina\Other Stuff\gravitation\info\images\0c_3x2yuki.jpg --> ftp.ainoyume.net /public_html/dream/info/images 0c_3x2yuki.jpg
2007.08.25 20:49 B C:\Documents and Settings\Grace\Desktop\Anime\SweetMina\Other Stuff\gravitation\info\images\0c_4x1.jpg --> ftp.ainoyume.net /public_html/dream/info/images 0c_4x1.jpg
2007.08.25 20:49 B C:\Documents and Settings\Grace\Desktop\Anime\SweetMina\Other Stuff\gravitation\info\images\0c_4x2.jpg --> ftp.ainoyume.net /public_html/dream/info/images 0c_4x2.jpg
2007.08.25 20:49 B C:\Documents and Settings\Grace\Desktop\Anime\SweetMina\Other Stuff\gravitation\info\images\0c_5x1.jpg --> ftp.ainoyume.net /public_html/dream/info/images 0c_5x1.jpg
2007.08.25 20:49 B C:\Documents and Settings\Grace\Desktop\Anime\SweetMina\Other Stuff\gravitation\info\images\0c_5x2.jpg --> ftp.ainoyume.net /public_html/dream/info/images 0c_5x2.jpg
2007.08.25 20:49 B C:\Documents and Settings\Grace\Desktop\Anime\SweetMina\Other Stuff\gravitation\info\images\0c_5x3.jpg --> ftp.ainoyume.net /public_html/dream/info/images 0c_5x3.jpg
2007.08.25 20:49 B C:\Documents and Settings\Grace\Desktop\Anime\SweetMina\Other Stuff\gravitation\info\images\0c_6x1.jpg --> ftp.ainoyume.net /public_html/dream/info/images 0c_6x1.jpg
2007.08.25 20:49 B C:\Documents and Settings\Grace\Desktop\Anime\SweetMina\Other Stuff\gravitation\info\images\0c_6x2.jpg --> ftp.ainoyume.net /public_html/dream/info/images 0c_6x2.jpg
2007.08.25 20:49 B C:\Documents and Settings\Grace\Desktop\Anime\SweetMina\Other Stuff\gravitation\info\images\0c_6x3.jpg --> ftp.ainoyume.net /public_html/dream/info/images 0c_6x3.jpg
2007.08.25 20:49 B C:\Documents and Settings\Grace\Desktop\Anime\SweetMina\Other Stuff\gravitation\info\images\0c_7x1.jpg --> ftp.ainoyume.net /public_html/dream/info/images 0c_7x1.jpg
2007.08.25 20:49 B C:\Documents and Settings\Grace\Desktop\Anime\SweetMina\Other Stuff\gravitation\info\images\0c_7x2.jpg --> ftp.ainoyume.net /public_html/dream/info/images 0c_7x2.jpg
2007.08.25 20:49 B C:\Documents and Settings\Grace\Desktop\Anime\SweetMina\Other Stuff\gravitation\info\images\0c_7x3.jpg --> ftp.ainoyume.net /public_html/dream/info/images 0c_7x3.jpg
2007.08.25 20:49 B C:\Documents and Settings\Grace\Desktop\Anime\SweetMina\Other Stuff\gravitation\info\images\0c_8x1.jpg --> ftp.ainoyume.net /public_html/dream/info/images 0c_8x1.jpg
2007.08.25 20:49 B C:\Documents and Settings\Grace\Desktop\Anime\SweetMina\Other Stuff\gravitation\info\images\0c_8x2.jpg --> ftp.ainoyume.net /public_html/dream/info/images 0c_8x2.jpg
2007.08.25 20:49 B C:\Documents and Settings\Grace\Desktop\Anime\SweetMina\Other Stuff\gravitation\info\images\0c_8x3.jpg --> ftp.ainoyume.net /public_html/dream/info/images 0c_8x3.jpg
2007.08.25 20:49 B C:\Documents and Settings\Grace\Desktop\Anime\SweetMina\Other Stuff\gravitation\info\images\0c_8x4.jpg --> ftp.ainoyume.net /public_html/dream/info/images 0c_8x4.jpg
2007.08.25 20:49 B C:\Documents and Settings\Grace\Desktop\Anime\SweetMina\Other Stuff\gravitation\info\images\0c_9x1.jpg --> ftp.ainoyume.net /public_html/dream/info/images 0c_9x1.jpg
2007.08.25 20:49 B C:\Documents and Settings\Grace\Desktop\Anime\SweetMina\Other Stuff\gravitation\info\images\0c_9x3.jpg --> ftp.ainoyume.net /public_html/dream/info/images 0c_9x3.jpg
2007.08.25 20:49 B C:\Documents and Settings\Grace\Desktop\Anime\SweetMina\Other Stuff\gravitation\info\images\0dvd1.jpg --> ftp.ainoyume.net /public_html/dream/info/images 0dvd1.jpg
2007.08.25 20:49 B C:\Documents and Settings\Grace\Desktop\Anime\SweetMina\Other Stuff\gravitation\info\images\0dvd2.jpg --> ftp.ainoyume.net /public_html/dream/info/images 0dvd2.jpg
2007.08.25 20:49 B C:\Documents and Settings\Grace\Desktop\Anime\SweetMina\Other Stuff\gravitation\info\images\0dvd3.jpg --> ftp.ainoyume.net /public_html/dream/info/images 0dvd3.jpg
2007.08.25 20:49 B C:\Documents and Settings\Grace\Desktop\Anime\SweetMina\Other Stuff\gravitation\info\images\0dvd4.jpg --> ftp.ainoyume.net /public_html/dream/info/images 0dvd4.jpg
2007.08.25 20:49 B C:\Documents and Settings\Grace\Desktop\Anime\SweetMina\Other Stuff\gravitation\info\images\0e.jpg --> ftp.ainoyume.net /public_html/dream/info/images 0e.jpg
2007.08.25 20:49 B C:\Documents and Settings\Grace\Desktop\Anime\SweetMina\Other Stuff\gravitation\info\images\0e_1x1.jpg --> ftp.ainoyume.net /public_html/dream/info/images 0e_1x1.jpg
2007.08.25 20:49 B C:\Documents and Settings\Grace\Desktop\Anime\SweetMina\Other Stuff\gravitation\info\images\0e_1x2.jpg --> ftp.ainoyume.net /public_html/dream/info/images 0e_1x2.jpg
2007.08.25 20:49 B C:\Documents and Settings\Grace\Desktop\Anime\SweetMina\Other Stuff\gravitation\info\images\0e_1x3.jpg --> ftp.ainoyume.net /public_html/dream/info/images 0e_1x3.jpg
2007.08.25 20:49 B C:\Documents and Settings\Grace\Desktop\Anime\SweetMina\Other Stuff\gravitation\info\images\0e_1x4.jpg --> ftp.ainoyume.net /public_html/dream/info/images 0e_1x4.jpg
2007.08.25 20:49 B C:\Documents and Settings\Grace\Desktop\Anime\SweetMina\Other Stuff\gravitation\info\images\0e_1x5.jpg --> ftp.ainoyume.net /public_html/dream/info/images 0e_1x5.jpg
2007.08.25 20:49 B C:\Documents and Settings\Grace\Desktop\Anime\SweetMina\Other Stuff\gravitation\info\images\0e_2x1.jpg --> ftp.ainoyume.net /public_html/dream/info/images 0e_2x1.jpg
2007.08.25 20:49 B C:\Documents and Settings\Grace\Desktop\Anime\SweetMina\Other Stuff\gravitation\info\images\0e_2x2.jpg --> ftp.ainoyume.net /public_html/dream/info/images 0e_2x2.jpg
2007.08.25 20:49 B C:\Documents and Settings\Grace\Desktop\Anime\SweetMina\Other Stuff\gravitation\info\images\0e_2x3.jpg --> ftp.ainoyume.net /public_html/dream/info/images 0e_2x3.jpg
2007.08.25 20:49 B C:\Documents and Settings\Grace\Desktop\Anime\SweetMina\Other Stuff\gravitation\info\images\0e_2x4.jpg --> ftp.ainoyume.net /public_html/dream/info/images 0e_2x4.jpg
2007.08.25 20:49 B C:\Documents and Settings\Grace\Desktop\Anime\SweetMina\Other Stuff\gravitation\info\images\0e_2x5.jpg --> ftp.ainoyume.net /public_html/dream/info/images 0e_2x5.jpg
2007.08.25 20:49 B C:\Documents and Settings\Grace\Desktop\Anime\SweetMina\Other Stuff\gravitation\info\images\0e_3x1.jpg --> ftp.ainoyume.net /public_html/dream/info/images 0e_3x1.jpg
2007.08.25 20:49 B C:\Documents and Settings\Grace\Desktop\Anime\SweetMina\Other Stuff\gravitation\info\images\0e_3x2.jpg --> ftp.ainoyume.net /public_html/dream/info/images 0e_3x2.jpg
2007.08.25 20:49 B C:\Documents and Settings\Grace\Desktop\Anime\SweetMina\Other Stuff\gravitation\info\images\0e_3x3.jpg --> ftp.ainoyume.net /public_html/dream/info/images 0e_3x3.jpg
2007.08.25 20:49 B C:\Documents and Settings\Grace\Desktop\Anime\SweetMina\Other Stuff\gravitation\info\images\0e_3x4.jpg --> ftp.ainoyume.net /public_html/dream/info/images 0e_3x4.jpg
2007.08.25 20:49 B C:\Documents and Settings\Grace\Desktop\Anime\SweetMina\Other Stuff\gravitation\info\images\0e_3x5.jpg --> ftp.ainoyume.net /public_html/dream/info/images 0e_3x5.jpg
2007.08.25 20:49 B C:\Documents and Settings\Grace\Desktop\Anime\SweetMina\Other Stuff\gravitation\info\images\0e_4x1.jpg --> ftp.ainoyume.net /public_html/dream/info/images 0e_4x1.jpg
2007.08.25 20:49 B C:\Documents and Settings\Grace\Desktop\Anime\SweetMina\Other Stuff\gravitation\info\images\0e_4x2.jpg --> ftp.ainoyume.net /public_html/dream/info/images 0e_4x2.jpg
2007.08.25 20:49 B C:\Documents and Settings\Grace\Desktop\Anime\SweetMina\Other Stuff\gravitation\info\images\0e_4x3.jpg --> ftp.ainoyume.net /public_html/dream/info/images 0e_4x3.jpg
2007.08.25 20:49 B C:\Documents and Settings\Grace\Desktop\Anime\SweetMina\Other Stuff\gravitation\info\images\0e_4x4.jpg --> ftp.ainoyume.net /public_html/dream/info/images 0e_4x4.jpg
2007.08.25 20:49 B C:\Documents and Settings\Grace\Desktop\Anime\SweetMina\Other Stuff\gravitation\info\images\0e_4x5.jpg --> ftp.ainoyume.net /public_html/dream/info/images 0e_4x5.jpg
2007.08.25 20:49 B C:\Documents and Settings\Grace\Desktop\Anime\SweetMina\Other Stuff\gravitation\info\images\0e_5x1.jpg --> ftp.ainoyume.net /public_html/dream/info/images 0e_5x1.jpg
2007.08.25 20:49 B C:\Documents and Settings\Grace\Desktop\Anime\SweetMina\Other Stuff\gravitation\info\images\0e_5x2.jpg --> ftp.ainoyume.net /public_html/dream/info/images 0e_5x2.jpg
2007.08.25 20:49 B C:\Documents and Settings\Grace\Desktop\Anime\SweetMina\Other Stuff\gravitation\info\images\0e_5x3.jpg --> ftp.ainoyume.net /public_html/dream/info/images 0e_5x3.jpg
2007.08.25 20:49 B C:\Documents and Settings\Grace\Desktop\Anime\SweetMina\Other Stuff\gravitation\info\images\0e_5x4.jpg --> ftp.ainoyume.net /public_html/dream/info/images 0e_5x4.jpg
2007.08.25 20:49 B C:\Documents and Settings\Grace\Desktop\Anime\SweetMina\Other Stuff\gravitation\info\images\0e_5x5.jpg --> ftp.ainoyume.net /public_html/dream/info/images 0e_5x5.jpg
2007.08.25 20:49 B C:\Documents and Settings\Grace\Desktop\Anime\SweetMina\Other Stuff\gravitation\info\images\0fanbook.jpg --> ftp.ainoyume.net /public_html/dream/info/images 0fanbook.jpg
2007.08.25 20:49 B C:\Documents and Settings\Grace\Desktop\Anime\SweetMina\Other Stuff\gravitation\info\images\0ibg1.jpg --> ftp.ainoyume.net /public_html/dream/info/images 0ibg1.jpg
2007.08.25 20:49 B C:\Documents and Settings\Grace\Desktop\Anime\SweetMina\Other Stuff\gravitation\info\images\0in_1x1.jpg --> ftp.ainoyume.net /public_html/dream/info/images 0in_1x1.jpg
2007.08.25 20:49 B C:\Documents and Settings\Grace\Desktop\Anime\SweetMina\Other Stuff\gravitation\info\images\0in_1x2.jpg --> ftp.ainoyume.net /public_html/dream/info/images 0in_1x2.jpg
2007.08.25 20:49 B C:\Documents and Settings\Grace\Desktop\Anime\SweetMina\Other Stuff\gravitation\info\images\0in_1x3.jpg --> ftp.ainoyume.net /public_html/dream/info/images 0in_1x3.jpg
2007.08.25 20:49 B C:\Documents and Settings\Grace\Desktop\Anime\SweetMina\Other Stuff\gravitation\info\images\0in_2x1.jpg --> ftp.ainoyume.net /public_html/dream/info/images 0in_2x1.jpg
2007.08.25 20:49 B C:\Documents and Settings\Grace\Desktop\Anime\SweetMina\Other Stuff\gravitation\info\images\0in_2x2.jpg --> ftp.ainoyume.net /public_html/dream/info/images 0in_2x2.jpg
2007.08.25 20:49 B C:\Documents and Settings\Grace\Desktop\Anime\SweetMina\Other Stuff\gravitation\info\images\0in_2x3.jpg --> ftp.ainoyume.net /public_html/dream/info/images 0in_2x3.jpg
2007.08.25 20:49 B C:\Documents and Settings\Grace\Desktop\Anime\SweetMina\Other Stuff\gravitation\info\images\0in_3x1.jpg --> ftp.ainoyume.net /public_html/dream/info/images 0in_3x1.jpg
2007.08.25 20:49 B C:\Documents and Settings\Grace\Desktop\Anime\SweetMina\Other Stuff\gravitation\info\images\0in_3x2.jpg --> ftp.ainoyume.net /public_html/dream/info/images 0in_3x2.jpg
2007.08.25 20:49 B C:\Documents and Settings\Grace\Desktop\Anime\SweetMina\Other Stuff\gravitation\info\images\0in_3x3.jpg --> ftp.ainoyume.net /public_html/dream/info/images 0in_3x3.jpg
2007.08.25 20:49 B C:\Documents and Settings\Grace\Desktop\Anime\SweetMina\Other Stuff\gravitation\info\images\0in_3x4.jpg --> ftp.ainoyume.net /public_html/dream/info/images 0in_3x4.jpg
2007.08.25 20:49 B C:\Documents and Settings\Grace\Desktop\Anime\SweetMina\Other Stuff\gravitation\info\images\0in_4x1.jpg --> ftp.ainoyume.net /public_html/dream/info/images 0in_4x1.jpg
2007.08.25 20:49 B C:\Documents and Settings\Grace\Desktop\Anime\SweetMina\Other Stuff\gravitation\info\images\0in_4x2.jpg --> ftp.ainoyume.net /public_html/dream/info/images 0in_4x2.jpg
2007.08.25 20:49 B C:\Documents and Settings\Grace\Desktop\Anime\SweetMina\Other Stuff\gravitation\info\images\0in_4x3.jpg --> ftp.ainoyume.net /public_html/dream/info/images 0in_4x3.jpg
2007.08.25 20:49 B C:\Documents and Settings\Grace\Desktop\Anime\SweetMina\Other Stuff\gravitation\info\images\0in_5x1.jpg --> ftp.ainoyume.net /public_html/dream/info/images 0in_5x1.jpg
2007.08.25 20:49 B C:\Documents and Settings\Grace\Desktop\Anime\SweetMina\Other Stuff\gravitation\info\images\0in_6x2.jpg --> ftp.ainoyume.net /public_html/dream/info/images 0in_6x2.jpg
2007.08.25 20:49 B C:\Documents and Settings\Grace\Desktop\Anime\SweetMina\Other Stuff\gravitation\info\images\0inbg.jpg --> ftp.ainoyume.net /public_html/dream/info/images 0inbg.jpg
2007.08.25 20:49 B C:\Documents and Settings\Grace\Desktop\Anime\SweetMina\Other Stuff\gravitation\info\images\0man_1x1.jpg --> ftp.ainoyume.net /public_html/dream/info/images 0man_1x1.jpg
2007.08.25 20:49 B C:\Documents and Settings\Grace\Desktop\Anime\SweetMina\Other Stuff\gravitation\info\images\0man_1x2.jpg --> ftp.ainoyume.net /public_html/dream/info/images 0man_1x2.jpg
2007.08.25 20:49 B C:\Documents and Settings\Grace\Desktop\Anime\SweetMina\Other Stuff\gravitation\info\images\0man_1x3.jpg --> ftp.ainoyume.net /public_html/dream/info/images 0man_1x3.jpg
2007.08.25 20:49 B C:\Documents and Settings\Grace\Desktop\Anime\SweetMina\Other Stuff\gravitation\info\images\0man_1x4.jpg --> ftp.ainoyume.net /public_html/dream/info/images 0man_1x4.jpg
2007.08.25 20:49 B C:\Documents and Settings\Grace\Desktop\Anime\SweetMina\Other Stuff\gravitation\info\images\0man_1x5.jpg --> ftp.ainoyume.net /public_html/dream/info/images 0man_1x5.jpg
2007.08.25 20:49 B C:\Documents and Settings\Grace\Desktop\Anime\SweetMina\Other Stuff\gravitation\info\images\0man_2x1.jpg --> ftp.ainoyume.net /public_html/dream/info/images 0man_2x1.jpg
2007.08.25 20:49 B C:\Documents and Settings\Grace\Desktop\Anime\SweetMina\Other Stuff\gravitation\info\images\0man_2x2.jpg --> ftp.ainoyume.net /public_html/dream/info/images 0man_2x2.jpg
2007.08.25 20:49 B C:\Documents and Settings\Grace\Desktop\Anime\SweetMina\Other Stuff\gravitation\info\images\0man_2x3.jpg --> ftp.ainoyume.net /public_html/dream/info/images 0man_2x3.jpg
2007.08.25 20:49 B C:\Documents and Settings\Grace\Desktop\Anime\SweetMina\Other Stuff\gravitation\info\images\0man_2x4.jpg --> ftp.ainoyume.net /public_html/dream/info/images 0man_2x4.jpg
2007.08.25 20:49 B C:\Documents and Settings\Grace\Desktop\Anime\SweetMina\Other Stuff\gravitation\info\images\0man_2x5.jpg --> ftp.ainoyume.net /public_html/dream/info/images 0man_2x5.jpg
2007.08.25 20:49 B C:\Documents and Settings\Grace\Desktop\Anime\SweetMina\Other Stuff\gravitation\info\images\0man_3x1.jpg --> ftp.ainoyume.net /public_html/dream/info/images 0man_3x1.jpg
2007.08.25 20:49 B C:\Documents and Settings\Grace\Desktop\Anime\SweetMina\Other Stuff\gravitation\info\images\0man_3x2.jpg --> ftp.ainoyume.net /public_html/dream/info/images 0man_3x2.jpg
2007.08.25 20:49 B C:\Documents and Settings\Grace\Desktop\Anime\SweetMina\Other Stuff\gravitation\info\images\0man_3x3.jpg --> ftp.ainoyume.net /public_html/dream/info/images 0man_3x3.jpg
2007.08.25 20:49 B C:\Documents and Settings\Grace\Desktop\Anime\SweetMina\Other Stuff\gravitation\info\images\0man_3x4.jpg --> ftp.ainoyume.net /public_html/dream/info/images 0man_3x4.jpg
2007.08.25 20:49 B C:\Documents and Settings\Grace\Desktop\Anime\SweetMina\Other Stuff\gravitation\info\images\0man_3x5.jpg --> ftp.ainoyume.net /public_html/dream/info/images 0man_3x5.jpg
2007.08.25 20:49 B C:\Documents and Settings\Grace\Desktop\Anime\SweetMina\Other Stuff\gravitation\info\images\0man_4x1.jpg --> ftp.ainoyume.net /public_html/dream/info/images 0man_4x1.jpg
2007.08.25 20:49 B C:\Documents and Settings\Grace\Desktop\Anime\SweetMina\Other Stuff\gravitation\info\images\0man_4x2.jpg --> ftp.ainoyume.net /public_html/dream/info/images 0man_4x2.jpg
2007.08.25 20:49 B C:\Documents and Settings\Grace\Desktop\Anime\SweetMina\Other Stuff\gravitation\info\images\0man_4x3.jpg --> ftp.ainoyume.net /public_html/dream/info/images 0man_4x3.jpg
2007.08.25 20:49 B C:\Documents and Settings\Grace\Desktop\Anime\SweetMina\Other Stuff\gravitation\info\images\0man_4x4.jpg --> ftp.ainoyume.net /public_html/dream/info/images 0man_4x4.jpg
2007.08.25 20:49 B C:\Documents and Settings\Grace\Desktop\Anime\SweetMina\Other Stuff\gravitation\info\images\0man_4x5.jpg --> ftp.ainoyume.net /public_html/dream/info/images 0man_4x5.jpg
2007.08.25 20:49 B C:\Documents and Settings\Grace\Desktop\Anime\SweetMina\Other Stuff\gravitation\info\images\0man_5x1.jpg --> ftp.ainoyume.net /public_html/dream/info/images 0man_5x1.jpg
2007.08.25 20:49 B C:\Documents and Settings\Grace\Desktop\Anime\SweetMina\Other Stuff\gravitation\info\images\0man_5x2.jpg --> ftp.ainoyume.net /public_html/dream/info/images 0man_5x2.jpg
2007.08.25 20:49 B C:\Documents and Settings\Grace\Desktop\Anime\SweetMina\Other Stuff\gravitation\info\images\0man_5x3.jpg --> ftp.ainoyume.net /public_html/dream/info/images 0man_5x3.jpg
2007.08.25 20:49 B C:\Documents and Settings\Grace\Desktop\Anime\SweetMina\Other Stuff\gravitation\info\images\0man_5x4.jpg --> ftp.ainoyume.net /public_html/dream/info/images 0man_5x4.jpg
2007.08.25 20:49 B C:\Documents and Settings\Grace\Desktop\Anime\SweetMina\Other Stuff\gravitation\info\images\0man_5x5.jpg --> ftp.ainoyume.net /public_html/dream/info/images 0man_5x5.jpg
2007.08.25 20:49 B C:\Documents and Settings\Grace\Desktop\Anime\SweetMina\Other Stuff\gravitation\info\images\0manga1.jpg --> ftp.ainoyume.net /public_html/dream/info/images 0manga1.jpg
2007.08.25 20:49 B C:\Documents and Settings\Grace\Desktop\Anime\SweetMina\Other Stuff\gravitation\info\images\0manga11.jpg --> ftp.ainoyume.net /public_html/dream/info/images 0manga11.jpg
2007.08.25 20:49 B C:\Documents and Settings\Grace\Desktop\Anime\SweetMina\Other Stuff\gravitation\info\images\0oav2_1x1.gif --> ftp.ainoyume.net /public_html/dream/info/images 0oav2_1x1.gif
2007.08.25 20:49 B C:\Documents and Settings\Grace\Desktop\Anime\SweetMina\Other Stuff\gravitation\info\images\0oav2_1x2.gif --> ftp.ainoyume.net /public_html/dream/info/images 0oav2_1x2.gif
2007.08.25 20:49 B C:\Documents and Settings\Grace\Desktop\Anime\SweetMina\Other Stuff\gravitation\info\images\0oav2_1x3.gif --> ftp.ainoyume.net /public_html/dream/info/images 0oav2_1x3.gif
2007.08.25 20:49 B C:\Documents and Settings\Grace\Desktop\Anime\SweetMina\Other Stuff\gravitation\info\images\0oav2_1x4.gif --> ftp.ainoyume.net /public_html/dream/info/images 0oav2_1x4.gif
2007.08.25 20:49 B C:\Documents and Settings\Grace\Desktop\Anime\SweetMina\Other Stuff\gravitation\info\images\0oav2_1x5.gif --> ftp.ainoyume.net /public_html/dream/info/images 0oav2_1x5.gif
2007.08.25 20:49 B C:\Documents and Settings\Grace\Desktop\Anime\SweetMina\Other Stuff\gravitation\info\images\0oav2_2x1.gif --> ftp.ainoyume.net /public_html/dream/info/images 0oav2_2x1.gif
2007.08.25 20:49 B C:\Documents and Settings\Grace\Desktop\Anime\SweetMina\Other Stuff\gravitation\info\images\0oav2_2x2.gif --> ftp.ainoyume.net /public_html/dream/info/images 0oav2_2x2.gif
2007.08.25 20:49 B C:\Documents and Settings\Grace\Desktop\Anime\SweetMina\Other Stuff\gravitation\info\images\0oav2_2x3.gif --> ftp.ainoyume.net /public_html/dream/info/images 0oav2_2x3.gif
2007.08.25 20:50 B C:\Documents and Settings\Grace\Desktop\Anime\SweetMina\Other Stuff\gravitation\info\images\0oav2_2x4.gif --> ftp.ainoyume.net /public_html/dream/info/images 0oav2_2x4.gif
2007.08.25 20:50 B C:\Documents and Settings\Grace\Desktop\Anime\SweetMina\Other Stuff\gravitation\info\images\0oav2_2x5.gif --> ftp.ainoyume.net /public_html/dream/info/images 0oav2_2x5.gif
2007.08.25 20:50 B C:\Documents and Settings\Grace\Desktop\Anime\SweetMina\Other Stuff\gravitation\info\images\0oav2_3x1.gif --> ftp.ainoyume.net /public_html/dream/info/images 0oav2_3x1.gif
2007.08.25 20:50 B C:\Documents and Settings\Grace\Desktop\Anime\SweetMina\Other Stuff\gravitation\info\images\0oav2_3x2.gif --> ftp.ainoyume.net /public_html/dream/info/images 0oav2_3x2.gif
2007.08.25 20:50 B C:\Documents and Settings\Grace\Desktop\Anime\SweetMina\Other Stuff\gravitation\info\images\0oav2_3x3.gif --> ftp.ainoyume.net /public_html/dream/info/images 0oav2_3x3.gif
2007.08.25 20:50 B C:\Documents and Settings\Grace\Desktop\Anime\SweetMina\Other Stuff\gravitation\info\images\0oav2_3x4.gif --> ftp.ainoyume.net /public_html/dream/info/images 0oav2_3x4.gif
2007.08.25 20:50 B C:\Documents and Settings\Grace\Desktop\Anime\SweetMina\Other Stuff\gravitation\info\images\0oav2_3x5.gif --> ftp.ainoyume.net /public_html/dream/info/images 0oav2_3x5.gif
2007.08.25 20:50 B C:\Documents and Settings\Grace\Desktop\Anime\SweetMina\Other Stuff\gravitation\info\images\0oav2_4x1.gif --> ftp.ainoyume.net /public_html/dream/info/images 0oav2_4x1.gif
2007.08.25 20:50 B C:\Documents and Settings\Grace\Desktop\Anime\SweetMina\Other Stuff\gravitation\info\images\0oav2_4x2.gif --> ftp.ainoyume.net /public_html/dream/info/images 0oav2_4x2.gif
2007.08.25 20:50 B C:\Documents and Settings\Grace\Desktop\Anime\SweetMina\Other Stuff\gravitation\info\images\0oav2_4x3.gif --> ftp.ainoyume.net /public_html/dream/info/images 0oav2_4x3.gif
2007.08.25 20:50 B C:\Documents and Settings\Grace\Desktop\Anime\SweetMina\Other Stuff\gravitation\info\images\0oav2_4x4.gif --> ftp.ainoyume.net /public_html/dream/info/images 0oav2_4x4.gif
2007.08.25 20:50 B C:\Documents and Settings\Grace\Desktop\Anime\SweetMina\Other Stuff\gravitation\info\images\0oav2_4x5.gif --> ftp.ainoyume.net /public_html/dream/info/images 0oav2_4x5.gif
2007.08.25 20:50 B C:\Documents and Settings\Grace\Desktop\Anime\SweetMina\Other Stuff\gravitation\info\images\0oav2_5x1.gif --> ftp.ainoyume.net /public_html/dream/info/images 0oav2_5x1.gif
2007.08.25 20:50 B C:\Documents and Settings\Grace\Desktop\Anime\SweetMina\Other Stuff\gravitation\info\images\0oav2_5x2.gif --> ftp.ainoyume.net /public_html/dream/info/images 0oav2_5x2.gif
2007.08.25 20:50 B C:\Documents and Settings\Grace\Desktop\Anime\SweetMina\Other Stuff\gravitation\info\images\0oav2_5x3.gif --> ftp.ainoyume.net /public_html/dream/info/images 0oav2_5x3.gif
2007.08.25 20:50 B C:\Documents and Settings\Grace\Desktop\Anime\SweetMina\Other Stuff\gravitation\info\images\0oav2_5x4.gif --> ftp.ainoyume.net /public_html/dream/info/images 0oav2_5x4.gif
2007.08.25 20:50 B C:\Documents and Settings\Grace\Desktop\Anime\SweetMina\Other Stuff\gravitation\info\images\0oav2_5x5.gif --> ftp.ainoyume.net /public_html/dream/info/images 0oav2_5x5.gif
2007.08.25 20:50 B C:\Documents and Settings\Grace\Desktop\Anime\SweetMina\Other Stuff\gravitation\info\images\0oavgeneral_1x1.jpg --> ftp.ainoyume.net /public_html/dream/info/images 0oavgeneral_1x1.jpg
2007.08.25 20:50 B C:\Documents and Settings\Grace\Desktop\Anime\SweetMina\Other Stuff\gravitation\info\images\0oavgeneral_1x2.jpg --> ftp.ainoyume.net /public_html/dream/info/images 0oavgeneral_1x2.jpg
2007.08.25 20:50 B C:\Documents and Settings\Grace\Desktop\Anime\SweetMina\Other Stuff\gravitation\info\images\0oavgeneral_1x3.jpg --> ftp.ainoyume.net /public_html/dream/info/images 0oavgeneral_1x3.jpg
2007.08.25 20:50 B C:\Documents and Settings\Grace\Desktop\Anime\SweetMina\Other Stuff\gravitation\info\images\0oavgeneral_1x4.jpg --> ftp.ainoyume.net /public_html/dream/info/images 0oavgeneral_1x4.jpg
2007.08.25 20:50 B C:\Documents and Settings\Grace\Desktop\Anime\SweetMina\Other Stuff\gravitation\info\images\0oavgeneral_2x1.jpg --> ftp.ainoyume.net /public_html/dream/info/images 0oavgeneral_2x1.jpg
2007.08.25 20:50 B C:\Documents and Settings\Grace\Desktop\Anime\SweetMina\Other Stuff\gravitation\info\images\0oavgeneral_2x2.jpg --> ftp.ainoyume.net /public_html/dream/info/images 0oavgeneral_2x2.jpg
2007.08.25 20:50 B C:\Documents and Settings\Grace\Desktop\Anime\SweetMina\Other Stuff\gravitation\info\images\0oavgeneral_2x3.jpg --> ftp.ainoyume.net /public_html/dream/info/images 0oavgeneral_2x3.jpg
2007.08.25 20:50 B C:\Documents and Settings\Grace\Desktop\Anime\SweetMina\Other Stuff\gravitation\info\images\0oavgeneral_2x4.jpg --> ftp.ainoyume.net /public_html/dream/info/images 0oavgeneral_2x4.jpg
2007.08.25 20:50 B C:\Documents and Settings\Grace\Desktop\Anime\SweetMina\Other Stuff\gravitation\info\images\0oavgeneral_3x1.jpg --> ftp.ainoyume.net /public_html/dream/info/images 0oavgeneral_3x1.jpg
2007.08.25 20:50 B C:\Documents and Settings\Grace\Desktop\Anime\SweetMina\Other Stuff\gravitation\info\images\0oavgeneral_3x2.jpg --> ftp.ainoyume.net /public_html/dream/info/images 0oavgeneral_3x2.jpg
2007.08.25 20:50 B C:\Documents and Settings\Grace\Desktop\Anime\SweetMina\Other Stuff\gravitation\info\images\0oavgeneral_3x3.jpg --> ftp.ainoyume.net /public_html/dream/info/images 0oavgeneral_3x3.jpg
2007.08.25 20:50 B C:\Documents and Settings\Grace\Desktop\Anime\SweetMina\Other Stuff\gravitation\info\images\0oavgeneral_3x4.jpg --> ftp.ainoyume.net /public_html/dream/info/images 0oavgeneral_3x4.jpg
2007.08.25 20:50 B C:\Documents and Settings\Grace\Desktop\Anime\SweetMina\Other Stuff\gravitation\info\images\0oavgeneral_4x1.jpg --> ftp.ainoyume.net /public_html/dream/info/images 0oavgeneral_4x1.jpg
2007.08.25 20:50 B C:\Documents and Settings\Grace\Desktop\Anime\SweetMina\Other Stuff\gravitation\info\images\0oavgeneral_4x2.jpg --> ftp.ainoyume.net /public_html/dream/info/images 0oavgeneral_4x2.jpg
2007.08.25 20:50 B C:\Documents and Settings\Grace\Desktop\Anime\SweetMina\Other Stuff\gravitation\info\images\0oavgeneral_4x3.jpg --> ftp.ainoyume.net /public_html/dream/info/images 0oavgeneral_4x3.jpg
2007.08.25 20:50 B C:\Documents and Settings\Grace\Desktop\Anime\SweetMina\Other Stuff\gravitation\info\images\0oavgeneral_4x4.jpg --> ftp.ainoyume.net /public_html/dream/info/images 0oavgeneral_4x4.jpg
2007.08.25 20:50 B C:\Documents and Settings\Grace\Desktop\Anime\SweetMina\Other Stuff\gravitation\info\images\0oavgeneral_5x1.jpg --> ftp.ainoyume.net /public_html/dream/info/images 0oavgeneral_5x1.jpg
2007.08.25 20:50 B C:\Documents and Settings\Grace\Desktop\Anime\SweetMina\Other Stuff\gravitation\info\images\0oavgeneral_5x2.jpg --> ftp.ainoyume.net /public_html/dream/info/images 0oavgeneral_5x2.jpg
2007.08.25 20:50 B C:\Documents and Settings\Grace\Desktop\Anime\SweetMina\Other Stuff\gravitation\info\images\0oavgeneral_5x3.jpg --> ftp.ainoyume.net /public_html/dream/info/images 0oavgeneral_5x3.jpg
2007.08.25 20:50 B C:\Documents and Settings\Grace\Desktop\Anime\SweetMina\Other Stuff\gravitation\info\images\0oavgeneral_5x4.jpg --> ftp.ainoyume.net /public_html/dream/info/images 0oavgeneral_5x4.jpg
2007.08.25 20:50 B C:\Documents and Settings\Grace\Desktop\Anime\SweetMina\Other Stuff\gravitation\info\images\0oavgeneral_5x5.jpg --> ftp.ainoyume.net /public_html/dream/info/images 0oavgeneral_5x5.jpg
2007.08.25 20:50 B C:\Documents and Settings\Grace\Desktop\Anime\SweetMina\Other Stuff\gravitation\info\images\0oavgeneral_5x6.jpg --> ftp.ainoyume.net /public_html/dream/info/images 0oavgeneral_5x6.jpg
2007.08.25 20:50 B C:\Documents and Settings\Grace\Desktop\Anime\SweetMina\Other Stuff\gravitation\info\images\0oavgeneral_7x1.jpg --> ftp.ainoyume.net /public_html/dream/info/images 0oavgeneral_7x1.jpg
2007.08.25 20:50 B C:\Documents and Settings\Grace\Desktop\Anime\SweetMina\Other Stuff\gravitation\info\images\0oavgeneral_7x2.jpg --> ftp.ainoyume.net /public_html/dream/info/images 0oavgeneral_7x2.jpg
2007.08.25 20:50 B C:\Documents and Settings\Grace\Desktop\Anime\SweetMina\Other Stuff\gravitation\info\images\0oavgeneral_7x3.jpg --> ftp.ainoyume.net /public_html/dream/info/images 0oavgeneral_7x3.jpg
2007.08.25 20:50 B C:\Documents and Settings\Grace\Desktop\Anime\SweetMina\Other Stuff\gravitation\info\images\0oavgeneral_8x1.jpg --> ftp.ainoyume.net /public_html/dream/info/images 0oavgeneral_8x1.jpg
2007.08.25 20:50 B C:\Documents and Settings\Grace\Desktop\Anime\SweetMina\Other Stuff\gravitation\info\images\0oavgeneral_8x2.jpg --> ftp.ainoyume.net /public_html/dream/info/images 0oavgeneral_8x2.jpg
2007.08.25 20:50 B C:\Documents and Settings\Grace\Desktop\Anime\SweetMina\Other Stuff\gravitation\info\images\0oavgeneral_8x3.jpg --> ftp.ainoyume.net /public_html/dream/info/images 0oavgeneral_8x3.jpg
2007.08.25 20:50 B C:\Documents and Settings\Grace\Desktop\Anime\SweetMina\Other Stuff\gravitation\info\images\0oavgeneral_9x1.jpg --> ftp.ainoyume.net /public_html/dream/info/images 0oavgeneral_9x1.jpg
2007.08.25 20:50 B C:\Documents and Settings\Grace\Desktop\Anime\SweetMina\Other Stuff\gravitation\info\images\0oavgeneralbg.jpg --> ftp.ainoyume.net /public_html/dream/info/images 0oavgeneralbg.jpg
2007.08.25 20:50 B C:\Documents and Settings\Grace\Desktop\Anime\SweetMina\Other Stuff\gravitation\info\images\0purcha_1x1.jpg --> ftp.ainoyume.net /public_html/dream/info/images 0purcha_1x1.jpg
2007.08.25 20:50 B C:\Documents and Settings\Grace\Desktop\Anime\SweetMina\Other Stuff\gravitation\info\images\0purcha_1x2.jpg --> ftp.ainoyume.net /public_html/dream/info/images 0purcha_1x2.jpg
2007.08.25 20:50 B C:\Documents and Settings\Grace\Desktop\Anime\SweetMina\Other Stuff\gravitation\info\images\0purcha_1x3.jpg --> ftp.ainoyume.net /public_html/dream/info/images 0purcha_1x3.jpg
2007.08.25 20:50 B C:\Documents and Settings\Grace\Desktop\Anime\SweetMina\Other Stuff\gravitation\info\images\0purcha_1x4.jpg --> ftp.ainoyume.net /public_html/dream/info/images 0purcha_1x4.jpg
2007.08.25 20:50 B C:\Documents and Settings\Grace\Desktop\Anime\SweetMina\Other Stuff\gravitation\info\images\0purcha_1x5.jpg --> ftp.ainoyume.net /public_html/dream/info/images 0purcha_1x5.jpg
2007.08.25 20:50 B C:\Documents and Settings\Grace\Desktop\Anime\SweetMina\Other Stuff\gravitation\info\images\0purcha_2x1.jpg --> ftp.ainoyume.net /public_html/dream/info/images 0purcha_2x1.jpg
2007.08.25 20:50 B C:\Documents and Settings\Grace\Desktop\Anime\SweetMina\Other Stuff\gravitation\info\images\0purcha_2x2.jpg --> ftp.ainoyume.net /public_html/dream/info/images 0purcha_2x2.jpg
2007.08.25 20:50 B C:\Documents and Settings\Grace\Desktop\Anime\SweetMina\Other Stuff\gravitation\info\images\0purcha_2x3.jpg --> ftp.ainoyume.net /public_html/dream/info/images 0purcha_2x3.jpg
2007.08.25 20:50 B C:\Documents and Settings\Grace\Desktop\Anime\SweetMina\Other Stuff\gravitation\info\images\0purcha_2x4.jpg --> ftp.ainoyume.net /public_html/dream/info/images 0purcha_2x4.jpg
2007.08.25 20:50 B C:\Documents and Settings\Grace\Desktop\Anime\SweetMina\Other Stuff\gravitation\info\images\0purcha_2x5.jpg --> ftp.ainoyume.net /public_html/dream/info/images 0purcha_2x5.jpg
2007.08.25 20:50 B C:\Documents and Settings\Grace\Desktop\Anime\SweetMina\Other Stuff\gravitation\info\images\0purcha_3x1.jpg --> ftp.ainoyume.net /public_html/dream/info/images 0purcha_3x1.jpg
2007.08.25 20:50 B C:\Documents and Settings\Grace\Desktop\Anime\SweetMina\Other Stuff\gravitation\info\images\0purcha_3x2.jpg --> ftp.ainoyume.net /public_html/dream/info/images 0purcha_3x2.jpg
2007.08.25 20:50 B C:\Documents and Settings\Grace\Desktop\Anime\SweetMina\Other Stuff\gravitation\info\images\0purcha_3x3.jpg --> ftp.ainoyume.net /public_html/dream/info/images 0purcha_3x3.jpg
2007.08.25 20:50 B C:\Documents and Settings\Grace\Desktop\Anime\SweetMina\Other Stuff\gravitation\info\images\0purcha_3x4.jpg --> ftp.ainoyume.net /public_html/dream/info/images 0purcha_3x4.jpg
2007.08.25 20:50 B C:\Documents and Settings\Grace\Desktop\Anime\SweetMina\Other Stuff\gravitation\info\images\0purcha_3x5.jpg --> ftp.ainoyume.net /public_html/dream/info/images 0purcha_3x5.jpg
2007.08.25 20:50 B C:\Documents and Settings\Grace\Desktop\Anime\SweetMina\Other Stuff\gravitation\info\images\0purcha_4x1.jpg --> ftp.ainoyume.net /public_html/dream/info/images 0purcha_4x1.jpg
2007.08.25 20:50 B C:\Documents and Settings\Grace\Desktop\Anime\SweetMina\Other Stuff\gravitation\info\images\0purcha_4x2.jpg --> ftp.ainoyume.net /public_html/dream/info/images 0purcha_4x2.jpg
2007.08.25 20:50 B C:\Documents and Settings\Grace\Desktop\Anime\SweetMina\Other Stuff\gravitation\info\images\0purcha_4x3.jpg --> ftp.ainoyume.net /public_html/dream/info/images 0purcha_4x3.jpg
2007.08.25 20:50 B C:\Documents and Settings\Grace\Desktop\Anime\SweetMina\Other Stuff\gravitation\info\images\0purcha_4x4.jpg --> ftp.ainoyume.net /public_html/dream/info/images 0purcha_4x4.jpg
2007.08.25 20:50 B C:\Documents and Settings\Grace\Desktop\Anime\SweetMina\Other Stuff\gravitation\info\images\0purcha_4x5.jpg --> ftp.ainoyume.net /public_html/dream/info/images 0purcha_4x5.jpg
2007.08.25 20:50 B C:\Documents and Settings\Grace\Desktop\Anime\SweetMina\Other Stuff\gravitation\info\images\0purcha_5x1.jpg --> ftp.ainoyume.net /public_html/dream/info/images 0purcha_5x1.jpg
2007.08.25 20:50 B C:\Documents and Settings\Grace\Desktop\Anime\SweetMina\Other Stuff\gravitation\info\images\0purcha_5x2.jpg --> ftp.ainoyume.net /public_html/dream/info/images 0purcha_5x2.jpg
2007.08.25 20:50 B C:\Documents and Settings\Grace\Desktop\Anime\SweetMina\Other Stuff\gravitation\info\images\0purcha_5x3.jpg --> ftp.ainoyume.net /public_html/dream/info/images 0purcha_5x3.jpg
2007.08.25 20:50 B C:\Documents and Settings\Grace\Desktop\Anime\SweetMina\Other Stuff\gravitation\info\images\0purcha_5x4.jpg --> ftp.ainoyume.net /public_html/dream/info/images 0purcha_5x4.jpg
2007.08.25 20:50 B C:\Documents and Settings\Grace\Desktop\Anime\SweetMina\Other Stuff\gravitation\info\images\0purcha_5x5.jpg --> ftp.ainoyume.net /public_html/dream/info/images 0purcha_5x5.jpg
2007.08.25 20:50 B C:\Documents and Settings\Grace\Desktop\Anime\SweetMina\Other Stuff\gravitation\info\images\0purcha_6x1.jpg --> ftp.ainoyume.net /public_html/dream/info/images 0purcha_6x1.jpg
2007.08.25 20:50 B C:\Documents and Settings\Grace\Desktop\Anime\SweetMina\Other Stuff\gravitation\info\images\0purcha_6x2.jpg --> ftp.ainoyume.net /public_html/dream/info/images 0purcha_6x2.jpg
2007.08.25 20:50 B C:\Documents and Settings\Grace\Desktop\Anime\SweetMina\Other Stuff\gravitation\info\images\0purchasebg.jpg --> ftp.ainoyume.net /public_html/dream/info/images 0purchasebg.jpg
2007.08.25 20:50 B C:\Documents and Settings\Grace\Desktop\Anime\SweetMina\Other Stuff\gravitation\info\images\0purchaseCDo.jpg --> ftp.ainoyume.net /public_html/dream/info/images 0purchaseCDo.jpg
2007.08.25 20:50 B C:\Documents and Settings\Grace\Desktop\Anime\SweetMina\Other Stuff\gravitation\info\images\0purchaseKumagoru.gif --> ftp.ainoyume.net /public_html/dream/info/images 0purchaseKumagoru.gif
2007.08.25 20:50 B C:\Documents and Settings\Grace\Desktop\Anime\SweetMina\Other Stuff\gravitation\info\images\0remix1.jpg --> ftp.ainoyume.net /public_html/dream/info/images 0remix1.jpg
2007.08.25 20:50 B C:\Documents and Settings\Grace\Desktop\Anime\SweetMina\Other Stuff\gravitation\info\images\ark.jpg --> ftp.ainoyume.net /public_html/dream/info/images ark.jpg
2007.08.25 20:50 B C:\Documents and Settings\Grace\Desktop\Anime\SweetMina\Other Stuff\gravitation\info\images\artbook.jpg --> ftp.ainoyume.net /public_html/dream/info/images artbook.jpg
2007.08.25 20:50 B C:\Documents and Settings\Grace\Desktop\Anime\SweetMina\Other Stuff\gravitation\info\images\artbook1.jpg --> ftp.ainoyume.net /public_html/dream/info/images artbook1.jpg
2007.08.25 20:50 B C:\Documents and Settings\Grace\Desktop\Anime\SweetMina\Other Stuff\gravitation\info\images\artbook2.jpg --> ftp.ainoyume.net /public_html/dream/info/images artbook2.jpg
2007.08.25 20:50 B C:\Documents and Settings\Grace\Desktop\Anime\SweetMina\Other Stuff\gravitation\info\images\askken.jpg --> ftp.ainoyume.net /public_html/dream/info/images askken.jpg
2007.08.25 20:50 B C:\Documents and Settings\Grace\Desktop\Anime\SweetMina\Other Stuff\gravitation\info\images\askma.jpg --> ftp.ainoyume.net /public_html/dream/info/images askma.jpg
2007.08.25 20:50 B C:\Documents and Settings\Grace\Desktop\Anime\SweetMina\Other Stuff\gravitation\info\images\asktachi.jpg --> ftp.ainoyume.net /public_html/dream/info/images asktachi.jpg
2007.08.25 20:50 B C:\Documents and Settings\Grace\Desktop\Anime\SweetMina\Other Stuff\gravitation\info\images\ayaka.jpg --> ftp.ainoyume.net /public_html/dream/info/images ayaka.jpg
2007.08.25 20:50 B C:\Documents and Settings\Grace\Desktop\Anime\SweetMina\Other Stuff\gravitation\info\images\ayaka00.jpg --> ftp.ainoyume.net /public_html/dream/info/images ayaka00.jpg
2007.08.25 20:50 B C:\Documents and Settings\Grace\Desktop\Anime\SweetMina\Other Stuff\gravitation\info\images\ayaka01.jpg --> ftp.ainoyume.net /public_html/dream/info/images ayaka01.jpg
2007.08.25 20:50 B C:\Documents and Settings\Grace\Desktop\Anime\SweetMina\Other Stuff\gravitation\info\images\ayaka02.jpg --> ftp.ainoyume.net /public_html/dream/info/images ayaka02.jpg
2007.08.25 20:50 B C:\Documents and Settings\Grace\Desktop\Anime\SweetMina\Other Stuff\gravitation\info\images\ayaka03.jpg --> ftp.ainoyume.net /public_html/dream/info/images ayaka03.jpg
2007.08.25 20:50 B C:\Documents and Settings\Grace\Desktop\Anime\SweetMina\Other Stuff\gravitation\info\images\ayakahiro.jpg --> ftp.ainoyume.net /public_html/dream/info/images ayakahiro.jpg
2007.08.25 20:50 B C:\Documents and Settings\Grace\Desktop\Anime\SweetMina\Other Stuff\gravitation\info\images\ayakayuki.jpg --> ftp.ainoyume.net /public_html/dream/info/images ayakayuki.jpg
2007.08.25 20:50 B C:\Documents and Settings\Grace\Desktop\Anime\SweetMina\Other Stuff\gravitation\info\images\bestcollection.jpg --> ftp.ainoyume.net /public_html/dream/info/images bestcollection.jpg
2007.08.25 20:50 B C:\Documents and Settings\Grace\Desktop\Anime\SweetMina\Other Stuff\gravitation\info\images\creator_1x1.jpg --> ftp.ainoyume.net /public_html/dream/info/images creator_1x1.jpg
2007.08.25 20:50 B C:\Documents and Settings\Grace\Desktop\Anime\SweetMina\Other Stuff\gravitation\info\images\creator_1x2.jpg --> ftp.ainoyume.net /public_html/dream/info/images creator_1x2.jpg
2007.08.25 20:50 B C:\Documents and Settings\Grace\Desktop\Anime\SweetMina\Other Stuff\gravitation\info\images\creator_1x3.jpg --> ftp.ainoyume.net /public_html/dream/info/images creator_1x3.jpg
2007.08.25 20:50 B C:\Documents and Settings\Grace\Desktop\Anime\SweetMina\Other Stuff\gravitation\info\images\creator_1x4.jpg --> ftp.ainoyume.net /public_html/dream/info/images creator_1x4.jpg
2007.08.25 20:50 B C:\Documents and Settings\Grace\Desktop\Anime\SweetMina\Other Stuff\gravitation\info\images\creator_1x5.jpg --> ftp.ainoyume.net /public_html/dream/info/images creator_1x5.jpg
2007.08.25 20:50 B C:\Documents and Settings\Grace\Desktop\Anime\SweetMina\Other Stuff\gravitation\info\images\creator_1x6.jpg --> ftp.ainoyume.net /public_html/dream/info/images creator_1x6.jpg
2007.08.25 20:50 B C:\Documents and Settings\Grace\Desktop\Anime\SweetMina\Other Stuff\gravitation\info\images\creator_1x7.jpg --> ftp.ainoyume.net /public_html/dream/info/images creator_1x7.jpg
2007.08.25 20:50 B C:\Documents and Settings\Grace\Desktop\Anime\SweetMina\Other Stuff\gravitation\info\images\creator_2x1.jpg --> ftp.ainoyume.net /public_html/dream/info/images creator_2x1.jpg
2007.08.25 20:50 B C:\Documents and Settings\Grace\Desktop\Anime\SweetMina\Other Stuff\gravitation\info\images\creator_2x2.jpg --> ftp.ainoyume.net /public_html/dream/info/images creator_2x2.jpg
2007.08.25 20:50 B C:\Documents and Settings\Grace\Desktop\Anime\SweetMina\Other Stuff\gravitation\info\images\creator_3x1.jpg --> ftp.ainoyume.net /public_html/dream/info/images creator_3x1.jpg
2007.08.25 20:50 B C:\Documents and Settings\Grace\Desktop\Anime\SweetMina\Other Stuff\gravitation\info\images\creator_3x2.jpg --> ftp.ainoyume.net /public_html/dream/info/images creator_3x2.jpg
2007.08.25 20:50 B C:\Documents and Settings\Grace\Desktop\Anime\SweetMina\Other Stuff\gravitation\info\images\creator_3x3.jpg --> ftp.ainoyume.net /public_html/dream/info/images creator_3x3.jpg
2007.08.25 20:50 B C:\Documents and Settings\Grace\Desktop\Anime\SweetMina\Other Stuff\gravitation\info\images\creator_3x4.jpg --> ftp.ainoyume.net /public_html/dream/info/images creator_3x4.jpg
2007.08.25 20:50 B C:\Documents and Settings\Grace\Desktop\Anime\SweetMina\Other Stuff\gravitation\info\images\creator_4x1.jpg --> ftp.ainoyume.net /public_html/dream/info/images creator_4x1.jpg
2007.08.25 20:50 B C:\Documents and Settings\Grace\Desktop\Anime\SweetMina\Other Stuff\gravitation\info\images\creator_6x1.jpg --> ftp.ainoyume.net /public_html/dream/info/images creator_6x1.jpg
2007.08.25 20:50 B C:\Documents and Settings\Grace\Desktop\Anime\SweetMina\Other Stuff\gravitation\info\images\creator_6x2.jpg --> ftp.ainoyume.net /public_html/dream/info/images creator_6x2.jpg
2007.08.25 20:50 B C:\Documents and Settings\Grace\Desktop\Anime\SweetMina\Other Stuff\gravitation\info\images\creator_6x3.jpg --> ftp.ainoyume.net /public_html/dream/info/images creator_6x3.jpg
2007.08.25 20:50 B C:\Documents and Settings\Grace\Desktop\Anime\SweetMina\Other Stuff\gravitation\info\images\creator_6x4.jpg --> ftp.ainoyume.net /public_html/dream/info/images creator_6x4.jpg
2007.08.25 20:50 B C:\Documents and Settings\Grace\Desktop\Anime\SweetMina\Other Stuff\gravitation\info\images\creator_7x1.jpg --> ftp.ainoyume.net /public_html/dream/info/images creator_7x1.jpg
2007.08.25 20:50 B C:\Documents and Settings\Grace\Desktop\Anime\SweetMina\Other Stuff\gravitation\info\images\creator_7x2.jpg --> ftp.ainoyume.net /public_html/dream/info/images creator_7x2.jpg
2007.08.25 20:50 B C:\Documents and Settings\Grace\Desktop\Anime\SweetMina\Other Stuff\gravitation\info\images\creator_7x3.jpg --> ftp.ainoyume.net /public_html/dream/info/images creator_7x3.jpg
2007.08.25 20:50 B C:\Documents and Settings\Grace\Desktop\Anime\SweetMina\Other Stuff\gravitation\info\images\creator_7x4.jpg --> ftp.ainoyume.net /public_html/dream/info/images creator_7x4.jpg
2007.08.25 20:50 B C:\Documents and Settings\Grace\Desktop\Anime\SweetMina\Other Stuff\gravitation\info\images\creatorbg.jpg --> ftp.ainoyume.net /public_html/dream/info/images creatorbg.jpg
2007.08.25 20:50 B C:\Documents and Settings\Grace\Desktop\Anime\SweetMina\Other Stuff\gravitation\info\images\d_k.jpg --> ftp.ainoyume.net /public_html/dream/info/images d_k.jpg
2007.08.25 20:50 B C:\Documents and Settings\Grace\Desktop\Anime\SweetMina\Other Stuff\gravitation\info\images\dictionary_1x2.jpg --> ftp.ainoyume.net /public_html/dream/info/images dictionary_1x2.jpg
2007.08.25 20:50 B C:\Documents and Settings\Grace\Desktop\Anime\SweetMina\Other Stuff\gravitation\info\images\dictionary_1x3.jpg --> ftp.ainoyume.net /public_html/dream/info/images dictionary_1x3.jpg
2007.08.25 20:50 B C:\Documents and Settings\Grace\Desktop\Anime\SweetMina\Other Stuff\gravitation\info\images\dictionary_1x4.jpg --> ftp.ainoyume.net /public_html/dream/info/images dictionary_1x4.jpg
2007.08.25 20:50 B C:\Documents and Settings\Grace\Desktop\Anime\SweetMina\Other Stuff\gravitation\info\images\dictionary_1x5.jpg --> ftp.ainoyume.net /public_html/dream/info/images dictionary_1x5.jpg
2007.08.25 20:50 B C:\Documents and Settings\Grace\Desktop\Anime\SweetMina\Other Stuff\gravitation\info\images\dictionary_2x1.jpg --> ftp.ainoyume.net /public_html/dream/info/images dictionary_2x1.jpg
2007.08.25 20:50 B C:\Documents and Settings\Grace\Desktop\Anime\SweetMina\Other Stuff\gravitation\info\images\dictionary_2x2.gif --> ftp.ainoyume.net /public_html/dream/info/images dictionary_2x2.gif
2007.08.25 20:50 B C:\Documents and Settings\Grace\Desktop\Anime\SweetMina\Other Stuff\gravitation\info\images\dictionary_2x3.jpg --> ftp.ainoyume.net /public_html/dream/info/images dictionary_2x3.jpg
2007.08.25 20:50 B C:\Documents and Settings\Grace\Desktop\Anime\SweetMina\Other Stuff\gravitation\info\images\dictionary_3x1.jpg --> ftp.ainoyume.net /public_html/dream/info/images dictionary_3x1.jpg
2007.08.25 20:50 B C:\Documents and Settings\Grace\Desktop\Anime\SweetMina\Other Stuff\gravitation\info\images\dictionary_3x2.jpg --> ftp.ainoyume.net /public_html/dream/info/images dictionary_3x2.jpg
2007.08.25 20:50 B C:\Documents and Settings\Grace\Desktop\Anime\SweetMina\Other Stuff\gravitation\info\images\dictionary_4x1.jpg --> ftp.ainoyume.net /public_html/dream/info/images dictionary_4x1.jpg
2007.08.25 20:50 B C:\Documents and Settings\Grace\Desktop\Anime\SweetMina\Other Stuff\gravitation\info\images\dictionary_5x1.jpg --> ftp.ainoyume.net /public_html/dream/info/images dictionary_5x1.jpg
2007.08.25 20:50 B C:\Documents and Settings\Grace\Desktop\Anime\SweetMina\Other Stuff\gravitation\info\images\dictionary_5x2.jpg --> ftp.ainoyume.net /public_html/dream/info/images dictionary_5x2.jpg
2007.08.25 20:50 B C:\Documents and Settings\Grace\Desktop\Anime\SweetMina\Other Stuff\gravitation\info\images\dictionary_5x3.jpg --> ftp.ainoyume.net /public_html/dream/info/images dictionary_5x3.jpg
2007.08.25 20:50 B C:\Documents and Settings\Grace\Desktop\Anime\SweetMina\Other Stuff\gravitation\info\images\dictionary_5x4.jpg --> ftp.ainoyume.net /public_html/dream/info/images dictionary_5x4.jpg
2007.08.25 20:50 B C:\Documents and Settings\Grace\Desktop\Anime\SweetMina\Other Stuff\gravitation\info\images\dictionary_6x1.jpg --> ftp.ainoyume.net /public_html/dream/info/images dictionary_6x1.jpg
2007.08.25 20:50 B C:\Documents and Settings\Grace\Desktop\Anime\SweetMina\Other Stuff\gravitation\info\images\dictionary_6x2.jpg --> ftp.ainoyume.net /public_html/dream/info/images dictionary_6x2.jpg
2007.08.25 20:50 B C:\Documents and Settings\Grace\Desktop\Anime\SweetMina\Other Stuff\gravitation\info\images\dictionary_6x3.jpg --> ftp.ainoyume.net /public_html/dream/info/images dictionary_6x3.jpg
2007.08.25 20:50 B C:\Documents and Settings\Grace\Desktop\Anime\SweetMina\Other Stuff\gravitation\info\images\dictionary_6x4.jpg --> ftp.ainoyume.net /public_html/dream/info/images dictionary_6x4.jpg
2007.08.25 20:50 B C:\Documents and Settings\Grace\Desktop\Anime\SweetMina\Other Stuff\gravitation\info\images\dictionarybg.jpg --> ftp.ainoyume.net /public_html/dream/info/images dictionarybg.jpg
2007.08.25 20:50 B C:\Documents and Settings\Grace\Desktop\Anime\SweetMina\Other Stuff\gravitation\info\images\dramacd1.jpg --> ftp.ainoyume.net /public_html/dream/info/images dramacd1.jpg
2007.08.25 20:50 B C:\Documents and Settings\Grace\Desktop\Anime\SweetMina\Other Stuff\gravitation\info\images\dramacd2.jpg --> ftp.ainoyume.net /public_html/dream/info/images dramacd2.jpg
2007.08.25 20:50 B C:\Documents and Settings\Grace\Desktop\Anime\SweetMina\Other Stuff\gravitation\info\images\dvdoav.jpg --> ftp.ainoyume.net /public_html/dream/info/images dvdoav.jpg
2007.08.25 20:50 B C:\Documents and Settings\Grace\Desktop\Anime\SweetMina\Other Stuff\gravitation\info\images\fujisaki.jpg --> ftp.ainoyume.net /public_html/dream/info/images fujisaki.jpg
2007.08.25 20:50 B C:\Documents and Settings\Grace\Desktop\Anime\SweetMina\Other Stuff\gravitation\info\images\hiro.jpg --> ftp.ainoyume.net /public_html/dream/info/images hiro.jpg
2007.08.25 20:50 B C:\Documents and Settings\Grace\Desktop\Anime\SweetMina\Other Stuff\gravitation\info\images\hiro0.jpg --> ftp.ainoyume.net /public_html/dream/info/images hiro0.jpg
2007.08.25 20:50 B C:\Documents and Settings\Grace\Desktop\Anime\SweetMina\Other Stuff\gravitation\info\images\hiro00.jpg --> ftp.ainoyume.net /public_html/dream/info/images hiro00.jpg
2007.08.25 20:50 B C:\Documents and Settings\Grace\Desktop\Anime\SweetMina\Other Stuff\gravitation\info\images\hiro01.jpg --> ftp.ainoyume.net /public_html/dream/info/images hiro01.jpg
2007.08.25 20:50 B C:\Documents and Settings\Grace\Desktop\Anime\SweetMina\Other Stuff\gravitation\info\images\hiro02.jpg --> ftp.ainoyume.net /public_html/dream/info/images hiro02.jpg
2007.08.25 20:50 B C:\Documents and Settings\Grace\Desktop\Anime\SweetMina\Other Stuff\gravitation\info\images\hiro03.jpg --> ftp.ainoyume.net /public_html/dream/info/images hiro03.jpg
2007.08.25 20:50 B C:\Documents and Settings\Grace\Desktop\Anime\SweetMina\Other Stuff\gravitation\info\images\hiro04.jpg --> ftp.ainoyume.net /public_html/dream/info/images hiro04.jpg
2007.08.25 20:50 B C:\Documents and Settings\Grace\Desktop\Anime\SweetMina\Other Stuff\gravitation\info\images\hiro05.jpg --> ftp.ainoyume.net /public_html/dream/info/images hiro05.jpg
2007.08.25 20:50 B C:\Documents and Settings\Grace\Desktop\Anime\SweetMina\Other Stuff\gravitation\info\images\hiro_san.jpg --> ftp.ainoyume.net /public_html/dream/info/images hiro_san.jpg
2007.08.25 20:50 B C:\Documents and Settings\Grace\Desktop\Anime\SweetMina\Other Stuff\gravitation\info\images\hiroshui.jpg --> ftp.ainoyume.net /public_html/dream/info/images hiroshui.jpg
2007.08.25 20:50 B C:\Documents and Settings\Grace\Desktop\Anime\SweetMina\Other Stuff\gravitation\info\images\ikezawa.jpg --> ftp.ainoyume.net /public_html/dream/info/images ikezawa.jpg
2007.08.25 20:50 B C:\Documents and Settings\Grace\Desktop\Anime\SweetMina\Other Stuff\gravitation\info\images\ikezawa0.jpg --> ftp.ainoyume.net /public_html/dream/info/images ikezawa0.jpg
2007.08.25 20:50 B C:\Documents and Settings\Grace\Desktop\Anime\SweetMina\Other Stuff\gravitation\info\images\info_1x1.jpg --> ftp.ainoyume.net /public_html/dream/info/images info_1x1.jpg
2007.08.25 20:50 B C:\Documents and Settings\Grace\Desktop\Anime\SweetMina\Other Stuff\gravitation\info\images\info_1x2.jpg --> ftp.ainoyume.net /public_html/dream/info/images info_1x2.jpg
2007.08.25 20:50 B C:\Documents and Settings\Grace\Desktop\Anime\SweetMina\Other Stuff\gravitation\info\images\info_1x3.jpg --> ftp.ainoyume.net /public_html/dream/info/images info_1x3.jpg
2007.08.25 20:50 B C:\Documents and Settings\Grace\Desktop\Anime\SweetMina\Other Stuff\gravitation\info\images\info_1x4.jpg --> ftp.ainoyume.net /public_html/dream/info/images info_1x4.jpg
2007.08.25 20:50 B C:\Documents and Settings\Grace\Desktop\Anime\SweetMina\Other Stuff\gravitation\info\images\info_1x5.jpg --> ftp.ainoyume.net /public_html/dream/info/images info_1x5.jpg
2007.08.25 20:50 B C:\Documents and Settings\Grace\Desktop\Anime\SweetMina\Other Stuff\gravitation\info\images\info_4x1.jpg --> ftp.ainoyume.net /public_html/dream/info/images info_4x1.jpg
2007.08.25 20:50 B C:\Documents and Settings\Grace\Desktop\Anime\SweetMina\Other Stuff\gravitation\info\images\info_4x2.jpg --> ftp.ainoyume.net /public_html/dream/info/images info_4x2.jpg
2007.08.25 20:50 B C:\Documents and Settings\Grace\Desktop\Anime\SweetMina\Other Stuff\gravitation\info\images\info_4x3.jpg --> ftp.ainoyume.net /public_html/dream/info/images info_4x3.jpg
2007.08.25 20:50 B C:\Documents and Settings\Grace\Desktop\Anime\SweetMina\Other Stuff\gravitation\info\images\info_4x4.jpg --> ftp.ainoyume.net /public_html/dream/info/images info_4x4.jpg
2007.08.25 20:50 B C:\Documents and Settings\Grace\Desktop\Anime\SweetMina\Other Stuff\gravitation\info\images\info_5x1.jpg --> ftp.ainoyume.net /public_html/dream/info/images info_5x1.jpg
2007.08.25 20:50 B C:\Documents and Settings\Grace\Desktop\Anime\SweetMina\Other Stuff\gravitation\info\images\info_5x2.jpg --> ftp.ainoyume.net /public_html/dream/info/images info_5x2.jpg
2007.08.25 20:50 B C:\Documents and Settings\Grace\Desktop\Anime\SweetMina\Other Stuff\gravitation\info\images\info_5x3.jpg --> ftp.ainoyume.net /public_html/dream/info/images info_5x3.jpg
2007.08.25 20:50 B C:\Documents and Settings\Grace\Desktop\Anime\SweetMina\Other Stuff\gravitation\info\images\info_5x4.jpg --> ftp.ainoyume.net /public_html/dream/info/images info_5x4.jpg
2007.08.25 20:50 B C:\Documents and Settings\Grace\Desktop\Anime\SweetMina\Other Stuff\gravitation\info\images\info_6x1.jpg --> ftp.ainoyume.net /public_html/dream/info/images info_6x1.jpg
2007.08.25 20:50 B C:\Documents and Settings\Grace\Desktop\Anime\SweetMina\Other Stuff\gravitation\info\images\info_6x2.jpg --> ftp.ainoyume.net /public_html/dream/info/images info_6x2.jpg
2007.08.25 20:50 B C:\Documents and Settings\Grace\Desktop\Anime\SweetMina\Other Stuff\gravitation\info\images\info_6x3.jpg --> ftp.ainoyume.net /public_html/dream/info/images info_6x3.jpg
2007.08.25 20:50 B C:\Documents and Settings\Grace\Desktop\Anime\SweetMina\Other Stuff\gravitation\info\images\ishikawa.jpg --> ftp.ainoyume.net /public_html/dream/info/images ishikawa.jpg
2007.08.25 20:50 B C:\Documents and Settings\Grace\Desktop\Anime\SweetMina\Other Stuff\gravitation\info\images\ishikawa0.jpg --> ftp.ainoyume.net /public_html/dream/info/images ishikawa0.jpg
2007.08.25 20:50 B C:\Documents and Settings\Grace\Desktop\Anime\SweetMina\Other Stuff\gravitation\info\images\judy.jpg --> ftp.ainoyume.net /public_html/dream/info/images judy.jpg
2007.08.25 20:50 B C:\Documents and Settings\Grace\Desktop\Anime\SweetMina\Other Stuff\gravitation\info\images\k0.jpg --> ftp.ainoyume.net /public_html/dream/info/images k0.jpg
2007.08.25 20:50 B C:\Documents and Settings\Grace\Desktop\Anime\SweetMina\Other Stuff\gravitation\info\images\k00.jpg --> ftp.ainoyume.net /public_html/dream/info/images k00.jpg
2007.08.25 20:50 B C:\Documents and Settings\Grace\Desktop\Anime\SweetMina\Other Stuff\gravitation\info\images\k001.jpg --> ftp.ainoyume.net /public_html/dream/info/images k001.jpg
2007.08.25 20:50 B C:\Documents and Settings\Grace\Desktop\Anime\SweetMina\Other Stuff\gravitation\info\images\k1.jpg --> ftp.ainoyume.net /public_html/dream/info/images k1.jpg
2007.08.25 20:50 B C:\Documents and Settings\Grace\Desktop\Anime\SweetMina\Other Stuff\gravitation\info\images\k_san.jpg --> ftp.ainoyume.net /public_html/dream/info/images k_san.jpg
2007.08.25 20:50 B C:\Documents and Settings\Grace\Desktop\Anime\SweetMina\Other Stuff\gravitation\info\images\kappei.jpg --> ftp.ainoyume.net /public_html/dream/info/images kappei.jpg
2007.08.25 20:50 B C:\Documents and Settings\Grace\Desktop\Anime\SweetMina\Other Stuff\gravitation\info\images\kappei0.jpg --> ftp.ainoyume.net /public_html/dream/info/images kappei0.jpg
2007.08.25 20:50 B C:\Documents and Settings\Grace\Desktop\Anime\SweetMina\Other Stuff\gravitation\info\images\kazuhiko.gif --> ftp.ainoyume.net /public_html/dream/info/images kazuhiko.gif
2007.08.25 20:50 B C:\Documents and Settings\Grace\Desktop\Anime\SweetMina\Other Stuff\gravitation\info\images\kazuhiko0.jpg --> ftp.ainoyume.net /public_html/dream/info/images kazuhiko0.jpg
2007.08.25 20:50 B C:\Documents and Settings\Grace\Desktop\Anime\SweetMina\Other Stuff\gravitation\info\images\kinya.jpg --> ftp.ainoyume.net /public_html/dream/info/images kinya.jpg
2007.08.25 20:50 B C:\Documents and Settings\Grace\Desktop\Anime\SweetMina\Other Stuff\gravitation\info\images\kinya0.jpg --> ftp.ainoyume.net /public_html/dream/info/images kinya0.jpg
2007.08.25 20:50 B C:\Documents and Settings\Grace\Desktop\Anime\SweetMina\Other Stuff\gravitation\info\images\kitazawa.jpg --> ftp.ainoyume.net /public_html/dream/info/images kitazawa.jpg
2007.08.25 20:50 B C:\Documents and Settings\Grace\Desktop\Anime\SweetMina\Other Stuff\gravitation\info\images\kitazawa1.jpg --> ftp.ainoyume.net /public_html/dream/info/images kitazawa1.jpg
2007.08.25 20:50 B C:\Documents and Settings\Grace\Desktop\Anime\SweetMina\Other Stuff\gravitation\info\images\kito.jpg --> ftp.ainoyume.net /public_html/dream/info/images kito.jpg
2007.08.25 20:50 B C:\Documents and Settings\Grace\Desktop\Anime\SweetMina\Other Stuff\gravitation\info\images\koo1.jpg --> ftp.ainoyume.net /public_html/dream/info/images koo1.jpg
2007.08.25 20:50 B C:\Documents and Settings\Grace\Desktop\Anime\SweetMina\Other Stuff\gravitation\info\images\koyasu.jpg --> ftp.ainoyume.net /public_html/dream/info/images koyasu.jpg
2007.08.25 20:50 B C:\Documents and Settings\Grace\Desktop\Anime\SweetMina\Other Stuff\gravitation\info\images\koyasu0.jpg --> ftp.ainoyume.net /public_html/dream/info/images koyasu0.jpg
2007.08.25 20:50 B C:\Documents and Settings\Grace\Desktop\Anime\SweetMina\Other Stuff\gravitation\info\images\ku0.jpg --> ftp.ainoyume.net /public_html/dream/info/images ku0.jpg
2007.08.25 20:50 B C:\Documents and Settings\Grace\Desktop\Anime\SweetMina\Other Stuff\gravitation\info\images\ku1.jpg --> ftp.ainoyume.net /public_html/dream/info/images ku1.jpg
2007.08.25 20:50 B C:\Documents and Settings\Grace\Desktop\Anime\SweetMina\Other Stuff\gravitation\info\images\ku2.jpg --> ftp.ainoyume.net /public_html/dream/info/images ku2.jpg
2007.08.25 20:50 B C:\Documents and Settings\Grace\Desktop\Anime\SweetMina\Other Stuff\gravitation\info\images\kulay1.jpg --> ftp.ainoyume.net /public_html/dream/info/images kulay1.jpg
2007.08.25 20:50 B C:\Documents and Settings\Grace\Desktop\Anime\SweetMina\Other Stuff\gravitation\info\images\kulay2.jpg --> ftp.ainoyume.net /public_html/dream/info/images kulay2.jpg
2007.08.25 20:50 B C:\Documents and Settings\Grace\Desktop\Anime\SweetMina\Other Stuff\gravitation\info\images\kulay3.jpg --> ftp.ainoyume.net /public_html/dream/info/images kulay3.jpg
2007.08.25 20:50 B C:\Documents and Settings\Grace\Desktop\Anime\SweetMina\Other Stuff\gravitation\info\images\kulay4.jpg --> ftp.ainoyume.net /public_html/dream/info/images kulay4.jpg
2007.08.25 20:50 B C:\Documents and Settings\Grace\Desktop\Anime\SweetMina\Other Stuff\gravitation\info\images\kulay5.jpg --> ftp.ainoyume.net /public_html/dream/info/images kulay5.jpg
2007.08.25 20:50 B C:\Documents and Settings\Grace\Desktop\Anime\SweetMina\Other Stuff\gravitation\info\images\kulay6.jpg --> ftp.ainoyume.net /public_html/dream/info/images kulay6.jpg
2007.08.25 20:50 B C:\Documents and Settings\Grace\Desktop\Anime\SweetMina\Other Stuff\gravitation\info\images\kulay7.jpg --> ftp.ainoyume.net /public_html/dream/info/images kulay7.jpg
2007.08.25 20:50 B C:\Documents and Settings\Grace\Desktop\Anime\SweetMina\Other Stuff\gravitation\info\images\kuma.jpg --> ftp.ainoyume.net /public_html/dream/info/images kuma.jpg
2007.08.25 20:50 B C:\Documents and Settings\Grace\Desktop\Anime\SweetMina\Other Stuff\gravitation\info\images\kuma_1x1.gif --> ftp.ainoyume.net /public_html/dream/info/images kuma_1x1.gif
2007.08.25 20:50 B C:\Documents and Settings\Grace\Desktop\Anime\SweetMina\Other Stuff\gravitation\info\images\kuma_1x2.gif --> ftp.ainoyume.net /public_html/dream/info/images kuma_1x2.gif
2007.08.25 20:50 B C:\Documents and Settings\Grace\Desktop\Anime\SweetMina\Other Stuff\gravitation\info\images\kuma_1x3.gif --> ftp.ainoyume.net /public_html/dream/info/images kuma_1x3.gif
2007.08.25 20:50 B C:\Documents and Settings\Grace\Desktop\Anime\SweetMina\Other Stuff\gravitation\info\images\kuma_1x4.gif --> ftp.ainoyume.net /public_html/dream/info/images kuma_1x4.gif
2007.08.25 20:50 B C:\Documents and Settings\Grace\Desktop\Anime\SweetMina\Other Stuff\gravitation\info\images\kuma_1x5.gif --> ftp.ainoyume.net /public_html/dream/info/images kuma_1x5.gif
2007.08.25 20:50 B C:\Documents and Settings\Grace\Desktop\Anime\SweetMina\Other Stuff\gravitation\info\images\kuma_1x6.gif --> ftp.ainoyume.net /public_html/dream/info/images kuma_1x6.gif
2007.08.25 20:50 B C:\Documents and Settings\Grace\Desktop\Anime\SweetMina\Other Stuff\gravitation\info\images\kuma_2x1.gif --> ftp.ainoyume.net /public_html/dream/info/images kuma_2x1.gif
2007.08.25 20:50 B C:\Documents and Settings\Grace\Desktop\Anime\SweetMina\Other Stuff\gravitation\info\images\kuma_3x1.gif --> ftp.ainoyume.net /public_html/dream/info/images kuma_3x1.gif
2007.08.25 20:50 B C:\Documents and Settings\Grace\Desktop\Anime\SweetMina\Other Stuff\gravitation\info\images\kuma_3x2.gif --> ftp.ainoyume.net /public_html/dream/info/images kuma_3x2.gif
2007.08.25 20:50 B C:\Documents and Settings\Grace\Desktop\Anime\SweetMina\Other Stuff\gravitation\info\images\kuma_3x3.gif --> ftp.ainoyume.net /public_html/dream/info/images kuma_3x3.gif
2007.08.25 20:50 B C:\Documents and Settings\Grace\Desktop\Anime\SweetMina\Other Stuff\gravitation\info\images\kuma_3x4.gif --> ftp.ainoyume.net /public_html/dream/info/images kuma_3x4.gif
2007.08.25 20:50 B C:\Documents and Settings\Grace\Desktop\Anime\SweetMina\Other Stuff\gravitation\info\images\kuma_4x1.gif --> ftp.ainoyume.net /public_html/dream/info/images kuma_4x1.gif
2007.08.25 20:50 B C:\Documents and Settings\Grace\Desktop\Anime\SweetMina\Other Stuff\gravitation\info\images\kuma_5x1.gif --> ftp.ainoyume.net /public_html/dream/info/images kuma_5x1.gif
2007.08.25 20:50 B C:\Documents and Settings\Grace\Desktop\Anime\SweetMina\Other Stuff\gravitation\info\images\kuma_5x2.gif --> ftp.ainoyume.net /public_html/dream/info/images kuma_5x2.gif
2007.08.25 20:50 B C:\Documents and Settings\Grace\Desktop\Anime\SweetMina\Other Stuff\gravitation\info\images\kuma_5x3.gif --> ftp.ainoyume.net /public_html/dream/info/images kuma_5x3.gif
2007.08.25 20:50 B C:\Documents and Settings\Grace\Desktop\Anime\SweetMina\Other Stuff\gravitation\info\images\kuma_5x4.gif --> ftp.ainoyume.net /public_html/dream/info/images kuma_5x4.gif
2007.08.25 20:50 B C:\Documents and Settings\Grace\Desktop\Anime\SweetMina\Other Stuff\gravitation\info\images\kuma_6x1.gif --> ftp.ainoyume.net /public_html/dream/info/images kuma_6x1.gif
2007.08.25 20:50 B C:\Documents and Settings\Grace\Desktop\Anime\SweetMina\Other Stuff\gravitation\info\images\kuma_7x1.gif --> ftp.ainoyume.net /public_html/dream/info/images kuma_7x1.gif
2007.08.25 20:50 B C:\Documents and Settings\Grace\Desktop\Anime\SweetMina\Other Stuff\gravitation\info\images\kuma_7x2.gif --> ftp.ainoyume.net /public_html/dream/info/images kuma_7x2.gif
2007.08.25 20:50 B C:\Documents and Settings\Grace\Desktop\Anime\SweetMina\Other Stuff\gravitation\info\images\kuma_7x3.gif --> ftp.ainoyume.net /public_html/dream/info/images kuma_7x3.gif
2007.08.25 20:50 B C:\Documents and Settings\Grace\Desktop\Anime\SweetMina\Other Stuff\gravitation\info\images\kuma_7x4.gif --> ftp.ainoyume.net /public_html/dream/info/images kuma_7x4.gif
2007.08.25 20:50 B C:\Documents and Settings\Grace\Desktop\Anime\SweetMina\Other Stuff\gravitation\info\images\kuma_8x1.gif --> ftp.ainoyume.net /public_html/dream/info/images kuma_8x1.gif
2007.08.25 20:50 B C:\Documents and Settings\Grace\Desktop\Anime\SweetMina\Other Stuff\gravitation\info\images\kuma_8x2.gif --> ftp.ainoyume.net /public_html/dream/info/images kuma_8x2.gif
2007.08.25 20:50 B C:\Documents and Settings\Grace\Desktop\Anime\SweetMina\Other Stuff\gravitation\info\images\kuma_8x3.gif --> ftp.ainoyume.net /public_html/dream/info/images kuma_8x3.gif
2007.08.25 20:51 B C:\Documents and Settings\Grace\Desktop\Anime\SweetMina\Other Stuff\gravitation\info\images\kuma_8x4.gif --> ftp.ainoyume.net /public_html/dream/info/images kuma_8x4.gif
2007.08.25 20:51 B C:\Documents and Settings\Grace\Desktop\Anime\SweetMina\Other Stuff\gravitation\info\images\kuma_9x2.gif --> ftp.ainoyume.net /public_html/dream/info/images kuma_9x2.gif
2007.08.25 20:51 B C:\Documents and Settings\Grace\Desktop\Anime\SweetMina\Other Stuff\gravitation\info\images\kumabg.jpg --> ftp.ainoyume.net /public_html/dream/info/images kumabg.jpg
2007.08.25 20:51 B C:\Documents and Settings\Grace\Desktop\Anime\SweetMina\Other Stuff\gravitation\info\images\maiko0.jpg --> ftp.ainoyume.net /public_html/dream/info/images maiko0.jpg
2007.08.25 20:51 B C:\Documents and Settings\Grace\Desktop\Anime\SweetMina\Other Stuff\gravitation\info\images\mangavol1.jpg --> ftp.ainoyume.net /public_html/dream/info/images mangavol1.jpg
2007.08.25 20:51 B C:\Documents and Settings\Grace\Desktop\Anime\SweetMina\Other Stuff\gravitation\info\images\mangavol10.jpg --> ftp.ainoyume.net /public_html/dream/info/images mangavol10.jpg
2007.08.25 20:51 B C:\Documents and Settings\Grace\Desktop\Anime\SweetMina\Other Stuff\gravitation\info\images\mangavol11.jpg --> ftp.ainoyume.net /public_html/dream/info/images mangavol11.jpg
2007.08.25 20:51 B C:\Documents and Settings\Grace\Desktop\Anime\SweetMina\Other Stuff\gravitation\info\images\mangavol12.jpg --> ftp.ainoyume.net /public_html/dream/info/images mangavol12.jpg
2007.08.25 20:51 B C:\Documents and Settings\Grace\Desktop\Anime\SweetMina\Other Stuff\gravitation\info\images\mangavol2.jpg --> ftp.ainoyume.net /public_html/dream/info/images mangavol2.jpg
2007.08.25 20:51 B C:\Documents and Settings\Grace\Desktop\Anime\SweetMina\Other Stuff\gravitation\info\images\mangavol3.jpg --> ftp.ainoyume.net /public_html/dream/info/images mangavol3.jpg
2007.08.25 20:51 B C:\Documents and Settings\Grace\Desktop\Anime\SweetMina\Other Stuff\gravitation\info\images\mangavol4.jpg --> ftp.ainoyume.net /public_html/dream/info/images mangavol4.jpg
2007.08.25 20:51 B C:\Documents and Settings\Grace\Desktop\Anime\SweetMina\Other Stuff\gravitation\info\images\mangavol5.jpg --> ftp.ainoyume.net /public_html/dream/info/images mangavol5.jpg
2007.08.25 20:51 B C:\Documents and Settings\Grace\Desktop\Anime\SweetMina\Other Stuff\gravitation\info\images\mangavol6.jpg --> ftp.ainoyume.net /public_html/dream/info/images mangavol6.jpg
2007.08.25 20:51 B C:\Documents and Settings\Grace\Desktop\Anime\SweetMina\Other Stuff\gravitation\info\images\mangavol7.jpg --> ftp.ainoyume.net /public_html/dream/info/images mangavol7.jpg
2007.08.25 20:51 B C:\Documents and Settings\Grace\Desktop\Anime\SweetMina\Other Stuff\gravitation\info\images\mangavol8.jpg --> ftp.ainoyume.net /public_html/dream/info/images mangavol8.jpg
2007.08.25 20:51 B C:\Documents and Settings\Grace\Desktop\Anime\SweetMina\Other Stuff\gravitation\info\images\mangavol9.jpg --> ftp.ainoyume.net /public_html/dream/info/images mangavol9.jpg
2007.08.25 20:51 B C:\Documents and Settings\Grace\Desktop\Anime\SweetMina\Other Stuff\gravitation\info\images\matsumoto.jpg --> ftp.ainoyume.net /public_html/dream/info/images matsumoto.jpg
2007.08.25 20:51 B C:\Documents and Settings\Grace\Desktop\Anime\SweetMina\Other Stuff\gravitation\info\images\matsumoto0.gif --> ftp.ainoyume.net /public_html/dream/info/images matsumoto0.gif
2007.08.25 20:51 B C:\Documents and Settings\Grace\Desktop\Anime\SweetMina\Other Stuff\gravitation\info\images\michael.jpg --> ftp.ainoyume.net /public_html/dream/info/images michael.jpg
2007.08.25 20:51 B C:\Documents and Settings\Grace\Desktop\Anime\SweetMina\Other Stuff\gravitation\info\images\mika.jpg --> ftp.ainoyume.net /public_html/dream/info/images mika.jpg
2007.08.25 20:51 B C:\Documents and Settings\Grace\Desktop\Anime\SweetMina\Other Stuff\gravitation\info\images\mika0.jpg --> ftp.ainoyume.net /public_html/dream/info/images mika0.jpg
2007.08.25 20:51 B C:\Documents and Settings\Grace\Desktop\Anime\SweetMina\Other Stuff\gravitation\info\images\mika00.jpg --> ftp.ainoyume.net /public_html/dream/info/images mika00.jpg
2007.08.25 20:51 B C:\Documents and Settings\Grace\Desktop\Anime\SweetMina\Other Stuff\gravitation\info\images\mika01.jpg --> ftp.ainoyume.net /public_html/dream/info/images mika01.jpg
2007.08.25 20:51 B C:\Documents and Settings\Grace\Desktop\Anime\SweetMina\Other Stuff\gravitation\info\images\mika02.jpg --> ftp.ainoyume.net /public_html/dream/info/images mika02.jpg
2007.08.25 20:51 B C:\Documents and Settings\Grace\Desktop\Anime\SweetMina\Other Stuff\gravitation\info\images\mika03.jpg --> ftp.ainoyume.net /public_html/dream/info/images mika03.jpg
2007.08.25 20:51 B C:\Documents and Settings\Grace\Desktop\Anime\SweetMina\Other Stuff\gravitation\info\images\mika04.jpg --> ftp.ainoyume.net /public_html/dream/info/images mika04.jpg
2007.08.25 20:51 B C:\Documents and Settings\Grace\Desktop\Anime\SweetMina\Other Stuff\gravitation\info\images\mika05.jpg --> ftp.ainoyume.net /public_html/dream/info/images mika05.jpg
2007.08.25 20:51 B C:\Documents and Settings\Grace\Desktop\Anime\SweetMina\Other Stuff\gravitation\info\images\mika06.jpg --> ftp.ainoyume.net /public_html/dream/info/images mika06.jpg
2007.08.25 20:51 B C:\Documents and Settings\Grace\Desktop\Anime\SweetMina\Other Stuff\gravitation\info\images\mika07.jpg --> ftp.ainoyume.net /public_html/dream/info/images mika07.jpg
2007.08.25 20:51 B C:\Documents and Settings\Grace\Desktop\Anime\SweetMina\Other Stuff\gravitation\info\images\mikadad.jpg --> ftp.ainoyume.net /public_html/dream/info/images mikadad.jpg
2007.08.25 20:51 B C:\Documents and Settings\Grace\Desktop\Anime\SweetMina\Other Stuff\gravitation\info\images\mikatatsuha.jpg --> ftp.ainoyume.net /public_html/dream/info/images mikatatsuha.jpg
2007.08.25 20:51 B C:\Documents and Settings\Grace\Desktop\Anime\SweetMina\Other Stuff\gravitation\info\images\mikatohma.jpg --> ftp.ainoyume.net /public_html/dream/info/images mikatohma.jpg
2007.08.25 20:51 B C:\Documents and Settings\Grace\Desktop\Anime\SweetMina\Other Stuff\gravitation\info\images\mikayuki.jpg --> ftp.ainoyume.net /public_html/dream/info/images mikayuki.jpg
2007.08.25 20:51 B C:\Documents and Settings\Grace\Desktop\Anime\SweetMina\Other Stuff\gravitation\info\images\noriko00.jpg --> ftp.ainoyume.net /public_html/dream/info/images noriko00.jpg
2007.08.25 20:51 B C:\Documents and Settings\Grace\Desktop\Anime\SweetMina\Other Stuff\gravitation\info\images\noriko01.jpg --> ftp.ainoyume.net /public_html/dream/info/images noriko01.jpg
2007.08.25 20:51 B C:\Documents and Settings\Grace\Desktop\Anime\SweetMina\Other Stuff\gravitation\info\images\noriko02.jpg --> ftp.ainoyume.net /public_html/dream/info/images noriko02.jpg
2007.08.25 20:51 B C:\Documents and Settings\Grace\Desktop\Anime\SweetMina\Other Stuff\gravitation\info\images\noriko03.jpg --> ftp.ainoyume.net /public_html/dream/info/images noriko03.jpg
2007.08.25 20:51 B C:\Documents and Settings\Grace\Desktop\Anime\SweetMina\Other Stuff\gravitation\info\images\norikoryui.jpg --> ftp.ainoyume.net /public_html/dream/info/images norikoryui.jpg
2007.08.25 20:51 B C:\Documents and Settings\Grace\Desktop\Anime\SweetMina\Other Stuff\gravitation\info\images\norikotohma.jpg --> ftp.ainoyume.net /public_html/dream/info/images norikotohma.jpg
2007.08.25 20:51 B C:\Documents and Settings\Grace\Desktop\Anime\SweetMina\Other Stuff\gravitation\info\images\okiayu.jpg --> ftp.ainoyume.net /public_html/dream/info/images okiayu.jpg
2007.08.25 20:51 B C:\Documents and Settings\Grace\Desktop\Anime\SweetMina\Other Stuff\gravitation\info\images\okiayu0.jpg --> ftp.ainoyume.net /public_html/dream/info/images okiayu0.jpg
2007.08.25 20:51 B C:\Documents and Settings\Grace\Desktop\Anime\SweetMina\Other Stuff\gravitation\info\images\orikasa.jpg --> ftp.ainoyume.net /public_html/dream/info/images orikasa.jpg
2007.08.25 20:51 B C:\Documents and Settings\Grace\Desktop\Anime\SweetMina\Other Stuff\gravitation\info\images\orikasa0.jpg --> ftp.ainoyume.net /public_html/dream/info/images orikasa0.jpg
2007.08.25 20:51 B C:\Documents and Settings\Grace\Desktop\Anime\SweetMina\Other Stuff\gravitation\info\images\prelude_1x1.jpg --> ftp.ainoyume.net /public_html/dream/info/images prelude_1x1.jpg
2007.08.25 20:51 B C:\Documents and Settings\Grace\Desktop\Anime\SweetMina\Other Stuff\gravitation\info\images\prelude_1x2.jpg --> ftp.ainoyume.net /public_html/dream/info/images prelude_1x2.jpg
2007.08.25 20:51 B C:\Documents and Settings\Grace\Desktop\Anime\SweetMina\Other Stuff\gravitation\info\images\prelude_1x3.jpg --> ftp.ainoyume.net /public_html/dream/info/images prelude_1x3.jpg
2007.08.25 20:51 B C:\Documents and Settings\Grace\Desktop\Anime\SweetMina\Other Stuff\gravitation\info\images\prelude_3x1.jpg --> ftp.ainoyume.net /public_html/dream/info/images prelude_3x1.jpg
2007.08.25 20:51 B C:\Documents and Settings\Grace\Desktop\Anime\SweetMina\Other Stuff\gravitation\info\images\prelude_3x2.jpg --> ftp.ainoyume.net /public_html/dream/info/images prelude_3x2.jpg
2007.08.25 20:51 B C:\Documents and Settings\Grace\Desktop\Anime\SweetMina\Other Stuff\gravitation\info\images\prelude_4x1.jpg --> ftp.ainoyume.net /public_html/dream/info/images prelude_4x1.jpg
2007.08.25 20:51 B C:\Documents and Settings\Grace\Desktop\Anime\SweetMina\Other Stuff\gravitation\info\images\prelude_4x2.jpg --> ftp.ainoyume.net /public_html/dream/info/images prelude_4x2.jpg
2007.08.25 20:51 B C:\Documents and Settings\Grace\Desktop\Anime\SweetMina\Other Stuff\gravitation\info\images\preludebg.jpg --> ftp.ainoyume.net /public_html/dream/info/images preludebg.jpg
2007.08.25 20:51 B C:\Documents and Settings\Grace\Desktop\Anime\SweetMina\Other Stuff\gravitation\info\images\rage.jpg --> ftp.ainoyume.net /public_html/dream/info/images rage.jpg
2007.08.25 20:51 B C:\Documents and Settings\Grace\Desktop\Anime\SweetMina\Other Stuff\gravitation\info\images\remix01.jpg --> ftp.ainoyume.net /public_html/dream/info/images remix01.jpg
2007.08.25 20:51 B C:\Documents and Settings\Grace\Desktop\Anime\SweetMina\Other Stuff\gravitation\info\images\remix02.jpg --> ftp.ainoyume.net /public_html/dream/info/images remix02.jpg
2007.08.25 20:51 B C:\Documents and Settings\Grace\Desktop\Anime\SweetMina\Other Stuff\gravitation\info\images\remix03.jpg --> ftp.ainoyume.net /public_html/dream/info/images remix03.jpg
2007.08.25 20:51 B C:\Documents and Settings\Grace\Desktop\Anime\SweetMina\Other Stuff\gravitation\info\images\remix04.jpg --> ftp.ainoyume.net /public_html/dream/info/images remix04.jpg
2007.08.25 20:51 B C:\Documents and Settings\Grace\Desktop\Anime\SweetMina\Other Stuff\gravitation\info\images\remix05.jpg --> ftp.ainoyume.net /public_html/dream/info/images remix05.jpg
2007.08.25 20:51 B C:\Documents and Settings\Grace\Desktop\Anime\SweetMina\Other Stuff\gravitation\info\images\remix06.jpg --> ftp.ainoyume.net /public_html/dream/info/images remix06.jpg
2007.08.25 20:51 B C:\Documents and Settings\Grace\Desktop\Anime\SweetMina\Other Stuff\gravitation\info\images\remix07.jpg --> ftp.ainoyume.net /public_html/dream/info/images remix07.jpg
2007.08.25 20:51 B C:\Documents and Settings\Grace\Desktop\Anime\SweetMina\Other Stuff\gravitation\info\images\remix08.5.jpg --> ftp.ainoyume.net /public_html/dream/info/images remix08.5.jpg
2007.08.25 20:51 B C:\Documents and Settings\Grace\Desktop\Anime\SweetMina\Other Stuff\gravitation\info\images\remix08.jpg --> ftp.ainoyume.net /public_html/dream/info/images remix08.jpg
2007.08.25 20:51 B C:\Documents and Settings\Grace\Desktop\Anime\SweetMina\Other Stuff\gravitation\info\images\remix09.jpg --> ftp.ainoyume.net /public_html/dream/info/images remix09.jpg
2007.08.25 20:51 B C:\Documents and Settings\Grace\Desktop\Anime\SweetMina\Other Stuff\gravitation\info\images\remix10.jpg --> ftp.ainoyume.net /public_html/dream/info/images remix10.jpg
2007.08.25 20:51 B C:\Documents and Settings\Grace\Desktop\Anime\SweetMina\Other Stuff\gravitation\info\images\remix11.jpg --> ftp.ainoyume.net /public_html/dream/info/images remix11.jpg
2007.08.25 20:51 B C:\Documents and Settings\Grace\Desktop\Anime\SweetMina\Other Stuff\gravitation\info\images\rfriends.jpg --> ftp.ainoyume.net /public_html/dream/info/images rfriends.jpg
2007.08.25 20:51 B C:\Documents and Settings\Grace\Desktop\Anime\SweetMina\Other Stuff\gravitation\info\images\rfriends0.jpg --> ftp.ainoyume.net /public_html/dream/info/images rfriends0.jpg
2007.08.25 20:51 B C:\Documents and Settings\Grace\Desktop\Anime\SweetMina\Other Stuff\gravitation\info\images\rfriends1.jpg --> ftp.ainoyume.net /public_html/dream/info/images rfriends1.jpg
2007.08.25 20:51 B C:\Documents and Settings\Grace\Desktop\Anime\SweetMina\Other Stuff\gravitation\info\images\ryu_chan.jpg --> ftp.ainoyume.net /public_html/dream/info/images ryu_chan.jpg
2007.08.25 20:51 B C:\Documents and Settings\Grace\Desktop\Anime\SweetMina\Other Stuff\gravitation\info\images\ryui.jpg --> ftp.ainoyume.net /public_html/dream/info/images ryui.jpg
2007.08.25 20:51 B C:\Documents and Settings\Grace\Desktop\Anime\SweetMina\Other Stuff\gravitation\info\images\ryui0.jpg --> ftp.ainoyume.net /public_html/dream/info/images ryui0.jpg
2007.08.25 20:51 B C:\Documents and Settings\Grace\Desktop\Anime\SweetMina\Other Stuff\gravitation\info\images\ryui00.jpg --> ftp.ainoyume.net /public_html/dream/info/images ryui00.jpg
2007.08.25 20:51 B C:\Documents and Settings\Grace\Desktop\Anime\SweetMina\Other Stuff\gravitation\info\images\ryuichi.jpg --> ftp.ainoyume.net /public_html/dream/info/images ryuichi.jpg
2007.08.25 20:51 B C:\Documents and Settings\Grace\Desktop\Anime\SweetMina\Other Stuff\gravitation\info\images\ryuichi0.jpg --> ftp.ainoyume.net /public_html/dream/info/images ryuichi0.jpg
2007.08.25 20:51 B C:\Documents and Settings\Grace\Desktop\Anime\SweetMina\Other Stuff\gravitation\info\images\saka.jpg --> ftp.ainoyume.net /public_html/dream/info/images saka.jpg
2007.08.25 20:51 B C:\Documents and Settings\Grace\Desktop\Anime\SweetMina\Other Stuff\gravitation\info\images\saka0.jpg --> ftp.ainoyume.net /public_html/dream/info/images saka0.jpg
2007.08.25 20:51 B C:\Documents and Settings\Grace\Desktop\Anime\SweetMina\Other Stuff\gravitation\info\images\saka00.jpg --> ftp.ainoyume.net /public_html/dream/info/images saka00.jpg
2007.08.25 20:51 B C:\Documents and Settings\Grace\Desktop\Anime\SweetMina\Other Stuff\gravitation\info\images\saka01.jpg --> ftp.ainoyume.net /public_html/dream/info/images saka01.jpg
2007.08.25 20:51 B C:\Documents and Settings\Grace\Desktop\Anime\SweetMina\Other Stuff\gravitation\info\images\saka02.jpg --> ftp.ainoyume.net /public_html/dream/info/images saka02.jpg
2007.08.25 20:51 B C:\Documents and Settings\Grace\Desktop\Anime\SweetMina\Other Stuff\gravitation\info\images\seki.jpg --> ftp.ainoyume.net /public_html/dream/info/images seki.jpg
2007.08.25 20:51 B C:\Documents and Settings\Grace\Desktop\Anime\SweetMina\Other Stuff\gravitation\info\images\seki0.jpg --> ftp.ainoyume.net /public_html/dream/info/images seki0.jpg
2007.08.25 20:51 B C:\Documents and Settings\Grace\Desktop\Anime\SweetMina\Other Stuff\gravitation\info\images\shu.jpg --> ftp.ainoyume.net /public_html/dream/info/images shu.jpg
2007.08.25 20:51 B C:\Documents and Settings\Grace\Desktop\Anime\SweetMina\Other Stuff\gravitation\info\images\shu0.jpg --> ftp.ainoyume.net /public_html/dream/info/images shu0.jpg
2007.08.25 20:51 B C:\Documents and Settings\Grace\Desktop\Anime\SweetMina\Other Stuff\gravitation\info\images\shu00.jpg --> ftp.ainoyume.net /public_html/dream/info/images shu00.jpg
2007.08.25 20:51 B C:\Documents and Settings\Grace\Desktop\Anime\SweetMina\Other Stuff\gravitation\info\images\shu01.jpg --> ftp.ainoyume.net /public_html/dream/info/images shu01.jpg
2007.08.25 20:51 B C:\Documents and Settings\Grace\Desktop\Anime\SweetMina\Other Stuff\gravitation\info\images\shu02.jpg --> ftp.ainoyume.net /public_html/dream/info/images shu02.jpg
2007.08.25 20:51 B C:\Documents and Settings\Grace\Desktop\Anime\SweetMina\Other Stuff\gravitation\info\images\shu03.jpg --> ftp.ainoyume.net /public_html/dream/info/images shu03.jpg
2007.08.25 20:51 B C:\Documents and Settings\Grace\Desktop\Anime\SweetMina\Other Stuff\gravitation\info\images\shu_chan.jpg --> ftp.ainoyume.net /public_html/dream/info/images shu_chan.jpg
2007.08.25 20:51 B C:\Documents and Settings\Grace\Desktop\Anime\SweetMina\Other Stuff\gravitation\info\images\shuhiro.jpg --> ftp.ainoyume.net /public_html/dream/info/images shuhiro.jpg
2007.08.25 20:51 B C:\Documents and Settings\Grace\Desktop\Anime\SweetMina\Other Stuff\gravitation\info\images\shui0.jpg --> ftp.ainoyume.net /public_html/dream/info/images shui0.jpg
2007.08.25 20:51 B C:\Documents and Settings\Grace\Desktop\Anime\SweetMina\Other Stuff\gravitation\info\images\shui01.jpg --> ftp.ainoyume.net /public_html/dream/info/images shui01.jpg
2007.08.25 20:51 B C:\Documents and Settings\Grace\Desktop\Anime\SweetMina\Other Stuff\gravitation\info\images\shui03.jpg --> ftp.ainoyume.net /public_html/dream/info/images shui03.jpg
2007.08.25 20:51 B C:\Documents and Settings\Grace\Desktop\Anime\SweetMina\Other Stuff\gravitation\info\images\shui1.jpg --> ftp.ainoyume.net /public_html/dream/info/images shui1.jpg
2007.08.25 20:51 B C:\Documents and Settings\Grace\Desktop\Anime\SweetMina\Other Stuff\gravitation\info\images\shuichicollection.jpg --> ftp.ainoyume.net /public_html/dream/info/images shuichicollection.jpg
2007.08.25 20:51 B C:\Documents and Settings\Grace\Desktop\Anime\SweetMina\Other Stuff\gravitation\info\images\shuryu.jpg --> ftp.ainoyume.net /public_html/dream/info/images shuryu.jpg
2007.08.25 20:51 B C:\Documents and Settings\Grace\Desktop\Anime\SweetMina\Other Stuff\gravitation\info\images\shusuguru.jpg --> ftp.ainoyume.net /public_html/dream/info/images shusuguru.jpg
2007.08.25 20:51 B C:\Documents and Settings\Grace\Desktop\Anime\SweetMina\Other Stuff\gravitation\info\images\shuyuki.jpg --> ftp.ainoyume.net /public_html/dream/info/images shuyuki.jpg
2007.08.25 20:51 B C:\Documents and Settings\Grace\Desktop\Anime\SweetMina\Other Stuff\gravitation\info\images\soundstory.jpg --> ftp.ainoyume.net /public_html/dream/info/images soundstory.jpg
2007.08.25 20:51 B C:\Documents and Settings\Grace\Desktop\Anime\SweetMina\Other Stuff\gravitation\info\images\soundstory2.jpg --> ftp.ainoyume.net /public_html/dream/info/images soundstory2.jpg
2007.08.25 20:51 B C:\Documents and Settings\Grace\Desktop\Anime\SweetMina\Other Stuff\gravitation\info\images\soundstory3.jpg --> ftp.ainoyume.net /public_html/dream/info/images soundstory3.jpg
2007.08.25 20:51 B C:\Documents and Settings\Grace\Desktop\Anime\SweetMina\Other Stuff\gravitation\info\images\sugu.jpg --> ftp.ainoyume.net /public_html/dream/info/images sugu.jpg
2007.08.25 20:51 B C:\Documents and Settings\Grace\Desktop\Anime\SweetMina\Other Stuff\gravitation\info\images\sugu0.jpg --> ftp.ainoyume.net /public_html/dream/info/images sugu0.jpg
2007.08.25 20:51 B C:\Documents and Settings\Grace\Desktop\Anime\SweetMina\Other Stuff\gravitation\info\images\sugu01.jpg --> ftp.ainoyume.net /public_html/dream/info/images sugu01.jpg
2007.08.25 20:51 B C:\Documents and Settings\Grace\Desktop\Anime\SweetMina\Other Stuff\gravitation\info\images\suguru.jpg --> ftp.ainoyume.net /public_html/dream/info/images suguru.jpg
2007.08.25 20:51 B C:\Documents and Settings\Grace\Desktop\Anime\SweetMina\Other Stuff\gravitation\info\images\suguru_san.jpg --> ftp.ainoyume.net /public_html/dream/info/images suguru_san.jpg
2007.08.25 20:51 B C:\Documents and Settings\Grace\Desktop\Anime\SweetMina\Other Stuff\gravitation\info\images\tachi_san.jpg --> ftp.ainoyume.net /public_html/dream/info/images tachi_san.jpg
2007.08.25 20:51 B C:\Documents and Settings\Grace\Desktop\Anime\SweetMina\Other Stuff\gravitation\info\images\takimoto.jpg --> ftp.ainoyume.net /public_html/dream/info/images takimoto.jpg
2007.08.25 20:51 B C:\Documents and Settings\Grace\Desktop\Anime\SweetMina\Other Stuff\gravitation\info\images\takimoto0.jpg --> ftp.ainoyume.net /public_html/dream/info/images takimoto0.jpg
2007.08.25 20:51 B C:\Documents and Settings\Grace\Desktop\Anime\SweetMina\Other Stuff\gravitation\info\images\tanaka.jpg --> ftp.ainoyume.net /public_html/dream/info/images tanaka.jpg
2007.08.25 20:51 B C:\Documents and Settings\Grace\Desktop\Anime\SweetMina\Other Stuff\gravitation\info\images\tanaka0.jpg --> ftp.ainoyume.net /public_html/dream/info/images tanaka0.jpg
2007.08.25 20:51 B C:\Documents and Settings\Grace\Desktop\Anime\SweetMina\Other Stuff\gravitation\info\images\tas.jpg --> ftp.ainoyume.net /public_html/dream/info/images tas.jpg
2007.08.25 20:51 B C:\Documents and Settings\Grace\Desktop\Anime\SweetMina\Other Stuff\gravitation\info\images\tatsuha.jpg --> ftp.ainoyume.net /public_html/dream/info/images tatsuha.jpg
2007.08.25 20:51 B C:\Documents and Settings\Grace\Desktop\Anime\SweetMina\Other Stuff\gravitation\info\images\tatsuha00.jpg --> ftp.ainoyume.net /public_html/dream/info/images tatsuha00.jpg
2007.08.25 20:51 B C:\Documents and Settings\Grace\Desktop\Anime\SweetMina\Other Stuff\gravitation\info\images\tatsuha01.jpg --> ftp.ainoyume.net /public_html/dream/info/images tatsuha01.jpg
2007.08.25 20:51 B C:\Documents and Settings\Grace\Desktop\Anime\SweetMina\Other Stuff\gravitation\info\images\tatsuha02.jpg --> ftp.ainoyume.net /public_html/dream/info/images tatsuha02.jpg
2007.08.25 20:51 B C:\Documents and Settings\Grace\Desktop\Anime\SweetMina\Other Stuff\gravitation\info\images\tatsuhafather.jpg --> ftp.ainoyume.net /public_html/dream/info/images tatsuhafather.jpg
2007.08.25 20:51 B C:\Documents and Settings\Grace\Desktop\Anime\SweetMina\Other Stuff\gravitation\info\images\tatsuhamika.jpg --> ftp.ainoyume.net /public_html/dream/info/images tatsuhamika.jpg
2007.08.25 20:51 B C:\Documents and Settings\Grace\Desktop\Anime\SweetMina\Other Stuff\gravitation\info\images\tatsuhayuki.jpg --> ftp.ainoyume.net /public_html/dream/info/images tatsuhayuki.jpg
2007.08.25 20:51 B C:\Documents and Settings\Grace\Desktop\Anime\SweetMina\Other Stuff\gravitation\info\images\tohma.jpg --> ftp.ainoyume.net /public_html/dream/info/images tohma.jpg
2007.08.25 20:51 B C:\Documents and Settings\Grace\Desktop\Anime\SweetMina\Other Stuff\gravitation\info\images\tohma0.jpg --> ftp.ainoyume.net /public_html/dream/info/images tohma0.jpg
2007.08.25 20:51 B C:\Documents and Settings\Grace\Desktop\Anime\SweetMina\Other Stuff\gravitation\info\images\tohma00.jpg --> ftp.ainoyume.net /public_html/dream/info/images tohma00.jpg
2007.08.25 20:51 B C:\Documents and Settings\Grace\Desktop\Anime\SweetMina\Other Stuff\gravitation\info\images\tohma01.jpg --> ftp.ainoyume.net /public_html/dream/info/images tohma01.jpg
2007.08.25 20:51 B C:\Documents and Settings\Grace\Desktop\Anime\SweetMina\Other Stuff\gravitation\info\images\tohma02.jpg --> ftp.ainoyume.net /public_html/dream/info/images tohma02.jpg
2007.08.25 20:51 B C:\Documents and Settings\Grace\Desktop\Anime\SweetMina\Other Stuff\gravitation\info\images\tohma03.jpg --> ftp.ainoyume.net /public_html/dream/info/images tohma03.jpg
2007.08.25 20:51 B C:\Documents and Settings\Grace\Desktop\Anime\SweetMina\Other Stuff\gravitation\info\images\tohma04.jpg --> ftp.ainoyume.net /public_html/dream/info/images tohma04.jpg
2007.08.25 20:51 B C:\Documents and Settings\Grace\Desktop\Anime\SweetMina\Other Stuff\gravitation\info\images\tohma_chan.jpg --> ftp.ainoyume.net /public_html/dream/info/images tohma_chan.jpg
2007.08.25 20:51 B C:\Documents and Settings\Grace\Desktop\Anime\SweetMina\Other Stuff\gravitation\info\images\tohmanoriko.jpg --> ftp.ainoyume.net /public_html/dream/info/images tohmanoriko.jpg
2007.08.25 20:51 B C:\Documents and Settings\Grace\Desktop\Anime\SweetMina\Other Stuff\gravitation\info\images\tohmaryui.jpg --> ftp.ainoyume.net /public_html/dream/info/images tohmaryui.jpg
2007.08.25 20:51 B C:\Documents and Settings\Grace\Desktop\Anime\SweetMina\Other Stuff\gravitation\info\images\tsuru.jpg --> ftp.ainoyume.net /public_html/dream/info/images tsuru.jpg
2007.08.25 20:51 B C:\Documents and Settings\Grace\Desktop\Anime\SweetMina\Other Stuff\gravitation\info\images\Tsuru0.jpg --> ftp.ainoyume.net /public_html/dream/info/images Tsuru0.jpg
2007.08.25 20:51 B C:\Documents and Settings\Grace\Desktop\Anime\SweetMina\Other Stuff\gravitation\info\images\tvtrack.jpg --> ftp.ainoyume.net /public_html/dream/info/images tvtrack.jpg
2007.08.25 20:51 B C:\Documents and Settings\Grace\Desktop\Anime\SweetMina\Other Stuff\gravitation\info\images\vhs1.jpg --> ftp.ainoyume.net /public_html/dream/info/images vhs1.jpg
2007.08.25 20:51 B C:\Documents and Settings\Grace\Desktop\Anime\SweetMina\Other Stuff\gravitation\info\images\vhs2.jpg --> ftp.ainoyume.net /public_html/dream/info/images vhs2.jpg
2007.08.25 20:51 B C:\Documents and Settings\Grace\Desktop\Anime\SweetMina\Other Stuff\gravitation\info\images\vhs3.jpg --> ftp.ainoyume.net /public_html/dream/info/images vhs3.jpg
2007.08.25 20:51 B C:\Documents and Settings\Grace\Desktop\Anime\SweetMina\Other Stuff\gravitation\info\images\vhs4.jpg --> ftp.ainoyume.net /public_html/dream/info/images vhs4.jpg
2007.08.25 20:51 B C:\Documents and Settings\Grace\Desktop\Anime\SweetMina\Other Stuff\gravitation\info\images\vhsoav1.jpg --> ftp.ainoyume.net /public_html/dream/info/images vhsoav1.jpg
2007.08.25 20:51 B C:\Documents and Settings\Grace\Desktop\Anime\SweetMina\Other Stuff\gravitation\info\images\vhsoav2.jpg --> ftp.ainoyume.net /public_html/dream/info/images vhsoav2.jpg
2007.08.25 20:51 B C:\Documents and Settings\Grace\Desktop\Anime\SweetMina\Other Stuff\gravitation\info\images\vocalcollection.jpg --> ftp.ainoyume.net /public_html/dream/info/images vocalcollection.jpg
2007.08.25 20:51 B C:\Documents and Settings\Grace\Desktop\Anime\SweetMina\Other Stuff\gravitation\info\images\yoshiki.jpg --> ftp.ainoyume.net /public_html/dream/info/images yoshiki.jpg
2007.08.25 20:51 B C:\Documents and Settings\Grace\Desktop\Anime\SweetMina\Other Stuff\gravitation\info\images\yuki.jpg --> ftp.ainoyume.net /public_html/dream/info/images yuki.jpg
2007.08.25 20:51 B C:\Documents and Settings\Grace\Desktop\Anime\SweetMina\Other Stuff\gravitation\info\images\yuki0.jpg --> ftp.ainoyume.net /public_html/dream/info/images yuki0.jpg
2007.08.25 20:51 B C:\Documents and Settings\Grace\Desktop\Anime\SweetMina\Other Stuff\gravitation\info\images\yuki1.jpg --> ftp.ainoyume.net /public_html/dream/info/images yuki1.jpg
2007.08.25 20:51 B C:\Documents and Settings\Grace\Desktop\Anime\SweetMina\Other Stuff\gravitation\info\images\yuki_san.jpg --> ftp.ainoyume.net /public_html/dream/info/images yuki_san.jpg
2007.08.25 20:51 B C:\Documents and Settings\Grace\Desktop\Anime\SweetMina\Other Stuff\gravitation\info\images\yukidad.jpg --> ftp.ainoyume.net /public_html/dream/info/images yukidad.jpg
2007.08.25 20:51 B C:\Documents and Settings\Grace\Desktop\Anime\SweetMina\Other Stuff\gravitation\info\images\yukipic.jpg --> ftp.ainoyume.net /public_html/dream/info/images yukipic.jpg
2007.08.25 20:51 B C:\Documents and Settings\Grace\Desktop\Anime\SweetMina\Other Stuff\gravitation\info\images\yukishui.jpg --> ftp.ainoyume.net /public_html/dream/info/images yukishui.jpg
2007.08.25 20:51 B C:\Documents and Settings\Grace\Desktop\Anime\SweetMina\Other Stuff\gravitation\info\images\yukishui0.jpg --> ftp.ainoyume.net /public_html/dream/info/images yukishui0.jpg
2007.08.25 20:51 B C:\Documents and Settings\Grace\Desktop\Anime\SweetMina\Other Stuff\gravitation\info\images\yuuji.jpg --> ftp.ainoyume.net /public_html/dream/info/images yuuji.jpg
