2007.08.25 20:54 B C:\Documents and Settings\Grace\Desktop\Anime\SweetMina\Other Stuff\gravitation\media\aicons.php --> ftp.ainoyume.net /public_html/dream/media aicons.php
2007.08.25 20:54 B C:\Documents and Settings\Grace\Desktop\Anime\SweetMina\Other Stuff\gravitation\media\av54.php --> ftp.ainoyume.net /public_html/dream/media av54.php
2007.08.25 20:54 B C:\Documents and Settings\Grace\Desktop\Anime\SweetMina\Other Stuff\gravitation\media\av60.php --> ftp.ainoyume.net /public_html/dream/media av60.php
2007.08.25 20:55 B C:\Documents and Settings\Grace\Desktop\Anime\SweetMina\Other Stuff\gravitation\media\av62.php --> ftp.ainoyume.net /public_html/dream/media av62.php
2007.08.25 20:55 B C:\Documents and Settings\Grace\Desktop\Anime\SweetMina\Other Stuff\gravitation\media\av64.php --> ftp.ainoyume.net /public_html/dream/media av64.php
2007.08.25 20:55 B C:\Documents and Settings\Grace\Desktop\Anime\SweetMina\Other Stuff\gravitation\media\avatars.php --> ftp.ainoyume.net /public_html/dream/media avatars.php
2007.08.25 20:55 B C:\Documents and Settings\Grace\Desktop\Anime\SweetMina\Other Stuff\gravitation\media\bottomm.php --> ftp.ainoyume.net /public_html/dream/media bottomm.php
2007.08.25 20:55 B C:\Documents and Settings\Grace\Desktop\Anime\SweetMina\Other Stuff\gravitation\media\cosplay.php --> ftp.ainoyume.net /public_html/dream/media cosplay.php
2007.08.25 20:55 B C:\Documents and Settings\Grace\Desktop\Anime\SweetMina\Other Stuff\gravitation\media\fanart.php --> ftp.ainoyume.net /public_html/dream/media fanart.php
2007.08.25 20:55 B C:\Documents and Settings\Grace\Desktop\Anime\SweetMina\Other Stuff\gravitation\media\fancompare.html --> ftp.ainoyume.net /public_html/dream/media fancompare.html
2007.08.25 20:55 B C:\Documents and Settings\Grace\Desktop\Anime\SweetMina\Other Stuff\gravitation\media\fancomparenote.html --> ftp.ainoyume.net /public_html/dream/media fancomparenote.html
2007.08.25 20:55 B C:\Documents and Settings\Grace\Desktop\Anime\SweetMina\Other Stuff\gravitation\media\fancream.html --> ftp.ainoyume.net /public_html/dream/media fancream.html
2007.08.25 20:55 B C:\Documents and Settings\Grace\Desktop\Anime\SweetMina\Other Stuff\gravitation\media\fanfics.php --> ftp.ainoyume.net /public_html/dream/media fanfics.php
2007.08.25 20:55 B C:\Documents and Settings\Grace\Desktop\Anime\SweetMina\Other Stuff\gravitation\media\fanguidelines.php --> ftp.ainoyume.net /public_html/dream/media fanguidelines.php
2007.08.25 20:55 B C:\Documents and Settings\Grace\Desktop\Anime\SweetMina\Other Stuff\gravitation\media\fanhome.html --> ftp.ainoyume.net /public_html/dream/media fanhome.html
2007.08.25 20:55 B C:\Documents and Settings\Grace\Desktop\Anime\SweetMina\Other Stuff\gravitation\media\fanhomenote.html --> ftp.ainoyume.net /public_html/dream/media fanhomenote.html
2007.08.25 20:55 B C:\Documents and Settings\Grace\Desktop\Anime\SweetMina\Other Stuff\gravitation\media\fanmaybe.html --> ftp.ainoyume.net /public_html/dream/media fanmaybe.html
2007.08.25 20:55 B C:\Documents and Settings\Grace\Desktop\Anime\SweetMina\Other Stuff\gravitation\media\fanmaybenote.html --> ftp.ainoyume.net /public_html/dream/media fanmaybenote.html
2007.08.25 20:55 B C:\Documents and Settings\Grace\Desktop\Anime\SweetMina\Other Stuff\gravitation\media\fanpiece.html --> ftp.ainoyume.net /public_html/dream/media fanpiece.html
2007.08.25 20:55 B C:\Documents and Settings\Grace\Desktop\Anime\SweetMina\Other Stuff\gravitation\media\fanpiece02.html --> ftp.ainoyume.net /public_html/dream/media fanpiece02.html
2007.08.25 20:55 B C:\Documents and Settings\Grace\Desktop\Anime\SweetMina\Other Stuff\gravitation\media\fanpiece03.html --> ftp.ainoyume.net /public_html/dream/media fanpiece03.html
2007.08.25 20:55 B C:\Documents and Settings\Grace\Desktop\Anime\SweetMina\Other Stuff\gravitation\media\fanpiecenote.html --> ftp.ainoyume.net /public_html/dream/media fanpiecenote.html
2007.08.25 20:55 B C:\Documents and Settings\Grace\Desktop\Anime\SweetMina\Other Stuff\gravitation\media\fanwithyou.html --> ftp.ainoyume.net /public_html/dream/media fanwithyou.html
2007.08.25 20:55 B C:\Documents and Settings\Grace\Desktop\Anime\SweetMina\Other Stuff\gravitation\media\fanwithyounote.html --> ftp.ainoyume.net /public_html/dream/media fanwithyounote.html
2007.08.25 20:55 B C:\Documents and Settings\Grace\Desktop\Anime\SweetMina\Other Stuff\gravitation\media\fanworks.php --> ftp.ainoyume.net /public_html/dream/media fanworks.php
2007.08.25 20:55 B C:\Documents and Settings\Grace\Desktop\Anime\SweetMina\Other Stuff\gravitation\media\hangman.html --> ftp.ainoyume.net /public_html/dream/media hangman.html
2007.08.25 20:55 B C:\Documents and Settings\Grace\Desktop\Anime\SweetMina\Other Stuff\gravitation\media\images.php --> ftp.ainoyume.net /public_html/dream/media images.php
2007.08.25 20:55 B C:\Documents and Settings\Grace\Desktop\Anime\SweetMina\Other Stuff\gravitation\media\index.php --> ftp.ainoyume.net /public_html/dream/media index.php
2007.08.25 20:55 B C:\Documents and Settings\Grace\Desktop\Anime\SweetMina\Other Stuff\gravitation\media\leftm.php --> ftp.ainoyume.net /public_html/dream/media leftm.php
2007.08.25 20:55 B C:\Documents and Settings\Grace\Desktop\Anime\SweetMina\Other Stuff\gravitation\media\lyrics.php --> ftp.ainoyume.net /public_html/dream/media lyrics.php
2007.08.25 20:55 B C:\Documents and Settings\Grace\Desktop\Anime\SweetMina\Other Stuff\gravitation\media\lyricsGDe.php --> ftp.ainoyume.net /public_html/dream/media lyricsGDe.php
2007.08.25 20:55 B C:\Documents and Settings\Grace\Desktop\Anime\SweetMina\Other Stuff\gravitation\media\lyricsGDj.php --> ftp.ainoyume.net /public_html/dream/media lyricsGDj.php
2007.08.25 20:55 B C:\Documents and Settings\Grace\Desktop\Anime\SweetMina\Other Stuff\gravitation\media\lyricsNSe.php --> ftp.ainoyume.net /public_html/dream/media lyricsNSe.php
2007.08.25 20:55 B C:\Documents and Settings\Grace\Desktop\Anime\SweetMina\Other Stuff\gravitation\media\lyricsNSj.php --> ftp.ainoyume.net /public_html/dream/media lyricsNSj.php
2007.08.25 20:55 B C:\Documents and Settings\Grace\Desktop\Anime\SweetMina\Other Stuff\gravitation\media\lyricsPe.php --> ftp.ainoyume.net /public_html/dream/media lyricsPe.php
2007.08.25 20:55 B C:\Documents and Settings\Grace\Desktop\Anime\SweetMina\Other Stuff\gravitation\media\lyricsPj.php --> ftp.ainoyume.net /public_html/dream/media lyricsPj.php
2007.08.25 20:55 B C:\Documents and Settings\Grace\Desktop\Anime\SweetMina\Other Stuff\gravitation\media\lyricsRBe.php --> ftp.ainoyume.net /public_html/dream/media lyricsRBe.php
2007.08.25 20:55 B C:\Documents and Settings\Grace\Desktop\Anime\SweetMina\Other Stuff\gravitation\media\lyricsRBj.php --> ftp.ainoyume.net /public_html/dream/media lyricsRBj.php
2007.08.25 20:55 B C:\Documents and Settings\Grace\Desktop\Anime\SweetMina\Other Stuff\gravitation\media\lyricsSBe.php --> ftp.ainoyume.net /public_html/dream/media lyricsSBe.php
2007.08.25 20:55 B C:\Documents and Settings\Grace\Desktop\Anime\SweetMina\Other Stuff\gravitation\media\lyricsSBj.php --> ftp.ainoyume.net /public_html/dream/media lyricsSBj.php
2007.08.25 20:55 B C:\Documents and Settings\Grace\Desktop\Anime\SweetMina\Other Stuff\gravitation\media\lyricsSDe.php --> ftp.ainoyume.net /public_html/dream/media lyricsSDe.php
2007.08.25 20:55 B C:\Documents and Settings\Grace\Desktop\Anime\SweetMina\Other Stuff\gravitation\media\lyricsSDj.php --> ftp.ainoyume.net /public_html/dream/media lyricsSDj.php
2007.08.25 20:55 B C:\Documents and Settings\Grace\Desktop\Anime\SweetMina\Other Stuff\gravitation\media\lyricsSMe.php --> ftp.ainoyume.net /public_html/dream/media lyricsSMe.php
2007.08.25 20:55 B C:\Documents and Settings\Grace\Desktop\Anime\SweetMina\Other Stuff\gravitation\media\lyricsSMj.php --> ftp.ainoyume.net /public_html/dream/media lyricsSMj.php
2007.08.25 20:55 B C:\Documents and Settings\Grace\Desktop\Anime\SweetMina\Other Stuff\gravitation\media\mainm.html --> ftp.ainoyume.net /public_html/dream/media mainm.html
2007.08.25 20:55 B C:\Documents and Settings\Grace\Desktop\Anime\SweetMina\Other Stuff\gravitation\media\mainm.php --> ftp.ainoyume.net /public_html/dream/media mainm.php
2007.08.25 20:55 B C:\Documents and Settings\Grace\Desktop\Anime\SweetMina\Other Stuff\gravitation\media\memory.html --> ftp.ainoyume.net /public_html/dream/media memory.html
2007.08.25 20:55 B C:\Documents and Settings\Grace\Desktop\Anime\SweetMina\Other Stuff\gravitation\media\music.php --> ftp.ainoyume.net /public_html/dream/media music.php
2007.08.25 20:55 B C:\Documents and Settings\Grace\Desktop\Anime\SweetMina\Other Stuff\gravitation\media\poll.html --> ftp.ainoyume.net /public_html/dream/media poll.html
2007.08.25 20:55 B C:\Documents and Settings\Grace\Desktop\Anime\SweetMina\Other Stuff\gravitation\media\poll1.html --> ftp.ainoyume.net /public_html/dream/media poll1.html
2007.08.25 20:55 B C:\Documents and Settings\Grace\Desktop\Anime\SweetMina\Other Stuff\gravitation\media\poll2.html --> ftp.ainoyume.net /public_html/dream/media poll2.html
2007.08.25 20:55 B C:\Documents and Settings\Grace\Desktop\Anime\SweetMina\Other Stuff\gravitation\media\polls.php --> ftp.ainoyume.net /public_html/dream/media polls.php
2007.08.25 20:55 B C:\Documents and Settings\Grace\Desktop\Anime\SweetMina\Other Stuff\gravitation\media\puzzle.html --> ftp.ainoyume.net /public_html/dream/media puzzle.html
2007.08.25 20:55 B C:\Documents and Settings\Grace\Desktop\Anime\SweetMina\Other Stuff\gravitation\media\rightm.php --> ftp.ainoyume.net /public_html/dream/media rightm.php
2007.08.25 20:55 B C:\Documents and Settings\Grace\Desktop\Anime\SweetMina\Other Stuff\gravitation\media\skins.php --> ftp.ainoyume.net /public_html/dream/media skins.php
2007.08.25 20:55 B C:\Documents and Settings\Grace\Desktop\Anime\SweetMina\Other Stuff\gravitation\media\tichiro.html --> ftp.ainoyume.net /public_html/dream/media tichiro.html
2007.08.25 20:55 B C:\Documents and Settings\Grace\Desktop\Anime\SweetMina\Other Stuff\gravitation\media\tick.html --> ftp.ainoyume.net /public_html/dream/media tick.html
2007.08.25 20:55 B C:\Documents and Settings\Grace\Desktop\Anime\SweetMina\Other Stuff\gravitation\media\ticryuichi.html --> ftp.ainoyume.net /public_html/dream/media ticryuichi.html
2007.08.25 20:55 B C:\Documents and Settings\Grace\Desktop\Anime\SweetMina\Other Stuff\gravitation\media\ticshuichi.html --> ftp.ainoyume.net /public_html/dream/media ticshuichi.html
2007.08.25 20:55 B C:\Documents and Settings\Grace\Desktop\Anime\SweetMina\Other Stuff\gravitation\media\ticsuguru.html --> ftp.ainoyume.net /public_html/dream/media ticsuguru.html
2007.08.25 20:55 B C:\Documents and Settings\Grace\Desktop\Anime\SweetMina\Other Stuff\gravitation\media\tictachi.html --> ftp.ainoyume.net /public_html/dream/media tictachi.html
2007.08.25 20:55 B C:\Documents and Settings\Grace\Desktop\Anime\SweetMina\Other Stuff\gravitation\media\tictactoe.php --> ftp.ainoyume.net /public_html/dream/media tictactoe.php
2007.08.25 20:55 B C:\Documents and Settings\Grace\Desktop\Anime\SweetMina\Other Stuff\gravitation\media\tictohma.html --> ftp.ainoyume.net /public_html/dream/media tictohma.html
2007.08.25 20:55 B C:\Documents and Settings\Grace\Desktop\Anime\SweetMina\Other Stuff\gravitation\media\ticyuki.html --> ftp.ainoyume.net /public_html/dream/media ticyuki.html
2007.08.25 20:55 B C:\Documents and Settings\Grace\Desktop\Anime\SweetMina\Other Stuff\gravitation\media\topm.php --> ftp.ainoyume.net /public_html/dream/media topm.php
2007.08.25 20:55 B C:\Documents and Settings\Grace\Desktop\Anime\SweetMina\Other Stuff\gravitation\media\wallpapers.php --> ftp.ainoyume.net /public_html/dream/media wallpapers.php
2007.08.25 21:27 B C:\Documents and Settings\Grace\Desktop\Anime\SweetMina\Other Stuff\gravitation\media\mainm.html --> ftp.ainoyume.net /public_html/dream/media mainm.html
2007.08.25 21:28 B C:\Documents and Settings\Grace\Desktop\Anime\SweetMina\Other Stuff\gravitation\media\mainm.php --> ftp.ainoyume.net /public_html/dream/media mainm.php
