2007.08.25 20:52 B C:\Documents and Settings\Grace\Desktop\Anime\SweetMina\Other Stuff\gravitation\info\addiction.inc --> ftp.ainoyume.net /public_html/dream/info addiction.inc
2007.08.25 20:52 B C:\Documents and Settings\Grace\Desktop\Anime\SweetMina\Other Stuff\gravitation\info\addiction.php --> ftp.ainoyume.net /public_html/dream/info addiction.php
2007.08.25 20:52 B C:\Documents and Settings\Grace\Desktop\Anime\SweetMina\Other Stuff\gravitation\info\addition.php --> ftp.ainoyume.net /public_html/dream/info addition.php
2007.08.25 20:52 B C:\Documents and Settings\Grace\Desktop\Anime\SweetMina\Other Stuff\gravitation\info\alove.inc --> ftp.ainoyume.net /public_html/dream/info alove.inc
2007.08.25 20:52 B C:\Documents and Settings\Grace\Desktop\Anime\SweetMina\Other Stuff\gravitation\info\alove.php --> ftp.ainoyume.net /public_html/dream/info alove.php
2007.08.25 20:52 B C:\Documents and Settings\Grace\Desktop\Anime\SweetMina\Other Stuff\gravitation\info\apersonality.inc --> ftp.ainoyume.net /public_html/dream/info apersonality.inc
2007.08.25 20:52 B C:\Documents and Settings\Grace\Desktop\Anime\SweetMina\Other Stuff\gravitation\info\apersonality.php --> ftp.ainoyume.net /public_html/dream/info apersonality.php
2007.08.25 20:52 B C:\Documents and Settings\Grace\Desktop\Anime\SweetMina\Other Stuff\gravitation\info\ask.php --> ftp.ainoyume.net /public_html/dream/info ask.php
2007.08.25 20:52 B C:\Documents and Settings\Grace\Desktop\Anime\SweetMina\Other Stuff\gravitation\info\asummary.inc --> ftp.ainoyume.net /public_html/dream/info asummary.inc
2007.08.25 20:52 B C:\Documents and Settings\Grace\Desktop\Anime\SweetMina\Other Stuff\gravitation\info\asummary.php --> ftp.ainoyume.net /public_html/dream/info asummary.php
2007.08.25 20:52 B C:\Documents and Settings\Grace\Desktop\Anime\SweetMina\Other Stuff\gravitation\info\avoice.inc --> ftp.ainoyume.net /public_html/dream/info avoice.inc
2007.08.25 20:52 B C:\Documents and Settings\Grace\Desktop\Anime\SweetMina\Other Stuff\gravitation\info\avoice.php --> ftp.ainoyume.net /public_html/dream/info avoice.php
2007.08.25 20:52 B C:\Documents and Settings\Grace\Desktop\Anime\SweetMina\Other Stuff\gravitation\info\ayaka.inc --> ftp.ainoyume.net /public_html/dream/info ayaka.inc
2007.08.25 20:52 B C:\Documents and Settings\Grace\Desktop\Anime\SweetMina\Other Stuff\gravitation\info\ayaka.php --> ftp.ainoyume.net /public_html/dream/info ayaka.php
2007.08.25 20:52 B C:\Documents and Settings\Grace\Desktop\Anime\SweetMina\Other Stuff\gravitation\info\char.php --> ftp.ainoyume.net /public_html/dream/info char.php
2007.08.25 20:52 B C:\Documents and Settings\Grace\Desktop\Anime\SweetMina\Other Stuff\gravitation\info\creator.php --> ftp.ainoyume.net /public_html/dream/info creator.php
2007.08.25 20:52 B C:\Documents and Settings\Grace\Desktop\Anime\SweetMina\Other Stuff\gravitation\info\dictionary.php --> ftp.ainoyume.net /public_html/dream/info dictionary.php
2007.08.25 20:52 B C:\Documents and Settings\Grace\Desktop\Anime\SweetMina\Other Stuff\gravitation\info\dubsub.inc --> ftp.ainoyume.net /public_html/dream/info dubsub.inc
2007.08.25 20:52 B C:\Documents and Settings\Grace\Desktop\Anime\SweetMina\Other Stuff\gravitation\info\dubsub.php --> ftp.ainoyume.net /public_html/dream/info dubsub.php
2007.08.25 20:52 B C:\Documents and Settings\Grace\Desktop\Anime\SweetMina\Other Stuff\gravitation\info\essays.inc --> ftp.ainoyume.net /public_html/dream/info essays.inc
2007.08.25 20:52 B C:\Documents and Settings\Grace\Desktop\Anime\SweetMina\Other Stuff\gravitation\info\essays.php --> ftp.ainoyume.net /public_html/dream/info essays.php
2007.08.25 20:52 B C:\Documents and Settings\Grace\Desktop\Anime\SweetMina\Other Stuff\gravitation\info\feedback.html --> ftp.ainoyume.net /public_html/dream/info feedback.html
2007.08.25 20:52 B C:\Documents and Settings\Grace\Desktop\Anime\SweetMina\Other Stuff\gravitation\info\footer_char.inc --> ftp.ainoyume.net /public_html/dream/info footer_char.inc
2007.08.25 20:52 B C:\Documents and Settings\Grace\Desktop\Anime\SweetMina\Other Stuff\gravitation\info\gravimusic.php --> ftp.ainoyume.net /public_html/dream/info gravimusic.php
2007.08.25 20:52 B C:\Documents and Settings\Grace\Desktop\Anime\SweetMina\Other Stuff\gravitation\info\header_charAyaka.inc --> ftp.ainoyume.net /public_html/dream/info header_charAyaka.inc
2007.08.25 20:52 B C:\Documents and Settings\Grace\Desktop\Anime\SweetMina\Other Stuff\gravitation\info\header_charHiro.inc --> ftp.ainoyume.net /public_html/dream/info header_charHiro.inc
2007.08.25 20:52 B C:\Documents and Settings\Grace\Desktop\Anime\SweetMina\Other Stuff\gravitation\info\header_charK.inc --> ftp.ainoyume.net /public_html/dream/info header_charK.inc
2007.08.25 20:52 B C:\Documents and Settings\Grace\Desktop\Anime\SweetMina\Other Stuff\gravitation\info\header_charMika.inc --> ftp.ainoyume.net /public_html/dream/info header_charMika.inc
2007.08.25 20:52 B C:\Documents and Settings\Grace\Desktop\Anime\SweetMina\Other Stuff\gravitation\info\header_charNoriko.inc --> ftp.ainoyume.net /public_html/dream/info header_charNoriko.inc
2007.08.25 20:52 B C:\Documents and Settings\Grace\Desktop\Anime\SweetMina\Other Stuff\gravitation\info\header_charRyuichi.inc --> ftp.ainoyume.net /public_html/dream/info header_charRyuichi.inc
2007.08.25 20:52 B C:\Documents and Settings\Grace\Desktop\Anime\SweetMina\Other Stuff\gravitation\info\header_charSakano.inc --> ftp.ainoyume.net /public_html/dream/info header_charSakano.inc
2007.08.25 20:52 B C:\Documents and Settings\Grace\Desktop\Anime\SweetMina\Other Stuff\gravitation\info\header_charShuichi.inc --> ftp.ainoyume.net /public_html/dream/info header_charShuichi.inc
2007.08.25 20:52 B C:\Documents and Settings\Grace\Desktop\Anime\SweetMina\Other Stuff\gravitation\info\header_charSuguru.inc --> ftp.ainoyume.net /public_html/dream/info header_charSuguru.inc
2007.08.25 20:52 B C:\Documents and Settings\Grace\Desktop\Anime\SweetMina\Other Stuff\gravitation\info\header_charTatsuha.inc --> ftp.ainoyume.net /public_html/dream/info header_charTatsuha.inc
2007.08.25 20:52 B C:\Documents and Settings\Grace\Desktop\Anime\SweetMina\Other Stuff\gravitation\info\header_charTohma.inc --> ftp.ainoyume.net /public_html/dream/info header_charTohma.inc
2007.08.25 20:52 B C:\Documents and Settings\Grace\Desktop\Anime\SweetMina\Other Stuff\gravitation\info\header_charYuki.inc --> ftp.ainoyume.net /public_html/dream/info header_charYuki.inc
2007.08.25 20:52 B C:\Documents and Settings\Grace\Desktop\Anime\SweetMina\Other Stuff\gravitation\info\header_essays.inc --> ftp.ainoyume.net /public_html/dream/info header_essays.inc
2007.08.25 20:52 B C:\Documents and Settings\Grace\Desktop\Anime\SweetMina\Other Stuff\gravitation\info\header_oavsumm.inc --> ftp.ainoyume.net /public_html/dream/info header_oavsumm.inc
2007.08.25 20:52 B C:\Documents and Settings\Grace\Desktop\Anime\SweetMina\Other Stuff\gravitation\info\header_prelude.inc --> ftp.ainoyume.net /public_html/dream/info header_prelude.inc
2007.08.25 20:52 B C:\Documents and Settings\Grace\Desktop\Anime\SweetMina\Other Stuff\gravitation\info\hfriends.inc --> ftp.ainoyume.net /public_html/dream/info hfriends.inc
2007.08.25 20:52 B C:\Documents and Settings\Grace\Desktop\Anime\SweetMina\Other Stuff\gravitation\info\hfriends.php --> ftp.ainoyume.net /public_html/dream/info hfriends.php
2007.08.25 20:52 B C:\Documents and Settings\Grace\Desktop\Anime\SweetMina\Other Stuff\gravitation\info\hiro.inc --> ftp.ainoyume.net /public_html/dream/info hiro.inc
2007.08.25 20:52 B C:\Documents and Settings\Grace\Desktop\Anime\SweetMina\Other Stuff\gravitation\info\hiro.php --> ftp.ainoyume.net /public_html/dream/info hiro.php
2007.08.25 20:52 B C:\Documents and Settings\Grace\Desktop\Anime\SweetMina\Other Stuff\gravitation\info\hlove.inc --> ftp.ainoyume.net /public_html/dream/info hlove.inc
2007.08.25 20:52 B C:\Documents and Settings\Grace\Desktop\Anime\SweetMina\Other Stuff\gravitation\info\hlove.php --> ftp.ainoyume.net /public_html/dream/info hlove.php
2007.08.25 20:52 B C:\Documents and Settings\Grace\Desktop\Anime\SweetMina\Other Stuff\gravitation\info\hpersonality.inc --> ftp.ainoyume.net /public_html/dream/info hpersonality.inc
2007.08.25 20:52 B C:\Documents and Settings\Grace\Desktop\Anime\SweetMina\Other Stuff\gravitation\info\hpersonality.php --> ftp.ainoyume.net /public_html/dream/info hpersonality.php
2007.08.25 20:52 B C:\Documents and Settings\Grace\Desktop\Anime\SweetMina\Other Stuff\gravitation\info\hsummary.inc --> ftp.ainoyume.net /public_html/dream/info hsummary.inc
2007.08.25 20:52 B C:\Documents and Settings\Grace\Desktop\Anime\SweetMina\Other Stuff\gravitation\info\hsummary.php --> ftp.ainoyume.net /public_html/dream/info hsummary.php
2007.08.25 20:52 B C:\Documents and Settings\Grace\Desktop\Anime\SweetMina\Other Stuff\gravitation\info\hvoice.inc --> ftp.ainoyume.net /public_html/dream/info hvoice.inc
2007.08.25 20:52 B C:\Documents and Settings\Grace\Desktop\Anime\SweetMina\Other Stuff\gravitation\info\hvoice.php --> ftp.ainoyume.net /public_html/dream/info hvoice.php
2007.08.25 20:52 B C:\Documents and Settings\Grace\Desktop\Anime\SweetMina\Other Stuff\gravitation\info\index.php --> ftp.ainoyume.net /public_html/dream/info index.php
2007.08.25 20:52 B C:\Documents and Settings\Grace\Desktop\Anime\SweetMina\Other Stuff\gravitation\info\introd.inc --> ftp.ainoyume.net /public_html/dream/info introd.inc
2007.08.25 20:52 B C:\Documents and Settings\Grace\Desktop\Anime\SweetMina\Other Stuff\gravitation\info\introd.php --> ftp.ainoyume.net /public_html/dream/info introd.php
2007.08.25 20:52 B C:\Documents and Settings\Grace\Desktop\Anime\SweetMina\Other Stuff\gravitation\info\k.inc --> ftp.ainoyume.net /public_html/dream/info k.inc
2007.08.25 20:52 B C:\Documents and Settings\Grace\Desktop\Anime\SweetMina\Other Stuff\gravitation\info\k.php --> ftp.ainoyume.net /public_html/dream/info k.php
2007.08.25 20:52 B C:\Documents and Settings\Grace\Desktop\Anime\SweetMina\Other Stuff\gravitation\info\kfamily.inc --> ftp.ainoyume.net /public_html/dream/info kfamily.inc
2007.08.25 20:52 B C:\Documents and Settings\Grace\Desktop\Anime\SweetMina\Other Stuff\gravitation\info\kfamily.php --> ftp.ainoyume.net /public_html/dream/info kfamily.php
2007.08.25 20:52 B C:\Documents and Settings\Grace\Desktop\Anime\SweetMina\Other Stuff\gravitation\info\kpersonality.inc --> ftp.ainoyume.net /public_html/dream/info kpersonality.inc
2007.08.25 20:52 B C:\Documents and Settings\Grace\Desktop\Anime\SweetMina\Other Stuff\gravitation\info\kpersonality.php --> ftp.ainoyume.net /public_html/dream/info kpersonality.php
2007.08.25 20:52 B C:\Documents and Settings\Grace\Desktop\Anime\SweetMina\Other Stuff\gravitation\info\ksummary.inc --> ftp.ainoyume.net /public_html/dream/info ksummary.inc
2007.08.25 20:52 B C:\Documents and Settings\Grace\Desktop\Anime\SweetMina\Other Stuff\gravitation\info\ksummary.php --> ftp.ainoyume.net /public_html/dream/info ksummary.php
2007.08.25 20:52 B C:\Documents and Settings\Grace\Desktop\Anime\SweetMina\Other Stuff\gravitation\info\kumagoro.php --> ftp.ainoyume.net /public_html/dream/info kumagoro.php
2007.08.25 20:52 B C:\Documents and Settings\Grace\Desktop\Anime\SweetMina\Other Stuff\gravitation\info\kvoice.inc --> ftp.ainoyume.net /public_html/dream/info kvoice.inc
2007.08.25 20:52 B C:\Documents and Settings\Grace\Desktop\Anime\SweetMina\Other Stuff\gravitation\info\kvoice.php --> ftp.ainoyume.net /public_html/dream/info kvoice.php
2007.08.25 20:52 B C:\Documents and Settings\Grace\Desktop\Anime\SweetMina\Other Stuff\gravitation\info\manga.php --> ftp.ainoyume.net /public_html/dream/info manga.php
2007.08.25 20:52 B C:\Documents and Settings\Grace\Desktop\Anime\SweetMina\Other Stuff\gravitation\info\mfamily.inc --> ftp.ainoyume.net /public_html/dream/info mfamily.inc
2007.08.25 20:52 B C:\Documents and Settings\Grace\Desktop\Anime\SweetMina\Other Stuff\gravitation\info\mfamily.php --> ftp.ainoyume.net /public_html/dream/info mfamily.php
2007.08.25 20:52 B C:\Documents and Settings\Grace\Desktop\Anime\SweetMina\Other Stuff\gravitation\info\mika.inc --> ftp.ainoyume.net /public_html/dream/info mika.inc
2007.08.25 20:52 B C:\Documents and Settings\Grace\Desktop\Anime\SweetMina\Other Stuff\gravitation\info\mika.php --> ftp.ainoyume.net /public_html/dream/info mika.php
2007.08.25 20:52 B C:\Documents and Settings\Grace\Desktop\Anime\SweetMina\Other Stuff\gravitation\info\minors.php --> ftp.ainoyume.net /public_html/dream/info minors.php
2007.08.25 20:52 B C:\Documents and Settings\Grace\Desktop\Anime\SweetMina\Other Stuff\gravitation\info\mlove.inc --> ftp.ainoyume.net /public_html/dream/info mlove.inc
2007.08.25 20:52 B C:\Documents and Settings\Grace\Desktop\Anime\SweetMina\Other Stuff\gravitation\info\mlove.php --> ftp.ainoyume.net /public_html/dream/info mlove.php
2007.08.25 20:52 B C:\Documents and Settings\Grace\Desktop\Anime\SweetMina\Other Stuff\gravitation\info\mpersonality.inc --> ftp.ainoyume.net /public_html/dream/info mpersonality.inc
2007.08.25 20:52 B C:\Documents and Settings\Grace\Desktop\Anime\SweetMina\Other Stuff\gravitation\info\mpersonality.php --> ftp.ainoyume.net /public_html/dream/info mpersonality.php
2007.08.25 20:52 B C:\Documents and Settings\Grace\Desktop\Anime\SweetMina\Other Stuff\gravitation\info\msummary.inc --> ftp.ainoyume.net /public_html/dream/info msummary.inc
2007.08.25 20:52 B C:\Documents and Settings\Grace\Desktop\Anime\SweetMina\Other Stuff\gravitation\info\msummary.php --> ftp.ainoyume.net /public_html/dream/info msummary.php
2007.08.25 20:52 B C:\Documents and Settings\Grace\Desktop\Anime\SweetMina\Other Stuff\gravitation\info\mvoice.inc --> ftp.ainoyume.net /public_html/dream/info mvoice.inc
2007.08.25 20:52 B C:\Documents and Settings\Grace\Desktop\Anime\SweetMina\Other Stuff\gravitation\info\mvoice.php --> ftp.ainoyume.net /public_html/dream/info mvoice.php
2007.08.25 20:52 B C:\Documents and Settings\Grace\Desktop\Anime\SweetMina\Other Stuff\gravitation\info\nfriends.inc --> ftp.ainoyume.net /public_html/dream/info nfriends.inc
2007.08.25 20:52 B C:\Documents and Settings\Grace\Desktop\Anime\SweetMina\Other Stuff\gravitation\info\nfriends.php --> ftp.ainoyume.net /public_html/dream/info nfriends.php
2007.08.25 20:52 B C:\Documents and Settings\Grace\Desktop\Anime\SweetMina\Other Stuff\gravitation\info\noriko.inc --> ftp.ainoyume.net /public_html/dream/info noriko.inc
2007.08.25 20:52 B C:\Documents and Settings\Grace\Desktop\Anime\SweetMina\Other Stuff\gravitation\info\noriko.php --> ftp.ainoyume.net /public_html/dream/info noriko.php
2007.08.25 20:52 B C:\Documents and Settings\Grace\Desktop\Anime\SweetMina\Other Stuff\gravitation\info\npersonality.inc --> ftp.ainoyume.net /public_html/dream/info npersonality.inc
2007.08.25 20:52 B C:\Documents and Settings\Grace\Desktop\Anime\SweetMina\Other Stuff\gravitation\info\npersonality.php --> ftp.ainoyume.net /public_html/dream/info npersonality.php
2007.08.25 20:52 B C:\Documents and Settings\Grace\Desktop\Anime\SweetMina\Other Stuff\gravitation\info\nsummary.inc --> ftp.ainoyume.net /public_html/dream/info nsummary.inc
2007.08.25 20:52 B C:\Documents and Settings\Grace\Desktop\Anime\SweetMina\Other Stuff\gravitation\info\nsummary.php --> ftp.ainoyume.net /public_html/dream/info nsummary.php
2007.08.25 20:52 B C:\Documents and Settings\Grace\Desktop\Anime\SweetMina\Other Stuff\gravitation\info\nvoice.inc --> ftp.ainoyume.net /public_html/dream/info nvoice.inc
2007.08.25 20:52 B C:\Documents and Settings\Grace\Desktop\Anime\SweetMina\Other Stuff\gravitation\info\nvoice.php --> ftp.ainoyume.net /public_html/dream/info nvoice.php
2007.08.25 20:52 B C:\Documents and Settings\Grace\Desktop\Anime\SweetMina\Other Stuff\gravitation\info\oav1.inc --> ftp.ainoyume.net /public_html/dream/info oav1.inc
2007.08.25 20:52 B C:\Documents and Settings\Grace\Desktop\Anime\SweetMina\Other Stuff\gravitation\info\oav1.php --> ftp.ainoyume.net /public_html/dream/info oav1.php
2007.08.25 20:52 B C:\Documents and Settings\Grace\Desktop\Anime\SweetMina\Other Stuff\gravitation\info\oav2.inc --> ftp.ainoyume.net /public_html/dream/info oav2.inc
2007.08.25 20:52 B C:\Documents and Settings\Grace\Desktop\Anime\SweetMina\Other Stuff\gravitation\info\oav2.php --> ftp.ainoyume.net /public_html/dream/info oav2.php
2007.08.25 20:52 B C:\Documents and Settings\Grace\Desktop\Anime\SweetMina\Other Stuff\gravitation\info\oavgeneral.php --> ftp.ainoyume.net /public_html/dream/info oavgeneral.php
2007.08.25 20:52 B C:\Documents and Settings\Grace\Desktop\Anime\SweetMina\Other Stuff\gravitation\info\oavsumm.inc --> ftp.ainoyume.net /public_html/dream/info oavsumm.inc
2007.08.25 20:52 B C:\Documents and Settings\Grace\Desktop\Anime\SweetMina\Other Stuff\gravitation\info\oavsumm.php --> ftp.ainoyume.net /public_html/dream/info oavsumm.php
2007.08.25 20:52 B C:\Documents and Settings\Grace\Desktop\Anime\SweetMina\Other Stuff\gravitation\info\prelude.inc --> ftp.ainoyume.net /public_html/dream/info prelude.inc
2007.08.25 20:52 B C:\Documents and Settings\Grace\Desktop\Anime\SweetMina\Other Stuff\gravitation\info\prelude.php --> ftp.ainoyume.net /public_html/dream/info prelude.php
2007.08.25 20:52 B C:\Documents and Settings\Grace\Desktop\Anime\SweetMina\Other Stuff\gravitation\info\purchase.php --> ftp.ainoyume.net /public_html/dream/info purchase.php
2007.08.25 20:52 B C:\Documents and Settings\Grace\Desktop\Anime\SweetMina\Other Stuff\gravitation\info\review01.inc --> ftp.ainoyume.net /public_html/dream/info review01.inc
2007.08.25 20:52 B C:\Documents and Settings\Grace\Desktop\Anime\SweetMina\Other Stuff\gravitation\info\review01.php --> ftp.ainoyume.net /public_html/dream/info review01.php
2007.08.25 20:52 B C:\Documents and Settings\Grace\Desktop\Anime\SweetMina\Other Stuff\gravitation\info\rfriends.inc --> ftp.ainoyume.net /public_html/dream/info rfriends.inc
2007.08.25 20:52 B C:\Documents and Settings\Grace\Desktop\Anime\SweetMina\Other Stuff\gravitation\info\rfriends.php --> ftp.ainoyume.net /public_html/dream/info rfriends.php
2007.08.25 20:52 B C:\Documents and Settings\Grace\Desktop\Anime\SweetMina\Other Stuff\gravitation\info\rpersonality.inc --> ftp.ainoyume.net /public_html/dream/info rpersonality.inc
2007.08.25 20:52 B C:\Documents and Settings\Grace\Desktop\Anime\SweetMina\Other Stuff\gravitation\info\rpersonality.php --> ftp.ainoyume.net /public_html/dream/info rpersonality.php
2007.08.25 20:52 B C:\Documents and Settings\Grace\Desktop\Anime\SweetMina\Other Stuff\gravitation\info\rsummary.inc --> ftp.ainoyume.net /public_html/dream/info rsummary.inc
2007.08.25 20:52 B C:\Documents and Settings\Grace\Desktop\Anime\SweetMina\Other Stuff\gravitation\info\rsummary.php --> ftp.ainoyume.net /public_html/dream/info rsummary.php
2007.08.25 20:52 B C:\Documents and Settings\Grace\Desktop\Anime\SweetMina\Other Stuff\gravitation\info\rsvoice.inc --> ftp.ainoyume.net /public_html/dream/info rsvoice.inc
2007.08.25 20:52 B C:\Documents and Settings\Grace\Desktop\Anime\SweetMina\Other Stuff\gravitation\info\rsvoice.php --> ftp.ainoyume.net /public_html/dream/info rsvoice.php
2007.08.25 20:52 B C:\Documents and Settings\Grace\Desktop\Anime\SweetMina\Other Stuff\gravitation\info\rvoice.inc --> ftp.ainoyume.net /public_html/dream/info rvoice.inc
2007.08.25 20:52 B C:\Documents and Settings\Grace\Desktop\Anime\SweetMina\Other Stuff\gravitation\info\rvoice.php --> ftp.ainoyume.net /public_html/dream/info rvoice.php
2007.08.25 20:52 B C:\Documents and Settings\Grace\Desktop\Anime\SweetMina\Other Stuff\gravitation\info\ryuichi.inc --> ftp.ainoyume.net /public_html/dream/info ryuichi.inc
2007.08.25 20:52 B C:\Documents and Settings\Grace\Desktop\Anime\SweetMina\Other Stuff\gravitation\info\ryuichi.php --> ftp.ainoyume.net /public_html/dream/info ryuichi.php
2007.08.25 20:52 B C:\Documents and Settings\Grace\Desktop\Anime\SweetMina\Other Stuff\gravitation\info\sakano.inc --> ftp.ainoyume.net /public_html/dream/info sakano.inc
2007.08.25 20:52 B C:\Documents and Settings\Grace\Desktop\Anime\SweetMina\Other Stuff\gravitation\info\sakano.php --> ftp.ainoyume.net /public_html/dream/info sakano.php
2007.08.25 20:52 B C:\Documents and Settings\Grace\Desktop\Anime\SweetMina\Other Stuff\gravitation\info\sapersonality.inc --> ftp.ainoyume.net /public_html/dream/info sapersonality.inc
2007.08.25 20:52 B C:\Documents and Settings\Grace\Desktop\Anime\SweetMina\Other Stuff\gravitation\info\sapersonality.php --> ftp.ainoyume.net /public_html/dream/info sapersonality.php
2007.08.25 20:52 B C:\Documents and Settings\Grace\Desktop\Anime\SweetMina\Other Stuff\gravitation\info\sasummary.inc --> ftp.ainoyume.net /public_html/dream/info sasummary.inc
2007.08.25 20:52 B C:\Documents and Settings\Grace\Desktop\Anime\SweetMina\Other Stuff\gravitation\info\sasummary.php --> ftp.ainoyume.net /public_html/dream/info sasummary.php
2007.08.25 20:52 B C:\Documents and Settings\Grace\Desktop\Anime\SweetMina\Other Stuff\gravitation\info\savoice.inc --> ftp.ainoyume.net /public_html/dream/info savoice.inc
2007.08.25 20:52 B C:\Documents and Settings\Grace\Desktop\Anime\SweetMina\Other Stuff\gravitation\info\savoice.php --> ftp.ainoyume.net /public_html/dream/info savoice.php
2007.08.25 20:52 B C:\Documents and Settings\Grace\Desktop\Anime\SweetMina\Other Stuff\gravitation\info\season.inc --> ftp.ainoyume.net /public_html/dream/info season.inc
2007.08.25 20:52 B C:\Documents and Settings\Grace\Desktop\Anime\SweetMina\Other Stuff\gravitation\info\season.php --> ftp.ainoyume.net /public_html/dream/info season.php
2007.08.25 20:52 B C:\Documents and Settings\Grace\Desktop\Anime\SweetMina\Other Stuff\gravitation\info\sfriends.inc --> ftp.ainoyume.net /public_html/dream/info sfriends.inc
2007.08.25 20:52 B C:\Documents and Settings\Grace\Desktop\Anime\SweetMina\Other Stuff\gravitation\info\sfriends.php --> ftp.ainoyume.net /public_html/dream/info sfriends.php
2007.08.25 20:52 B C:\Documents and Settings\Grace\Desktop\Anime\SweetMina\Other Stuff\gravitation\info\shfamily.inc --> ftp.ainoyume.net /public_html/dream/info shfamily.inc
2007.08.25 20:52 B C:\Documents and Settings\Grace\Desktop\Anime\SweetMina\Other Stuff\gravitation\info\shfamily.php --> ftp.ainoyume.net /public_html/dream/info shfamily.php
2007.08.25 20:52 B C:\Documents and Settings\Grace\Desktop\Anime\SweetMina\Other Stuff\gravitation\info\shfriends.inc --> ftp.ainoyume.net /public_html/dream/info shfriends.inc
2007.08.25 20:52 B C:\Documents and Settings\Grace\Desktop\Anime\SweetMina\Other Stuff\gravitation\info\shfriends.php --> ftp.ainoyume.net /public_html/dream/info shfriends.php
2007.08.25 20:52 B C:\Documents and Settings\Grace\Desktop\Anime\SweetMina\Other Stuff\gravitation\info\shlove.inc --> ftp.ainoyume.net /public_html/dream/info shlove.inc
2007.08.25 20:52 B C:\Documents and Settings\Grace\Desktop\Anime\SweetMina\Other Stuff\gravitation\info\shloves.php --> ftp.ainoyume.net /public_html/dream/info shloves.php
2007.08.25 20:52 B C:\Documents and Settings\Grace\Desktop\Anime\SweetMina\Other Stuff\gravitation\info\shpersonality.inc --> ftp.ainoyume.net /public_html/dream/info shpersonality.inc
2007.08.25 20:52 B C:\Documents and Settings\Grace\Desktop\Anime\SweetMina\Other Stuff\gravitation\info\shpersonality.php --> ftp.ainoyume.net /public_html/dream/info shpersonality.php
2007.08.25 20:52 B C:\Documents and Settings\Grace\Desktop\Anime\SweetMina\Other Stuff\gravitation\info\shsummary.inc --> ftp.ainoyume.net /public_html/dream/info shsummary.inc
2007.08.25 20:52 B C:\Documents and Settings\Grace\Desktop\Anime\SweetMina\Other Stuff\gravitation\info\shsummary.php --> ftp.ainoyume.net /public_html/dream/info shsummary.php
2007.08.25 20:52 B C:\Documents and Settings\Grace\Desktop\Anime\SweetMina\Other Stuff\gravitation\info\shsvoice.inc --> ftp.ainoyume.net /public_html/dream/info shsvoice.inc
2007.08.25 20:52 B C:\Documents and Settings\Grace\Desktop\Anime\SweetMina\Other Stuff\gravitation\info\shsvoice.php --> ftp.ainoyume.net /public_html/dream/info shsvoice.php
2007.08.25 20:52 B C:\Documents and Settings\Grace\Desktop\Anime\SweetMina\Other Stuff\gravitation\info\shuichi.inc --> ftp.ainoyume.net /public_html/dream/info shuichi.inc
2007.08.25 20:52 B C:\Documents and Settings\Grace\Desktop\Anime\SweetMina\Other Stuff\gravitation\info\shuichi.php --> ftp.ainoyume.net /public_html/dream/info shuichi.php
2007.08.25 20:52 B C:\Documents and Settings\Grace\Desktop\Anime\SweetMina\Other Stuff\gravitation\info\shvoice.inc --> ftp.ainoyume.net /public_html/dream/info shvoice.inc
2007.08.25 20:52 B C:\Documents and Settings\Grace\Desktop\Anime\SweetMina\Other Stuff\gravitation\info\shvoice.php --> ftp.ainoyume.net /public_html/dream/info shvoice.php
2007.08.25 20:52 B C:\Documents and Settings\Grace\Desktop\Anime\SweetMina\Other Stuff\gravitation\info\spersonality.inc --> ftp.ainoyume.net /public_html/dream/info spersonality.inc
2007.08.25 20:52 B C:\Documents and Settings\Grace\Desktop\Anime\SweetMina\Other Stuff\gravitation\info\spersonality.php --> ftp.ainoyume.net /public_html/dream/info spersonality.php
2007.08.25 20:52 B C:\Documents and Settings\Grace\Desktop\Anime\SweetMina\Other Stuff\gravitation\info\ssummary.inc --> ftp.ainoyume.net /public_html/dream/info ssummary.inc
2007.08.25 20:52 B C:\Documents and Settings\Grace\Desktop\Anime\SweetMina\Other Stuff\gravitation\info\ssummary.php --> ftp.ainoyume.net /public_html/dream/info ssummary.php
2007.08.25 20:52 B C:\Documents and Settings\Grace\Desktop\Anime\SweetMina\Other Stuff\gravitation\info\suguru.inc --> ftp.ainoyume.net /public_html/dream/info suguru.inc
2007.08.25 20:52 B C:\Documents and Settings\Grace\Desktop\Anime\SweetMina\Other Stuff\gravitation\info\suguru.php --> ftp.ainoyume.net /public_html/dream/info suguru.php
2007.08.25 20:52 B C:\Documents and Settings\Grace\Desktop\Anime\SweetMina\Other Stuff\gravitation\info\svoice.inc --> ftp.ainoyume.net /public_html/dream/info svoice.inc
2007.08.25 20:52 B C:\Documents and Settings\Grace\Desktop\Anime\SweetMina\Other Stuff\gravitation\info\svoice.php --> ftp.ainoyume.net /public_html/dream/info svoice.php
2007.08.25 20:52 B C:\Documents and Settings\Grace\Desktop\Anime\SweetMina\Other Stuff\gravitation\info\tafamily.inc --> ftp.ainoyume.net /public_html/dream/info tafamily.inc
2007.08.25 20:52 B C:\Documents and Settings\Grace\Desktop\Anime\SweetMina\Other Stuff\gravitation\info\tafamily.php --> ftp.ainoyume.net /public_html/dream/info tafamily.php
2007.08.25 20:52 B C:\Documents and Settings\Grace\Desktop\Anime\SweetMina\Other Stuff\gravitation\info\tapersonality.inc --> ftp.ainoyume.net /public_html/dream/info tapersonality.inc
2007.08.25 20:52 B C:\Documents and Settings\Grace\Desktop\Anime\SweetMina\Other Stuff\gravitation\info\tapersonality.php --> ftp.ainoyume.net /public_html/dream/info tapersonality.php
2007.08.25 20:52 B C:\Documents and Settings\Grace\Desktop\Anime\SweetMina\Other Stuff\gravitation\info\tasummary.inc --> ftp.ainoyume.net /public_html/dream/info tasummary.inc
2007.08.25 20:52 B C:\Documents and Settings\Grace\Desktop\Anime\SweetMina\Other Stuff\gravitation\info\tasummary.php --> ftp.ainoyume.net /public_html/dream/info tasummary.php
2007.08.25 20:52 B C:\Documents and Settings\Grace\Desktop\Anime\SweetMina\Other Stuff\gravitation\info\tatsuha.inc --> ftp.ainoyume.net /public_html/dream/info tatsuha.inc
2007.08.25 20:52 B C:\Documents and Settings\Grace\Desktop\Anime\SweetMina\Other Stuff\gravitation\info\tatsuha.php --> ftp.ainoyume.net /public_html/dream/info tatsuha.php
2007.08.25 20:52 B C:\Documents and Settings\Grace\Desktop\Anime\SweetMina\Other Stuff\gravitation\info\tavoice.inc --> ftp.ainoyume.net /public_html/dream/info tavoice.inc
2007.08.25 20:52 B C:\Documents and Settings\Grace\Desktop\Anime\SweetMina\Other Stuff\gravitation\info\tavoice.php --> ftp.ainoyume.net /public_html/dream/info tavoice.php
2007.08.25 20:52 B C:\Documents and Settings\Grace\Desktop\Anime\SweetMina\Other Stuff\gravitation\info\tfriends.inc --> ftp.ainoyume.net /public_html/dream/info tfriends.inc
2007.08.25 20:52 B C:\Documents and Settings\Grace\Desktop\Anime\SweetMina\Other Stuff\gravitation\info\tfriends.php --> ftp.ainoyume.net /public_html/dream/info tfriends.php
2007.08.25 20:52 B C:\Documents and Settings\Grace\Desktop\Anime\SweetMina\Other Stuff\gravitation\info\Thumbs.db --> ftp.ainoyume.net /public_html/dream/info Thumbs.db
2007.08.25 20:52 B C:\Documents and Settings\Grace\Desktop\Anime\SweetMina\Other Stuff\gravitation\info\tloves.inc --> ftp.ainoyume.net /public_html/dream/info tloves.inc
2007.08.25 20:52 B C:\Documents and Settings\Grace\Desktop\Anime\SweetMina\Other Stuff\gravitation\info\tloves.php --> ftp.ainoyume.net /public_html/dream/info tloves.php
2007.08.25 20:52 B C:\Documents and Settings\Grace\Desktop\Anime\SweetMina\Other Stuff\gravitation\info\tohma.inc --> ftp.ainoyume.net /public_html/dream/info tohma.inc
2007.08.25 20:52 B C:\Documents and Settings\Grace\Desktop\Anime\SweetMina\Other Stuff\gravitation\info\tohma.php --> ftp.ainoyume.net /public_html/dream/info tohma.php
2007.08.25 20:52 B C:\Documents and Settings\Grace\Desktop\Anime\SweetMina\Other Stuff\gravitation\info\tohmaxyuki.inc --> ftp.ainoyume.net /public_html/dream/info tohmaxyuki.inc
2007.08.25 20:52 B C:\Documents and Settings\Grace\Desktop\Anime\SweetMina\Other Stuff\gravitation\info\tohmaxyuki.php --> ftp.ainoyume.net /public_html/dream/info tohmaxyuki.php
2007.08.25 20:52 B C:\Documents and Settings\Grace\Desktop\Anime\SweetMina\Other Stuff\gravitation\info\tpersonality.inc --> ftp.ainoyume.net /public_html/dream/info tpersonality.inc
2007.08.25 20:52 B C:\Documents and Settings\Grace\Desktop\Anime\SweetMina\Other Stuff\gravitation\info\tpersonality.php --> ftp.ainoyume.net /public_html/dream/info tpersonality.php
2007.08.25 20:52 B C:\Documents and Settings\Grace\Desktop\Anime\SweetMina\Other Stuff\gravitation\info\track12.inc --> ftp.ainoyume.net /public_html/dream/info track12.inc
2007.08.25 20:52 B C:\Documents and Settings\Grace\Desktop\Anime\SweetMina\Other Stuff\gravitation\info\track12.php --> ftp.ainoyume.net /public_html/dream/info track12.php
2007.08.25 20:52 B C:\Documents and Settings\Grace\Desktop\Anime\SweetMina\Other Stuff\gravitation\info\tsummary.inc --> ftp.ainoyume.net /public_html/dream/info tsummary.inc
2007.08.25 20:52 B C:\Documents and Settings\Grace\Desktop\Anime\SweetMina\Other Stuff\gravitation\info\tsummary.php --> ftp.ainoyume.net /public_html/dream/info tsummary.php
2007.08.25 20:52 B C:\Documents and Settings\Grace\Desktop\Anime\SweetMina\Other Stuff\gravitation\info\tvoice.inc --> ftp.ainoyume.net /public_html/dream/info tvoice.inc
2007.08.25 20:52 B C:\Documents and Settings\Grace\Desktop\Anime\SweetMina\Other Stuff\gravitation\info\tvoice.php --> ftp.ainoyume.net /public_html/dream/info tvoice.php
2007.08.25 20:52 B C:\Documents and Settings\Grace\Desktop\Anime\SweetMina\Other Stuff\gravitation\info\vis1stReview01.inc --> ftp.ainoyume.net /public_html/dream/info vis1stReview01.inc
2007.08.25 20:52 B C:\Documents and Settings\Grace\Desktop\Anime\SweetMina\Other Stuff\gravitation\info\vis1stReview01.php --> ftp.ainoyume.net /public_html/dream/info vis1stReview01.php
2007.08.25 20:52 B C:\Documents and Settings\Grace\Desktop\Anime\SweetMina\Other Stuff\gravitation\info\vis1stReview02.inc --> ftp.ainoyume.net /public_html/dream/info vis1stReview02.inc
2007.08.25 20:52 B C:\Documents and Settings\Grace\Desktop\Anime\SweetMina\Other Stuff\gravitation\info\vis1stReview02.php --> ftp.ainoyume.net /public_html/dream/info vis1stReview02.php
2007.08.25 20:52 B C:\Documents and Settings\Grace\Desktop\Anime\SweetMina\Other Stuff\gravitation\info\visdub01.inc --> ftp.ainoyume.net /public_html/dream/info visdub01.inc
2007.08.25 20:52 B C:\Documents and Settings\Grace\Desktop\Anime\SweetMina\Other Stuff\gravitation\info\visdub01.php --> ftp.ainoyume.net /public_html/dream/info visdub01.php
2007.08.25 20:52 B C:\Documents and Settings\Grace\Desktop\Anime\SweetMina\Other Stuff\gravitation\info\visdub02.inc --> ftp.ainoyume.net /public_html/dream/info visdub02.inc
2007.08.25 20:52 B C:\Documents and Settings\Grace\Desktop\Anime\SweetMina\Other Stuff\gravitation\info\visdub02.php --> ftp.ainoyume.net /public_html/dream/info visdub02.php
2007.08.25 20:52 B C:\Documents and Settings\Grace\Desktop\Anime\SweetMina\Other Stuff\gravitation\info\visdub03.inc --> ftp.ainoyume.net /public_html/dream/info visdub03.inc
2007.08.25 20:52 B C:\Documents and Settings\Grace\Desktop\Anime\SweetMina\Other Stuff\gravitation\info\visdub03.php --> ftp.ainoyume.net /public_html/dream/info visdub03.php
2007.08.25 20:52 B C:\Documents and Settings\Grace\Desktop\Anime\SweetMina\Other Stuff\gravitation\info\visdub04.inc --> ftp.ainoyume.net /public_html/dream/info visdub04.inc
2007.08.25 20:52 B C:\Documents and Settings\Grace\Desktop\Anime\SweetMina\Other Stuff\gravitation\info\visdub04.php --> ftp.ainoyume.net /public_html/dream/info visdub04.php
2007.08.25 20:52 B C:\Documents and Settings\Grace\Desktop\Anime\SweetMina\Other Stuff\gravitation\info\visdub04res.inc --> ftp.ainoyume.net /public_html/dream/info visdub04res.inc
2007.08.25 20:52 B C:\Documents and Settings\Grace\Desktop\Anime\SweetMina\Other Stuff\gravitation\info\visdub04res.php --> ftp.ainoyume.net /public_html/dream/info visdub04res.php
2007.08.25 20:52 B C:\Documents and Settings\Grace\Desktop\Anime\SweetMina\Other Stuff\gravitation\info\visdub04res02.inc --> ftp.ainoyume.net /public_html/dream/info visdub04res02.inc
2007.08.25 20:52 B C:\Documents and Settings\Grace\Desktop\Anime\SweetMina\Other Stuff\gravitation\info\visdub04res02.php --> ftp.ainoyume.net /public_html/dream/info visdub04res02.php
2007.08.25 20:52 B C:\Documents and Settings\Grace\Desktop\Anime\SweetMina\Other Stuff\gravitation\info\visdub05.inc --> ftp.ainoyume.net /public_html/dream/info visdub05.inc
2007.08.25 20:52 B C:\Documents and Settings\Grace\Desktop\Anime\SweetMina\Other Stuff\gravitation\info\visdub05.php --> ftp.ainoyume.net /public_html/dream/info visdub05.php
2007.08.25 20:52 B C:\Documents and Settings\Grace\Desktop\Anime\SweetMina\Other Stuff\gravitation\info\visitors.inc --> ftp.ainoyume.net /public_html/dream/info visitors.inc
2007.08.25 20:52 B C:\Documents and Settings\Grace\Desktop\Anime\SweetMina\Other Stuff\gravitation\info\visitors.php --> ftp.ainoyume.net /public_html/dream/info visitors.php
2007.08.25 20:52 B C:\Documents and Settings\Grace\Desktop\Anime\SweetMina\Other Stuff\gravitation\info\visseason01.inc --> ftp.ainoyume.net /public_html/dream/info visseason01.inc
2007.08.25 20:52 B C:\Documents and Settings\Grace\Desktop\Anime\SweetMina\Other Stuff\gravitation\info\visseason01.php --> ftp.ainoyume.net /public_html/dream/info visseason01.php
2007.08.25 20:52 B C:\Documents and Settings\Grace\Desktop\Anime\SweetMina\Other Stuff\gravitation\info\visseason02.inc --> ftp.ainoyume.net /public_html/dream/info visseason02.inc
2007.08.25 20:52 B C:\Documents and Settings\Grace\Desktop\Anime\SweetMina\Other Stuff\gravitation\info\visseason02.php --> ftp.ainoyume.net /public_html/dream/info visseason02.php
2007.08.25 20:52 B C:\Documents and Settings\Grace\Desktop\Anime\SweetMina\Other Stuff\gravitation\info\visseason03.inc --> ftp.ainoyume.net /public_html/dream/info visseason03.inc
2007.08.25 20:52 B C:\Documents and Settings\Grace\Desktop\Anime\SweetMina\Other Stuff\gravitation\info\visseason03.php --> ftp.ainoyume.net /public_html/dream/info visseason03.php
2007.08.25 20:52 B C:\Documents and Settings\Grace\Desktop\Anime\SweetMina\Other Stuff\gravitation\info\visseason04.inc --> ftp.ainoyume.net /public_html/dream/info visseason04.inc
2007.08.25 20:52 B C:\Documents and Settings\Grace\Desktop\Anime\SweetMina\Other Stuff\gravitation\info\visseason04.php --> ftp.ainoyume.net /public_html/dream/info visseason04.php
2007.08.25 20:52 B C:\Documents and Settings\Grace\Desktop\Anime\SweetMina\Other Stuff\gravitation\info\vistohmayuki01.inc --> ftp.ainoyume.net /public_html/dream/info vistohmayuki01.inc
2007.08.25 20:52 B C:\Documents and Settings\Grace\Desktop\Anime\SweetMina\Other Stuff\gravitation\info\vistohmayuki01.php --> ftp.ainoyume.net /public_html/dream/info vistohmayuki01.php
2007.08.25 20:52 B C:\Documents and Settings\Grace\Desktop\Anime\SweetMina\Other Stuff\gravitation\info\yfamily.inc --> ftp.ainoyume.net /public_html/dream/info yfamily.inc
2007.08.25 20:52 B C:\Documents and Settings\Grace\Desktop\Anime\SweetMina\Other Stuff\gravitation\info\yfamily.php --> ftp.ainoyume.net /public_html/dream/info yfamily.php
2007.08.25 20:52 B C:\Documents and Settings\Grace\Desktop\Anime\SweetMina\Other Stuff\gravitation\info\ylove.inc --> ftp.ainoyume.net /public_html/dream/info ylove.inc
2007.08.25 20:52 B C:\Documents and Settings\Grace\Desktop\Anime\SweetMina\Other Stuff\gravitation\info\ylove.php --> ftp.ainoyume.net /public_html/dream/info ylove.php
2007.08.25 20:52 B C:\Documents and Settings\Grace\Desktop\Anime\SweetMina\Other Stuff\gravitation\info\ypast.inc --> ftp.ainoyume.net /public_html/dream/info ypast.inc
2007.08.25 20:52 B C:\Documents and Settings\Grace\Desktop\Anime\SweetMina\Other Stuff\gravitation\info\ypast.php --> ftp.ainoyume.net /public_html/dream/info ypast.php
2007.08.25 20:52 B C:\Documents and Settings\Grace\Desktop\Anime\SweetMina\Other Stuff\gravitation\info\ypersonality.inc --> ftp.ainoyume.net /public_html/dream/info ypersonality.inc
2007.08.25 20:52 B C:\Documents and Settings\Grace\Desktop\Anime\SweetMina\Other Stuff\gravitation\info\ypersonality.php --> ftp.ainoyume.net /public_html/dream/info ypersonality.php
2007.08.25 20:52 B C:\Documents and Settings\Grace\Desktop\Anime\SweetMina\Other Stuff\gravitation\info\ysummary.inc --> ftp.ainoyume.net /public_html/dream/info ysummary.inc
2007.08.25 20:52 B C:\Documents and Settings\Grace\Desktop\Anime\SweetMina\Other Stuff\gravitation\info\ysummary.php --> ftp.ainoyume.net /public_html/dream/info ysummary.php
2007.08.25 20:52 B C:\Documents and Settings\Grace\Desktop\Anime\SweetMina\Other Stuff\gravitation\info\yuki.inc --> ftp.ainoyume.net /public_html/dream/info yuki.inc
2007.08.25 20:52 B C:\Documents and Settings\Grace\Desktop\Anime\SweetMina\Other Stuff\gravitation\info\yuki.php --> ftp.ainoyume.net /public_html/dream/info yuki.php
2007.08.25 20:52 B C:\Documents and Settings\Grace\Desktop\Anime\SweetMina\Other Stuff\gravitation\info\yvoice.inc --> ftp.ainoyume.net /public_html/dream/info yvoice.inc
2007.08.25 20:52 B C:\Documents and Settings\Grace\Desktop\Anime\SweetMina\Other Stuff\gravitation\info\yvoice.php --> ftp.ainoyume.net /public_html/dream/info yvoice.php
2007.08.25 21:12 B C:\Documents and Settings\Grace\Desktop\Anime\SweetMina\Other Stuff\gravitation\info\index.php --> ftp.ainoyume.net /public_html/dream/info index.php
2007.08.25 21:19 B C:\Documents and Settings\Grace\Desktop\Anime\SweetMina\Other Stuff\gravitation\info\index.php --> ftp.ainoyume.net /public_html/dream/info index.php
