2007.08.25 20:48 B C:\Documents and Settings\Grace\Desktop\Anime\SweetMina\Other Stuff\gravitation\info\html\addiction.html --> ftp.ainoyume.net /public_html/dream/info/html addiction.html
2007.08.25 20:48 B C:\Documents and Settings\Grace\Desktop\Anime\SweetMina\Other Stuff\gravitation\info\html\alove.html --> ftp.ainoyume.net /public_html/dream/info/html alove.html
2007.08.25 20:48 B C:\Documents and Settings\Grace\Desktop\Anime\SweetMina\Other Stuff\gravitation\info\html\apersonality.html --> ftp.ainoyume.net /public_html/dream/info/html apersonality.html
2007.08.25 20:48 B C:\Documents and Settings\Grace\Desktop\Anime\SweetMina\Other Stuff\gravitation\info\html\ask.html --> ftp.ainoyume.net /public_html/dream/info/html ask.html
2007.08.25 20:48 B C:\Documents and Settings\Grace\Desktop\Anime\SweetMina\Other Stuff\gravitation\info\html\asummary.html --> ftp.ainoyume.net /public_html/dream/info/html asummary.html
2007.08.25 20:48 B C:\Documents and Settings\Grace\Desktop\Anime\SweetMina\Other Stuff\gravitation\info\html\avoice.html --> ftp.ainoyume.net /public_html/dream/info/html avoice.html
2007.08.25 20:48 B C:\Documents and Settings\Grace\Desktop\Anime\SweetMina\Other Stuff\gravitation\info\html\ayaka.html --> ftp.ainoyume.net /public_html/dream/info/html ayaka.html
2007.08.25 20:48 B C:\Documents and Settings\Grace\Desktop\Anime\SweetMina\Other Stuff\gravitation\info\html\char.html --> ftp.ainoyume.net /public_html/dream/info/html char.html
2007.08.25 20:48 B C:\Documents and Settings\Grace\Desktop\Anime\SweetMina\Other Stuff\gravitation\info\html\creator.html --> ftp.ainoyume.net /public_html/dream/info/html creator.html
2007.08.25 20:48 B C:\Documents and Settings\Grace\Desktop\Anime\SweetMina\Other Stuff\gravitation\info\html\dictionary.html --> ftp.ainoyume.net /public_html/dream/info/html dictionary.html
2007.08.25 20:48 B C:\Documents and Settings\Grace\Desktop\Anime\SweetMina\Other Stuff\gravitation\info\html\dubsub.html --> ftp.ainoyume.net /public_html/dream/info/html dubsub.html
2007.08.25 20:48 B C:\Documents and Settings\Grace\Desktop\Anime\SweetMina\Other Stuff\gravitation\info\html\essays.html --> ftp.ainoyume.net /public_html/dream/info/html essays.html
2007.08.25 20:48 B C:\Documents and Settings\Grace\Desktop\Anime\SweetMina\Other Stuff\gravitation\info\html\gravimusic.html --> ftp.ainoyume.net /public_html/dream/info/html gravimusic.html
2007.08.25 20:48 B C:\Documents and Settings\Grace\Desktop\Anime\SweetMina\Other Stuff\gravitation\info\html\hfriends.html --> ftp.ainoyume.net /public_html/dream/info/html hfriends.html
2007.08.25 20:48 B C:\Documents and Settings\Grace\Desktop\Anime\SweetMina\Other Stuff\gravitation\info\html\hiro.html --> ftp.ainoyume.net /public_html/dream/info/html hiro.html
2007.08.25 20:48 B C:\Documents and Settings\Grace\Desktop\Anime\SweetMina\Other Stuff\gravitation\info\html\hlove.html --> ftp.ainoyume.net /public_html/dream/info/html hlove.html
2007.08.25 20:48 B C:\Documents and Settings\Grace\Desktop\Anime\SweetMina\Other Stuff\gravitation\info\html\hpersonality.html --> ftp.ainoyume.net /public_html/dream/info/html hpersonality.html
2007.08.25 20:48 B C:\Documents and Settings\Grace\Desktop\Anime\SweetMina\Other Stuff\gravitation\info\html\hsummary.html --> ftp.ainoyume.net /public_html/dream/info/html hsummary.html
2007.08.25 20:48 B C:\Documents and Settings\Grace\Desktop\Anime\SweetMina\Other Stuff\gravitation\info\html\hvoice.html --> ftp.ainoyume.net /public_html/dream/info/html hvoice.html
2007.08.25 20:48 B C:\Documents and Settings\Grace\Desktop\Anime\SweetMina\Other Stuff\gravitation\info\html\index.html --> ftp.ainoyume.net /public_html/dream/info/html index.html
2007.08.25 20:48 B C:\Documents and Settings\Grace\Desktop\Anime\SweetMina\Other Stuff\gravitation\info\html\introd.html --> ftp.ainoyume.net /public_html/dream/info/html introd.html
2007.08.25 20:48 B C:\Documents and Settings\Grace\Desktop\Anime\SweetMina\Other Stuff\gravitation\info\html\k.html --> ftp.ainoyume.net /public_html/dream/info/html k.html
2007.08.25 20:48 B C:\Documents and Settings\Grace\Desktop\Anime\SweetMina\Other Stuff\gravitation\info\html\kfamily.html --> ftp.ainoyume.net /public_html/dream/info/html kfamily.html
2007.08.25 20:48 B C:\Documents and Settings\Grace\Desktop\Anime\SweetMina\Other Stuff\gravitation\info\html\kpersonality.html --> ftp.ainoyume.net /public_html/dream/info/html kpersonality.html
2007.08.25 20:48 B C:\Documents and Settings\Grace\Desktop\Anime\SweetMina\Other Stuff\gravitation\info\html\ksummary.html --> ftp.ainoyume.net /public_html/dream/info/html ksummary.html
2007.08.25 20:48 B C:\Documents and Settings\Grace\Desktop\Anime\SweetMina\Other Stuff\gravitation\info\html\kumagoro.html --> ftp.ainoyume.net /public_html/dream/info/html kumagoro.html
2007.08.25 20:48 B C:\Documents and Settings\Grace\Desktop\Anime\SweetMina\Other Stuff\gravitation\info\html\kvoice.html --> ftp.ainoyume.net /public_html/dream/info/html kvoice.html
2007.08.25 20:48 B C:\Documents and Settings\Grace\Desktop\Anime\SweetMina\Other Stuff\gravitation\info\html\manga.html --> ftp.ainoyume.net /public_html/dream/info/html manga.html
2007.08.25 20:48 B C:\Documents and Settings\Grace\Desktop\Anime\SweetMina\Other Stuff\gravitation\info\html\mfamily.html --> ftp.ainoyume.net /public_html/dream/info/html mfamily.html
2007.08.25 20:48 B C:\Documents and Settings\Grace\Desktop\Anime\SweetMina\Other Stuff\gravitation\info\html\mika.html --> ftp.ainoyume.net /public_html/dream/info/html mika.html
2007.08.25 20:48 B C:\Documents and Settings\Grace\Desktop\Anime\SweetMina\Other Stuff\gravitation\info\html\minors.html --> ftp.ainoyume.net /public_html/dream/info/html minors.html
2007.08.25 20:48 B C:\Documents and Settings\Grace\Desktop\Anime\SweetMina\Other Stuff\gravitation\info\html\mlove.html --> ftp.ainoyume.net /public_html/dream/info/html mlove.html
2007.08.25 20:48 B C:\Documents and Settings\Grace\Desktop\Anime\SweetMina\Other Stuff\gravitation\info\html\mpersonality.html --> ftp.ainoyume.net /public_html/dream/info/html mpersonality.html
2007.08.25 20:48 B C:\Documents and Settings\Grace\Desktop\Anime\SweetMina\Other Stuff\gravitation\info\html\msummary.html --> ftp.ainoyume.net /public_html/dream/info/html msummary.html
2007.08.25 20:48 B C:\Documents and Settings\Grace\Desktop\Anime\SweetMina\Other Stuff\gravitation\info\html\mvoice.html --> ftp.ainoyume.net /public_html/dream/info/html mvoice.html
2007.08.25 20:48 B C:\Documents and Settings\Grace\Desktop\Anime\SweetMina\Other Stuff\gravitation\info\html\nfriends.html --> ftp.ainoyume.net /public_html/dream/info/html nfriends.html
2007.08.25 20:48 B C:\Documents and Settings\Grace\Desktop\Anime\SweetMina\Other Stuff\gravitation\info\html\noriko.html --> ftp.ainoyume.net /public_html/dream/info/html noriko.html
2007.08.25 20:48 B C:\Documents and Settings\Grace\Desktop\Anime\SweetMina\Other Stuff\gravitation\info\html\npersonality.html --> ftp.ainoyume.net /public_html/dream/info/html npersonality.html
2007.08.25 20:48 B C:\Documents and Settings\Grace\Desktop\Anime\SweetMina\Other Stuff\gravitation\info\html\nsummary.html --> ftp.ainoyume.net /public_html/dream/info/html nsummary.html
2007.08.25 20:48 B C:\Documents and Settings\Grace\Desktop\Anime\SweetMina\Other Stuff\gravitation\info\html\nvoice.html --> ftp.ainoyume.net /public_html/dream/info/html nvoice.html
2007.08.25 20:48 B C:\Documents and Settings\Grace\Desktop\Anime\SweetMina\Other Stuff\gravitation\info\html\oav1.html --> ftp.ainoyume.net /public_html/dream/info/html oav1.html
2007.08.25 20:48 B C:\Documents and Settings\Grace\Desktop\Anime\SweetMina\Other Stuff\gravitation\info\html\oav2.html --> ftp.ainoyume.net /public_html/dream/info/html oav2.html
2007.08.25 20:48 B C:\Documents and Settings\Grace\Desktop\Anime\SweetMina\Other Stuff\gravitation\info\html\oavgeneral.html --> ftp.ainoyume.net /public_html/dream/info/html oavgeneral.html
2007.08.25 20:48 B C:\Documents and Settings\Grace\Desktop\Anime\SweetMina\Other Stuff\gravitation\info\html\oavsumm.html --> ftp.ainoyume.net /public_html/dream/info/html oavsumm.html
2007.08.25 20:48 B C:\Documents and Settings\Grace\Desktop\Anime\SweetMina\Other Stuff\gravitation\info\html\prelude.html --> ftp.ainoyume.net /public_html/dream/info/html prelude.html
2007.08.25 20:48 B C:\Documents and Settings\Grace\Desktop\Anime\SweetMina\Other Stuff\gravitation\info\html\purchase.html --> ftp.ainoyume.net /public_html/dream/info/html purchase.html
2007.08.25 20:48 B C:\Documents and Settings\Grace\Desktop\Anime\SweetMina\Other Stuff\gravitation\info\html\review01.html --> ftp.ainoyume.net /public_html/dream/info/html review01.html
2007.08.25 20:48 B C:\Documents and Settings\Grace\Desktop\Anime\SweetMina\Other Stuff\gravitation\info\html\rfriends.html --> ftp.ainoyume.net /public_html/dream/info/html rfriends.html
2007.08.25 20:48 B C:\Documents and Settings\Grace\Desktop\Anime\SweetMina\Other Stuff\gravitation\info\html\rpersonality.html --> ftp.ainoyume.net /public_html/dream/info/html rpersonality.html
2007.08.25 20:48 B C:\Documents and Settings\Grace\Desktop\Anime\SweetMina\Other Stuff\gravitation\info\html\rsummary.html --> ftp.ainoyume.net /public_html/dream/info/html rsummary.html
2007.08.25 20:48 B C:\Documents and Settings\Grace\Desktop\Anime\SweetMina\Other Stuff\gravitation\info\html\rsvoice.html --> ftp.ainoyume.net /public_html/dream/info/html rsvoice.html
2007.08.25 20:48 B C:\Documents and Settings\Grace\Desktop\Anime\SweetMina\Other Stuff\gravitation\info\html\rvoice.html --> ftp.ainoyume.net /public_html/dream/info/html rvoice.html
2007.08.25 20:48 B C:\Documents and Settings\Grace\Desktop\Anime\SweetMina\Other Stuff\gravitation\info\html\ryuichi.html --> ftp.ainoyume.net /public_html/dream/info/html ryuichi.html
2007.08.25 20:48 B C:\Documents and Settings\Grace\Desktop\Anime\SweetMina\Other Stuff\gravitation\info\html\sakano.html --> ftp.ainoyume.net /public_html/dream/info/html sakano.html
2007.08.25 20:48 B C:\Documents and Settings\Grace\Desktop\Anime\SweetMina\Other Stuff\gravitation\info\html\sapersonality.html --> ftp.ainoyume.net /public_html/dream/info/html sapersonality.html
2007.08.25 20:48 B C:\Documents and Settings\Grace\Desktop\Anime\SweetMina\Other Stuff\gravitation\info\html\sasummary.html --> ftp.ainoyume.net /public_html/dream/info/html sasummary.html
2007.08.25 20:48 B C:\Documents and Settings\Grace\Desktop\Anime\SweetMina\Other Stuff\gravitation\info\html\savoice.html --> ftp.ainoyume.net /public_html/dream/info/html savoice.html
2007.08.25 20:48 B C:\Documents and Settings\Grace\Desktop\Anime\SweetMina\Other Stuff\gravitation\info\html\season.html --> ftp.ainoyume.net /public_html/dream/info/html season.html
2007.08.25 20:48 B C:\Documents and Settings\Grace\Desktop\Anime\SweetMina\Other Stuff\gravitation\info\html\sfriends.html --> ftp.ainoyume.net /public_html/dream/info/html sfriends.html
2007.08.25 20:48 B C:\Documents and Settings\Grace\Desktop\Anime\SweetMina\Other Stuff\gravitation\info\html\shfamily.html --> ftp.ainoyume.net /public_html/dream/info/html shfamily.html
2007.08.25 20:48 B C:\Documents and Settings\Grace\Desktop\Anime\SweetMina\Other Stuff\gravitation\info\html\shfriends.html --> ftp.ainoyume.net /public_html/dream/info/html shfriends.html
2007.08.25 20:48 B C:\Documents and Settings\Grace\Desktop\Anime\SweetMina\Other Stuff\gravitation\info\html\shloves.html --> ftp.ainoyume.net /public_html/dream/info/html shloves.html
2007.08.25 20:48 B C:\Documents and Settings\Grace\Desktop\Anime\SweetMina\Other Stuff\gravitation\info\html\shpersonality.html --> ftp.ainoyume.net /public_html/dream/info/html shpersonality.html
2007.08.25 20:48 B C:\Documents and Settings\Grace\Desktop\Anime\SweetMina\Other Stuff\gravitation\info\html\shsummary.html --> ftp.ainoyume.net /public_html/dream/info/html shsummary.html
2007.08.25 20:48 B C:\Documents and Settings\Grace\Desktop\Anime\SweetMina\Other Stuff\gravitation\info\html\shsvoice.html --> ftp.ainoyume.net /public_html/dream/info/html shsvoice.html
2007.08.25 20:48 B C:\Documents and Settings\Grace\Desktop\Anime\SweetMina\Other Stuff\gravitation\info\html\shuichi.html --> ftp.ainoyume.net /public_html/dream/info/html shuichi.html
2007.08.25 20:48 B C:\Documents and Settings\Grace\Desktop\Anime\SweetMina\Other Stuff\gravitation\info\html\shvoice.html --> ftp.ainoyume.net /public_html/dream/info/html shvoice.html
2007.08.25 20:48 B C:\Documents and Settings\Grace\Desktop\Anime\SweetMina\Other Stuff\gravitation\info\html\spersonality.html --> ftp.ainoyume.net /public_html/dream/info/html spersonality.html
2007.08.25 20:48 B C:\Documents and Settings\Grace\Desktop\Anime\SweetMina\Other Stuff\gravitation\info\html\ssummary.html --> ftp.ainoyume.net /public_html/dream/info/html ssummary.html
2007.08.25 20:48 B C:\Documents and Settings\Grace\Desktop\Anime\SweetMina\Other Stuff\gravitation\info\html\suguru.html --> ftp.ainoyume.net /public_html/dream/info/html suguru.html
2007.08.25 20:48 B C:\Documents and Settings\Grace\Desktop\Anime\SweetMina\Other Stuff\gravitation\info\html\svoice.html --> ftp.ainoyume.net /public_html/dream/info/html svoice.html
2007.08.25 20:48 B C:\Documents and Settings\Grace\Desktop\Anime\SweetMina\Other Stuff\gravitation\info\html\tafamily.html --> ftp.ainoyume.net /public_html/dream/info/html tafamily.html
2007.08.25 20:48 B C:\Documents and Settings\Grace\Desktop\Anime\SweetMina\Other Stuff\gravitation\info\html\tapersonality.html --> ftp.ainoyume.net /public_html/dream/info/html tapersonality.html
2007.08.25 20:49 B C:\Documents and Settings\Grace\Desktop\Anime\SweetMina\Other Stuff\gravitation\info\html\tasummary.html --> ftp.ainoyume.net /public_html/dream/info/html tasummary.html
2007.08.25 20:49 B C:\Documents and Settings\Grace\Desktop\Anime\SweetMina\Other Stuff\gravitation\info\html\tatsuha.html --> ftp.ainoyume.net /public_html/dream/info/html tatsuha.html
2007.08.25 20:49 B C:\Documents and Settings\Grace\Desktop\Anime\SweetMina\Other Stuff\gravitation\info\html\tavoice.html --> ftp.ainoyume.net /public_html/dream/info/html tavoice.html
2007.08.25 20:49 B C:\Documents and Settings\Grace\Desktop\Anime\SweetMina\Other Stuff\gravitation\info\html\tfriends.html --> ftp.ainoyume.net /public_html/dream/info/html tfriends.html
2007.08.25 20:49 B C:\Documents and Settings\Grace\Desktop\Anime\SweetMina\Other Stuff\gravitation\info\html\tloves.html --> ftp.ainoyume.net /public_html/dream/info/html tloves.html
2007.08.25 20:49 B C:\Documents and Settings\Grace\Desktop\Anime\SweetMina\Other Stuff\gravitation\info\html\tohma.html --> ftp.ainoyume.net /public_html/dream/info/html tohma.html
2007.08.25 20:49 B C:\Documents and Settings\Grace\Desktop\Anime\SweetMina\Other Stuff\gravitation\info\html\tohmaxyuki.html --> ftp.ainoyume.net /public_html/dream/info/html tohmaxyuki.html
2007.08.25 20:49 B C:\Documents and Settings\Grace\Desktop\Anime\SweetMina\Other Stuff\gravitation\info\html\tpersonality.html --> ftp.ainoyume.net /public_html/dream/info/html tpersonality.html
2007.08.25 20:49 B C:\Documents and Settings\Grace\Desktop\Anime\SweetMina\Other Stuff\gravitation\info\html\track12.html --> ftp.ainoyume.net /public_html/dream/info/html track12.html
2007.08.25 20:49 B C:\Documents and Settings\Grace\Desktop\Anime\SweetMina\Other Stuff\gravitation\info\html\tsummary.html --> ftp.ainoyume.net /public_html/dream/info/html tsummary.html
2007.08.25 20:49 B C:\Documents and Settings\Grace\Desktop\Anime\SweetMina\Other Stuff\gravitation\info\html\tvoice.html --> ftp.ainoyume.net /public_html/dream/info/html tvoice.html
2007.08.25 20:49 B C:\Documents and Settings\Grace\Desktop\Anime\SweetMina\Other Stuff\gravitation\info\html\vis1stReview01.html --> ftp.ainoyume.net /public_html/dream/info/html vis1stReview01.html
2007.08.25 20:49 B C:\Documents and Settings\Grace\Desktop\Anime\SweetMina\Other Stuff\gravitation\info\html\vis1stReview02.html --> ftp.ainoyume.net /public_html/dream/info/html vis1stReview02.html
2007.08.25 20:49 B C:\Documents and Settings\Grace\Desktop\Anime\SweetMina\Other Stuff\gravitation\info\html\visdub01.html --> ftp.ainoyume.net /public_html/dream/info/html visdub01.html
2007.08.25 20:49 B C:\Documents and Settings\Grace\Desktop\Anime\SweetMina\Other Stuff\gravitation\info\html\visdub02.html --> ftp.ainoyume.net /public_html/dream/info/html visdub02.html
2007.08.25 20:49 B C:\Documents and Settings\Grace\Desktop\Anime\SweetMina\Other Stuff\gravitation\info\html\visdub03.html --> ftp.ainoyume.net /public_html/dream/info/html visdub03.html
2007.08.25 20:49 B C:\Documents and Settings\Grace\Desktop\Anime\SweetMina\Other Stuff\gravitation\info\html\visdub04.html --> ftp.ainoyume.net /public_html/dream/info/html visdub04.html
2007.08.25 20:49 B C:\Documents and Settings\Grace\Desktop\Anime\SweetMina\Other Stuff\gravitation\info\html\visdub04res.html --> ftp.ainoyume.net /public_html/dream/info/html visdub04res.html
2007.08.25 20:49 B C:\Documents and Settings\Grace\Desktop\Anime\SweetMina\Other Stuff\gravitation\info\html\visdub04res02.html --> ftp.ainoyume.net /public_html/dream/info/html visdub04res02.html
2007.08.25 20:49 B C:\Documents and Settings\Grace\Desktop\Anime\SweetMina\Other Stuff\gravitation\info\html\visdub05.html --> ftp.ainoyume.net /public_html/dream/info/html visdub05.html
2007.08.25 20:49 B C:\Documents and Settings\Grace\Desktop\Anime\SweetMina\Other Stuff\gravitation\info\html\visitors.html --> ftp.ainoyume.net /public_html/dream/info/html visitors.html
2007.08.25 20:49 B C:\Documents and Settings\Grace\Desktop\Anime\SweetMina\Other Stuff\gravitation\info\html\visseason01.html --> ftp.ainoyume.net /public_html/dream/info/html visseason01.html
2007.08.25 20:49 B C:\Documents and Settings\Grace\Desktop\Anime\SweetMina\Other Stuff\gravitation\info\html\visseason02.html --> ftp.ainoyume.net /public_html/dream/info/html visseason02.html
2007.08.25 20:49 B C:\Documents and Settings\Grace\Desktop\Anime\SweetMina\Other Stuff\gravitation\info\html\visseason03.html --> ftp.ainoyume.net /public_html/dream/info/html visseason03.html
2007.08.25 20:49 B C:\Documents and Settings\Grace\Desktop\Anime\SweetMina\Other Stuff\gravitation\info\html\visseason04.html --> ftp.ainoyume.net /public_html/dream/info/html visseason04.html
2007.08.25 20:49 B C:\Documents and Settings\Grace\Desktop\Anime\SweetMina\Other Stuff\gravitation\info\html\vistohmayuki01.html --> ftp.ainoyume.net /public_html/dream/info/html vistohmayuki01.html
2007.08.25 20:49 B C:\Documents and Settings\Grace\Desktop\Anime\SweetMina\Other Stuff\gravitation\info\html\yfamily.html --> ftp.ainoyume.net /public_html/dream/info/html yfamily.html
2007.08.25 20:49 B C:\Documents and Settings\Grace\Desktop\Anime\SweetMina\Other Stuff\gravitation\info\html\ylove.html --> ftp.ainoyume.net /public_html/dream/info/html ylove.html
2007.08.25 20:49 B C:\Documents and Settings\Grace\Desktop\Anime\SweetMina\Other Stuff\gravitation\info\html\ypast.html --> ftp.ainoyume.net /public_html/dream/info/html ypast.html
2007.08.25 20:49 B C:\Documents and Settings\Grace\Desktop\Anime\SweetMina\Other Stuff\gravitation\info\html\ypersonality.html --> ftp.ainoyume.net /public_html/dream/info/html ypersonality.html
2007.08.25 20:49 B C:\Documents and Settings\Grace\Desktop\Anime\SweetMina\Other Stuff\gravitation\info\html\ysummary.html --> ftp.ainoyume.net /public_html/dream/info/html ysummary.html
2007.08.25 20:49 B C:\Documents and Settings\Grace\Desktop\Anime\SweetMina\Other Stuff\gravitation\info\html\yuki.html --> ftp.ainoyume.net /public_html/dream/info/html yuki.html
2007.08.25 20:49 B C:\Documents and Settings\Grace\Desktop\Anime\SweetMina\Other Stuff\gravitation\info\html\yvoice.html --> ftp.ainoyume.net /public_html/dream/info/html yvoice.html
