2007.08.25 20:48 B C:\Documents and Settings\Grace\Desktop\Anime\SweetMina\Other Stuff\gravitation\images\ANInav.gif --> ftp.ainoyume.net /public_html/dream/images ANInav.gif
2007.08.25 20:48 B C:\Documents and Settings\Grace\Desktop\Anime\SweetMina\Other Stuff\gravitation\images\colors_1x1.jpg --> ftp.ainoyume.net /public_html/dream/images colors_1x1.jpg
2007.08.25 20:48 B C:\Documents and Settings\Grace\Desktop\Anime\SweetMina\Other Stuff\gravitation\images\colors_1x2.jpg --> ftp.ainoyume.net /public_html/dream/images colors_1x2.jpg
2007.08.25 20:48 B C:\Documents and Settings\Grace\Desktop\Anime\SweetMina\Other Stuff\gravitation\images\colors_1x3.jpg --> ftp.ainoyume.net /public_html/dream/images colors_1x3.jpg
2007.08.25 20:48 B C:\Documents and Settings\Grace\Desktop\Anime\SweetMina\Other Stuff\gravitation\images\colors_1x4.jpg --> ftp.ainoyume.net /public_html/dream/images colors_1x4.jpg
2007.08.25 20:48 B C:\Documents and Settings\Grace\Desktop\Anime\SweetMina\Other Stuff\gravitation\images\colors_2x1.jpg --> ftp.ainoyume.net /public_html/dream/images colors_2x1.jpg
2007.08.25 20:48 B C:\Documents and Settings\Grace\Desktop\Anime\SweetMina\Other Stuff\gravitation\images\colors_2x2.jpg --> ftp.ainoyume.net /public_html/dream/images colors_2x2.jpg
2007.08.25 20:48 B C:\Documents and Settings\Grace\Desktop\Anime\SweetMina\Other Stuff\gravitation\images\colors_3x1.jpg --> ftp.ainoyume.net /public_html/dream/images colors_3x1.jpg
2007.08.25 20:48 B C:\Documents and Settings\Grace\Desktop\Anime\SweetMina\Other Stuff\gravitation\images\colors_3x2.jpg --> ftp.ainoyume.net /public_html/dream/images colors_3x2.jpg
2007.08.25 20:48 B C:\Documents and Settings\Grace\Desktop\Anime\SweetMina\Other Stuff\gravitation\images\colors_4x1.jpg --> ftp.ainoyume.net /public_html/dream/images colors_4x1.jpg
2007.08.25 20:48 B C:\Documents and Settings\Grace\Desktop\Anime\SweetMina\Other Stuff\gravitation\images\colors_4x2.jpg --> ftp.ainoyume.net /public_html/dream/images colors_4x2.jpg
2007.08.25 20:48 B C:\Documents and Settings\Grace\Desktop\Anime\SweetMina\Other Stuff\gravitation\images\colors_5x1.jpg --> ftp.ainoyume.net /public_html/dream/images colors_5x1.jpg
2007.08.25 20:48 B C:\Documents and Settings\Grace\Desktop\Anime\SweetMina\Other Stuff\gravitation\images\colors_5x2.jpg --> ftp.ainoyume.net /public_html/dream/images colors_5x2.jpg
2007.08.25 20:48 B C:\Documents and Settings\Grace\Desktop\Anime\SweetMina\Other Stuff\gravitation\images\colors_5x2_1x1.jpg --> ftp.ainoyume.net /public_html/dream/images colors_5x2_1x1.jpg
2007.08.25 20:48 B C:\Documents and Settings\Grace\Desktop\Anime\SweetMina\Other Stuff\gravitation\images\colors_5x2_2x1.jpg --> ftp.ainoyume.net /public_html/dream/images colors_5x2_2x1.jpg
2007.08.25 20:48 B C:\Documents and Settings\Grace\Desktop\Anime\SweetMina\Other Stuff\gravitation\images\colors_5x2_2x2.jpg --> ftp.ainoyume.net /public_html/dream/images colors_5x2_2x2.jpg
2007.08.25 20:48 B C:\Documents and Settings\Grace\Desktop\Anime\SweetMina\Other Stuff\gravitation\images\colors_5x2_2x3.jpg --> ftp.ainoyume.net /public_html/dream/images colors_5x2_2x3.jpg
2007.08.25 20:48 B C:\Documents and Settings\Grace\Desktop\Anime\SweetMina\Other Stuff\gravitation\images\colors_5x2_3x1.jpg --> ftp.ainoyume.net /public_html/dream/images colors_5x2_3x1.jpg
2007.08.25 20:48 B C:\Documents and Settings\Grace\Desktop\Anime\SweetMina\Other Stuff\gravitation\images\colors_5x3.jpg --> ftp.ainoyume.net /public_html/dream/images colors_5x3.jpg
2007.08.25 20:48 B C:\Documents and Settings\Grace\Desktop\Anime\SweetMina\Other Stuff\gravitation\images\colors_5x4.jpg --> ftp.ainoyume.net /public_html/dream/images colors_5x4.jpg
2007.08.25 20:48 B C:\Documents and Settings\Grace\Desktop\Anime\SweetMina\Other Stuff\gravitation\images\fangravi.gif --> ftp.ainoyume.net /public_html/dream/images fangravi.gif
2007.08.25 20:48 B C:\Documents and Settings\Grace\Desktop\Anime\SweetMina\Other Stuff\gravitation\images\updates_1x1.jpg --> ftp.ainoyume.net /public_html/dream/images updates_1x1.jpg
2007.08.25 20:48 B C:\Documents and Settings\Grace\Desktop\Anime\SweetMina\Other Stuff\gravitation\images\updates_1x2.jpg --> ftp.ainoyume.net /public_html/dream/images updates_1x2.jpg
2007.08.25 20:48 B C:\Documents and Settings\Grace\Desktop\Anime\SweetMina\Other Stuff\gravitation\images\updates_2x1.jpg --> ftp.ainoyume.net /public_html/dream/images updates_2x1.jpg
2007.08.25 20:48 B C:\Documents and Settings\Grace\Desktop\Anime\SweetMina\Other Stuff\gravitation\images\updates_2x2.jpg --> ftp.ainoyume.net /public_html/dream/images updates_2x2.jpg
2007.08.25 20:48 B C:\Documents and Settings\Grace\Desktop\Anime\SweetMina\Other Stuff\gravitation\images\updates_3x1.jpg --> ftp.ainoyume.net /public_html/dream/images updates_3x1.jpg
2007.08.25 20:48 B C:\Documents and Settings\Grace\Desktop\Anime\SweetMina\Other Stuff\gravitation\images\updates_3x2.jpg --> ftp.ainoyume.net /public_html/dream/images updates_3x2.jpg
2007.08.25 20:48 B C:\Documents and Settings\Grace\Desktop\Anime\SweetMina\Other Stuff\gravitation\images\updates_4x1.jpg --> ftp.ainoyume.net /public_html/dream/images updates_4x1.jpg
2007.08.25 20:48 B C:\Documents and Settings\Grace\Desktop\Anime\SweetMina\Other Stuff\gravitation\images\updates_4x2.jpg --> ftp.ainoyume.net /public_html/dream/images updates_4x2.jpg
2007.08.25 20:48 B C:\Documents and Settings\Grace\Desktop\Anime\SweetMina\Other Stuff\gravitation\images\updates_5x1.jpg --> ftp.ainoyume.net /public_html/dream/images updates_5x1.jpg
2007.08.25 20:48 B C:\Documents and Settings\Grace\Desktop\Anime\SweetMina\Other Stuff\gravitation\images\updates_5x2.jpg --> ftp.ainoyume.net /public_html/dream/images updates_5x2.jpg
2007.08.25 20:48 B C:\Documents and Settings\Grace\Desktop\Anime\SweetMina\Other Stuff\gravitation\images\updates_6x1.jpg --> ftp.ainoyume.net /public_html/dream/images updates_6x1.jpg
2007.08.25 20:48 B C:\Documents and Settings\Grace\Desktop\Anime\SweetMina\Other Stuff\gravitation\images\updates_6x2.jpg --> ftp.ainoyume.net /public_html/dream/images updates_6x2.jpg
2007.08.25 20:48 B C:\Documents and Settings\Grace\Desktop\Anime\SweetMina\Other Stuff\gravitation\images\updates_7x1.jpg --> ftp.ainoyume.net /public_html/dream/images updates_7x1.jpg
2007.08.25 20:48 B C:\Documents and Settings\Grace\Desktop\Anime\SweetMina\Other Stuff\gravitation\images\updates_7x3.jpg --> ftp.ainoyume.net /public_html/dream/images updates_7x3.jpg
2007.08.25 20:48 B C:\Documents and Settings\Grace\Desktop\Anime\SweetMina\Other Stuff\gravitation\images\updatesbg.jpg --> ftp.ainoyume.net /public_html/dream/images updatesbg.jpg
2007.08.25 20:48 B C:\Documents and Settings\Grace\Desktop\Anime\SweetMina\Other Stuff\gravitation\images\webring_1x1.jpg --> ftp.ainoyume.net /public_html/dream/images webring_1x1.jpg
2007.08.25 20:48 B C:\Documents and Settings\Grace\Desktop\Anime\SweetMina\Other Stuff\gravitation\images\webring_2x1.jpg --> ftp.ainoyume.net /public_html/dream/images webring_2x1.jpg
2007.08.25 20:48 B C:\Documents and Settings\Grace\Desktop\Anime\SweetMina\Other Stuff\gravitation\images\webring_3x1.jpg --> ftp.ainoyume.net /public_html/dream/images webring_3x1.jpg
2007.08.25 20:48 B C:\Documents and Settings\Grace\Desktop\Anime\SweetMina\Other Stuff\gravitation\images\webring_4x1.jpg --> ftp.ainoyume.net /public_html/dream/images webring_4x1.jpg
2007.08.25 20:48 B C:\Documents and Settings\Grace\Desktop\Anime\SweetMina\Other Stuff\gravitation\images\webring_5x1.jpg --> ftp.ainoyume.net /public_html/dream/images webring_5x1.jpg
2007.08.25 20:48 B C:\Documents and Settings\Grace\Desktop\Anime\SweetMina\Other Stuff\gravitation\images\webring_6x1.jpg --> ftp.ainoyume.net /public_html/dream/images webring_6x1.jpg
2007.08.25 20:48 B C:\Documents and Settings\Grace\Desktop\Anime\SweetMina\Other Stuff\gravitation\images\webring_7x1.jpg --> ftp.ainoyume.net /public_html/dream/images webring_7x1.jpg
2007.08.25 20:48 B C:\Documents and Settings\Grace\Desktop\Anime\SweetMina\Other Stuff\gravitation\images\webring_8x1.jpg --> ftp.ainoyume.net /public_html/dream/images webring_8x1.jpg
2007.08.25 20:48 B C:\Documents and Settings\Grace\Desktop\Anime\SweetMina\Other Stuff\gravitation\images\webring_9x1.jpg --> ftp.ainoyume.net /public_html/dream/images webring_9x1.jpg
2007.08.25 20:48 B C:\Documents and Settings\Grace\Desktop\Anime\SweetMina\Other Stuff\gravitation\images\webringpic.jpg --> ftp.ainoyume.net /public_html/dream/images webringpic.jpg
