2007.08.25 21:04 B C:\Documents and Settings\Grace\Desktop\Anime\SweetMina\Other Stuff\gravitation\SUB-SECTION\lite\1.inc --> ftp.ainoyume.net /public_html/dream/lite 1.inc
2007.08.25 21:04 B C:\Documents and Settings\Grace\Desktop\Anime\SweetMina\Other Stuff\gravitation\SUB-SECTION\lite\1.php --> ftp.ainoyume.net /public_html/dream/lite 1.php
2007.08.25 21:04 B C:\Documents and Settings\Grace\Desktop\Anime\SweetMina\Other Stuff\gravitation\SUB-SECTION\lite\10.inc --> ftp.ainoyume.net /public_html/dream/lite 10.inc
2007.08.25 21:04 B C:\Documents and Settings\Grace\Desktop\Anime\SweetMina\Other Stuff\gravitation\SUB-SECTION\lite\10.php --> ftp.ainoyume.net /public_html/dream/lite 10.php
2007.08.25 21:04 B C:\Documents and Settings\Grace\Desktop\Anime\SweetMina\Other Stuff\gravitation\SUB-SECTION\lite\11.inc --> ftp.ainoyume.net /public_html/dream/lite 11.inc
2007.08.25 21:04 B C:\Documents and Settings\Grace\Desktop\Anime\SweetMina\Other Stuff\gravitation\SUB-SECTION\lite\11.php --> ftp.ainoyume.net /public_html/dream/lite 11.php
2007.08.25 21:04 B C:\Documents and Settings\Grace\Desktop\Anime\SweetMina\Other Stuff\gravitation\SUB-SECTION\lite\12.inc --> ftp.ainoyume.net /public_html/dream/lite 12.inc
2007.08.25 21:04 B C:\Documents and Settings\Grace\Desktop\Anime\SweetMina\Other Stuff\gravitation\SUB-SECTION\lite\12.php --> ftp.ainoyume.net /public_html/dream/lite 12.php
2007.08.25 21:04 B C:\Documents and Settings\Grace\Desktop\Anime\SweetMina\Other Stuff\gravitation\SUB-SECTION\lite\13.inc --> ftp.ainoyume.net /public_html/dream/lite 13.inc
2007.08.25 21:04 B C:\Documents and Settings\Grace\Desktop\Anime\SweetMina\Other Stuff\gravitation\SUB-SECTION\lite\13.php --> ftp.ainoyume.net /public_html/dream/lite 13.php
2007.08.25 21:04 B C:\Documents and Settings\Grace\Desktop\Anime\SweetMina\Other Stuff\gravitation\SUB-SECTION\lite\2.inc --> ftp.ainoyume.net /public_html/dream/lite 2.inc
2007.08.25 21:04 B C:\Documents and Settings\Grace\Desktop\Anime\SweetMina\Other Stuff\gravitation\SUB-SECTION\lite\2.php --> ftp.ainoyume.net /public_html/dream/lite 2.php
2007.08.25 21:04 B C:\Documents and Settings\Grace\Desktop\Anime\SweetMina\Other Stuff\gravitation\SUB-SECTION\lite\3.inc --> ftp.ainoyume.net /public_html/dream/lite 3.inc
2007.08.25 21:04 B C:\Documents and Settings\Grace\Desktop\Anime\SweetMina\Other Stuff\gravitation\SUB-SECTION\lite\3.php --> ftp.ainoyume.net /public_html/dream/lite 3.php
2007.08.25 21:04 B C:\Documents and Settings\Grace\Desktop\Anime\SweetMina\Other Stuff\gravitation\SUB-SECTION\lite\4.inc --> ftp.ainoyume.net /public_html/dream/lite 4.inc
2007.08.25 21:04 B C:\Documents and Settings\Grace\Desktop\Anime\SweetMina\Other Stuff\gravitation\SUB-SECTION\lite\4.php --> ftp.ainoyume.net /public_html/dream/lite 4.php
2007.08.25 21:04 B C:\Documents and Settings\Grace\Desktop\Anime\SweetMina\Other Stuff\gravitation\SUB-SECTION\lite\5.inc --> ftp.ainoyume.net /public_html/dream/lite 5.inc
2007.08.25 21:04 B C:\Documents and Settings\Grace\Desktop\Anime\SweetMina\Other Stuff\gravitation\SUB-SECTION\lite\5.php --> ftp.ainoyume.net /public_html/dream/lite 5.php
2007.08.25 21:04 B C:\Documents and Settings\Grace\Desktop\Anime\SweetMina\Other Stuff\gravitation\SUB-SECTION\lite\6.inc --> ftp.ainoyume.net /public_html/dream/lite 6.inc
2007.08.25 21:04 B C:\Documents and Settings\Grace\Desktop\Anime\SweetMina\Other Stuff\gravitation\SUB-SECTION\lite\6.php --> ftp.ainoyume.net /public_html/dream/lite 6.php
2007.08.25 21:04 B C:\Documents and Settings\Grace\Desktop\Anime\SweetMina\Other Stuff\gravitation\SUB-SECTION\lite\7.inc --> ftp.ainoyume.net /public_html/dream/lite 7.inc
2007.08.25 21:04 B C:\Documents and Settings\Grace\Desktop\Anime\SweetMina\Other Stuff\gravitation\SUB-SECTION\lite\7.php --> ftp.ainoyume.net /public_html/dream/lite 7.php
2007.08.25 21:04 B C:\Documents and Settings\Grace\Desktop\Anime\SweetMina\Other Stuff\gravitation\SUB-SECTION\lite\8.inc --> ftp.ainoyume.net /public_html/dream/lite 8.inc
2007.08.25 21:04 B C:\Documents and Settings\Grace\Desktop\Anime\SweetMina\Other Stuff\gravitation\SUB-SECTION\lite\8.php --> ftp.ainoyume.net /public_html/dream/lite 8.php
2007.08.25 21:04 B C:\Documents and Settings\Grace\Desktop\Anime\SweetMina\Other Stuff\gravitation\SUB-SECTION\lite\9.inc --> ftp.ainoyume.net /public_html/dream/lite 9.inc
2007.08.25 21:04 B C:\Documents and Settings\Grace\Desktop\Anime\SweetMina\Other Stuff\gravitation\SUB-SECTION\lite\9.php --> ftp.ainoyume.net /public_html/dream/lite 9.php
2007.08.25 21:05 B C:\Documents and Settings\Grace\Desktop\Anime\SweetMina\Other Stuff\gravitation\SUB-SECTION\lite\addiction.inc --> ftp.ainoyume.net /public_html/dream/lite addiction.inc
2007.08.25 21:05 B C:\Documents and Settings\Grace\Desktop\Anime\SweetMina\Other Stuff\gravitation\SUB-SECTION\lite\addiction.php --> ftp.ainoyume.net /public_html/dream/lite addiction.php
2007.08.25 21:05 B C:\Documents and Settings\Grace\Desktop\Anime\SweetMina\Other Stuff\gravitation\SUB-SECTION\lite\aicons.inc --> ftp.ainoyume.net /public_html/dream/lite aicons.inc
2007.08.25 21:05 B C:\Documents and Settings\Grace\Desktop\Anime\SweetMina\Other Stuff\gravitation\SUB-SECTION\lite\aicons.php --> ftp.ainoyume.net /public_html/dream/lite aicons.php
2007.08.25 21:05 B C:\Documents and Settings\Grace\Desktop\Anime\SweetMina\Other Stuff\gravitation\SUB-SECTION\lite\alove.inc --> ftp.ainoyume.net /public_html/dream/lite alove.inc
2007.08.25 21:05 B C:\Documents and Settings\Grace\Desktop\Anime\SweetMina\Other Stuff\gravitation\SUB-SECTION\lite\alove.php --> ftp.ainoyume.net /public_html/dream/lite alove.php
2007.08.25 21:05 B C:\Documents and Settings\Grace\Desktop\Anime\SweetMina\Other Stuff\gravitation\SUB-SECTION\lite\animeshuichi.inc --> ftp.ainoyume.net /public_html/dream/lite animeshuichi.inc
2007.08.25 21:05 B C:\Documents and Settings\Grace\Desktop\Anime\SweetMina\Other Stuff\gravitation\SUB-SECTION\lite\apersonality.inc --> ftp.ainoyume.net /public_html/dream/lite apersonality.inc
2007.08.25 21:05 B C:\Documents and Settings\Grace\Desktop\Anime\SweetMina\Other Stuff\gravitation\SUB-SECTION\lite\apersonality.php --> ftp.ainoyume.net /public_html/dream/lite apersonality.php
2007.08.25 21:05 B C:\Documents and Settings\Grace\Desktop\Anime\SweetMina\Other Stuff\gravitation\SUB-SECTION\lite\ask.inc --> ftp.ainoyume.net /public_html/dream/lite ask.inc
2007.08.25 21:05 B C:\Documents and Settings\Grace\Desktop\Anime\SweetMina\Other Stuff\gravitation\SUB-SECTION\lite\ask.php --> ftp.ainoyume.net /public_html/dream/lite ask.php
2007.08.25 21:05 B C:\Documents and Settings\Grace\Desktop\Anime\SweetMina\Other Stuff\gravitation\SUB-SECTION\lite\asummary.inc --> ftp.ainoyume.net /public_html/dream/lite asummary.inc
2007.08.25 21:05 B C:\Documents and Settings\Grace\Desktop\Anime\SweetMina\Other Stuff\gravitation\SUB-SECTION\lite\asummary.php --> ftp.ainoyume.net /public_html/dream/lite asummary.php
2007.08.25 21:05 B C:\Documents and Settings\Grace\Desktop\Anime\SweetMina\Other Stuff\gravitation\SUB-SECTION\lite\av54.inc --> ftp.ainoyume.net /public_html/dream/lite av54.inc
2007.08.25 21:05 B C:\Documents and Settings\Grace\Desktop\Anime\SweetMina\Other Stuff\gravitation\SUB-SECTION\lite\av54.php --> ftp.ainoyume.net /public_html/dream/lite av54.php
2007.08.25 21:05 B C:\Documents and Settings\Grace\Desktop\Anime\SweetMina\Other Stuff\gravitation\SUB-SECTION\lite\av60.inc --> ftp.ainoyume.net /public_html/dream/lite av60.inc
2007.08.25 21:05 B C:\Documents and Settings\Grace\Desktop\Anime\SweetMina\Other Stuff\gravitation\SUB-SECTION\lite\av60.php --> ftp.ainoyume.net /public_html/dream/lite av60.php
2007.08.25 21:05 B C:\Documents and Settings\Grace\Desktop\Anime\SweetMina\Other Stuff\gravitation\SUB-SECTION\lite\av62.inc --> ftp.ainoyume.net /public_html/dream/lite av62.inc
2007.08.25 21:05 B C:\Documents and Settings\Grace\Desktop\Anime\SweetMina\Other Stuff\gravitation\SUB-SECTION\lite\av62.php --> ftp.ainoyume.net /public_html/dream/lite av62.php
2007.08.25 21:05 B C:\Documents and Settings\Grace\Desktop\Anime\SweetMina\Other Stuff\gravitation\SUB-SECTION\lite\av64.inc --> ftp.ainoyume.net /public_html/dream/lite av64.inc
2007.08.25 21:05 B C:\Documents and Settings\Grace\Desktop\Anime\SweetMina\Other Stuff\gravitation\SUB-SECTION\lite\av64.php --> ftp.ainoyume.net /public_html/dream/lite av64.php
2007.08.25 21:05 B C:\Documents and Settings\Grace\Desktop\Anime\SweetMina\Other Stuff\gravitation\SUB-SECTION\lite\avatars.inc --> ftp.ainoyume.net /public_html/dream/lite avatars.inc
2007.08.25 21:05 B C:\Documents and Settings\Grace\Desktop\Anime\SweetMina\Other Stuff\gravitation\SUB-SECTION\lite\avatars.php --> ftp.ainoyume.net /public_html/dream/lite avatars.php
2007.08.25 21:05 B C:\Documents and Settings\Grace\Desktop\Anime\SweetMina\Other Stuff\gravitation\SUB-SECTION\lite\avoice.inc --> ftp.ainoyume.net /public_html/dream/lite avoice.inc
2007.08.25 21:05 B C:\Documents and Settings\Grace\Desktop\Anime\SweetMina\Other Stuff\gravitation\SUB-SECTION\lite\avoice.php --> ftp.ainoyume.net /public_html/dream/lite avoice.php
2007.08.25 21:05 B C:\Documents and Settings\Grace\Desktop\Anime\SweetMina\Other Stuff\gravitation\SUB-SECTION\lite\char.inc --> ftp.ainoyume.net /public_html/dream/lite char.inc
2007.08.25 21:05 B C:\Documents and Settings\Grace\Desktop\Anime\SweetMina\Other Stuff\gravitation\SUB-SECTION\lite\char.php --> ftp.ainoyume.net /public_html/dream/lite char.php
2007.08.25 21:05 B C:\Documents and Settings\Grace\Desktop\Anime\SweetMina\Other Stuff\gravitation\SUB-SECTION\lite\cliques.inc --> ftp.ainoyume.net /public_html/dream/lite cliques.inc
2007.08.25 21:05 B C:\Documents and Settings\Grace\Desktop\Anime\SweetMina\Other Stuff\gravitation\SUB-SECTION\lite\cliques.php --> ftp.ainoyume.net /public_html/dream/lite cliques.php
2007.08.25 21:05 B C:\Documents and Settings\Grace\Desktop\Anime\SweetMina\Other Stuff\gravitation\SUB-SECTION\lite\contact.inc --> ftp.ainoyume.net /public_html/dream/lite contact.inc
2007.08.25 21:05 B C:\Documents and Settings\Grace\Desktop\Anime\SweetMina\Other Stuff\gravitation\SUB-SECTION\lite\contact.php --> ftp.ainoyume.net /public_html/dream/lite contact.php
2007.08.25 21:05 B C:\Documents and Settings\Grace\Desktop\Anime\SweetMina\Other Stuff\gravitation\SUB-SECTION\lite\cosplay.inc --> ftp.ainoyume.net /public_html/dream/lite cosplay.inc
2007.08.25 21:05 B C:\Documents and Settings\Grace\Desktop\Anime\SweetMina\Other Stuff\gravitation\SUB-SECTION\lite\cosplay.php --> ftp.ainoyume.net /public_html/dream/lite cosplay.php
2007.08.25 21:05 B C:\Documents and Settings\Grace\Desktop\Anime\SweetMina\Other Stuff\gravitation\SUB-SECTION\lite\creator.inc --> ftp.ainoyume.net /public_html/dream/lite creator.inc
2007.08.25 21:05 B C:\Documents and Settings\Grace\Desktop\Anime\SweetMina\Other Stuff\gravitation\SUB-SECTION\lite\creator.php --> ftp.ainoyume.net /public_html/dream/lite creator.php
2007.08.25 21:05 B C:\Documents and Settings\Grace\Desktop\Anime\SweetMina\Other Stuff\gravitation\SUB-SECTION\lite\credits.inc --> ftp.ainoyume.net /public_html/dream/lite credits.inc
2007.08.25 21:05 B C:\Documents and Settings\Grace\Desktop\Anime\SweetMina\Other Stuff\gravitation\SUB-SECTION\lite\credits.php --> ftp.ainoyume.net /public_html/dream/lite credits.php
2007.08.25 21:05 B C:\Documents and Settings\Grace\Desktop\Anime\SweetMina\Other Stuff\gravitation\SUB-SECTION\lite\dictionary.inc --> ftp.ainoyume.net /public_html/dream/lite dictionary.inc
2007.08.25 21:05 B C:\Documents and Settings\Grace\Desktop\Anime\SweetMina\Other Stuff\gravitation\SUB-SECTION\lite\dictionary.php --> ftp.ainoyume.net /public_html/dream/lite dictionary.php
2007.08.25 21:05 B C:\Documents and Settings\Grace\Desktop\Anime\SweetMina\Other Stuff\gravitation\SUB-SECTION\lite\dubsub.inc --> ftp.ainoyume.net /public_html/dream/lite dubsub.inc
2007.08.25 21:05 B C:\Documents and Settings\Grace\Desktop\Anime\SweetMina\Other Stuff\gravitation\SUB-SECTION\lite\dubsub.php --> ftp.ainoyume.net /public_html/dream/lite dubsub.php
2007.08.25 21:05 B C:\Documents and Settings\Grace\Desktop\Anime\SweetMina\Other Stuff\gravitation\SUB-SECTION\lite\epsumm.inc --> ftp.ainoyume.net /public_html/dream/lite epsumm.inc
2007.08.25 21:05 B C:\Documents and Settings\Grace\Desktop\Anime\SweetMina\Other Stuff\gravitation\SUB-SECTION\lite\epsumm.php --> ftp.ainoyume.net /public_html/dream/lite epsumm.php
2007.08.25 21:05 B C:\Documents and Settings\Grace\Desktop\Anime\SweetMina\Other Stuff\gravitation\SUB-SECTION\lite\essays.inc --> ftp.ainoyume.net /public_html/dream/lite essays.inc
2007.08.25 21:05 B C:\Documents and Settings\Grace\Desktop\Anime\SweetMina\Other Stuff\gravitation\SUB-SECTION\lite\essays.php --> ftp.ainoyume.net /public_html/dream/lite essays.php
2007.08.25 21:05 B C:\Documents and Settings\Grace\Desktop\Anime\SweetMina\Other Stuff\gravitation\SUB-SECTION\lite\fanart.inc --> ftp.ainoyume.net /public_html/dream/lite fanart.inc
2007.08.25 21:05 B C:\Documents and Settings\Grace\Desktop\Anime\SweetMina\Other Stuff\gravitation\SUB-SECTION\lite\fanart.php --> ftp.ainoyume.net /public_html/dream/lite fanart.php
2007.08.25 21:05 B C:\Documents and Settings\Grace\Desktop\Anime\SweetMina\Other Stuff\gravitation\SUB-SECTION\lite\fanfics.inc --> ftp.ainoyume.net /public_html/dream/lite fanfics.inc
2007.08.25 21:05 B C:\Documents and Settings\Grace\Desktop\Anime\SweetMina\Other Stuff\gravitation\SUB-SECTION\lite\fanfics.php --> ftp.ainoyume.net /public_html/dream/lite fanfics.php
2007.08.25 21:05 B C:\Documents and Settings\Grace\Desktop\Anime\SweetMina\Other Stuff\gravitation\SUB-SECTION\lite\fanguidelines.inc --> ftp.ainoyume.net /public_html/dream/lite fanguidelines.inc
2007.08.25 21:05 B C:\Documents and Settings\Grace\Desktop\Anime\SweetMina\Other Stuff\gravitation\SUB-SECTION\lite\fanguidelines.php --> ftp.ainoyume.net /public_html/dream/lite fanguidelines.php
2007.08.25 21:05 B C:\Documents and Settings\Grace\Desktop\Anime\SweetMina\Other Stuff\gravitation\SUB-SECTION\lite\fanworks.inc --> ftp.ainoyume.net /public_html/dream/lite fanworks.inc
2007.08.25 21:05 B C:\Documents and Settings\Grace\Desktop\Anime\SweetMina\Other Stuff\gravitation\SUB-SECTION\lite\fanworks.php --> ftp.ainoyume.net /public_html/dream/lite fanworks.php
2007.08.25 21:05 B C:\Documents and Settings\Grace\Desktop\Anime\SweetMina\Other Stuff\gravitation\SUB-SECTION\lite\footer.inc --> ftp.ainoyume.net /public_html/dream/lite footer.inc
2007.08.25 21:05 B C:\Documents and Settings\Grace\Desktop\Anime\SweetMina\Other Stuff\gravitation\SUB-SECTION\lite\gravimusic.inc --> ftp.ainoyume.net /public_html/dream/lite gravimusic.inc
2007.08.25 21:05 B C:\Documents and Settings\Grace\Desktop\Anime\SweetMina\Other Stuff\gravitation\SUB-SECTION\lite\gravimusic.php --> ftp.ainoyume.net /public_html/dream/lite gravimusic.php
2007.08.25 21:05 B C:\Documents and Settings\Grace\Desktop\Anime\SweetMina\Other Stuff\gravitation\SUB-SECTION\lite\header.inc --> ftp.ainoyume.net /public_html/dream/lite header.inc
2007.08.25 21:05 B C:\Documents and Settings\Grace\Desktop\Anime\SweetMina\Other Stuff\gravitation\SUB-SECTION\lite\hfriends.inc --> ftp.ainoyume.net /public_html/dream/lite hfriends.inc
2007.08.25 21:05 B C:\Documents and Settings\Grace\Desktop\Anime\SweetMina\Other Stuff\gravitation\SUB-SECTION\lite\hfriends.php --> ftp.ainoyume.net /public_html/dream/lite hfriends.php
2007.08.25 21:05 B C:\Documents and Settings\Grace\Desktop\Anime\SweetMina\Other Stuff\gravitation\SUB-SECTION\lite\hlove.inc --> ftp.ainoyume.net /public_html/dream/lite hlove.inc
2007.08.25 21:05 B C:\Documents and Settings\Grace\Desktop\Anime\SweetMina\Other Stuff\gravitation\SUB-SECTION\lite\hlove.php --> ftp.ainoyume.net /public_html/dream/lite hlove.php
2007.08.25 21:05 B C:\Documents and Settings\Grace\Desktop\Anime\SweetMina\Other Stuff\gravitation\SUB-SECTION\lite\hpersonality.inc --> ftp.ainoyume.net /public_html/dream/lite hpersonality.inc
2007.08.25 21:05 B C:\Documents and Settings\Grace\Desktop\Anime\SweetMina\Other Stuff\gravitation\SUB-SECTION\lite\hpersonality.php --> ftp.ainoyume.net /public_html/dream/lite hpersonality.php
2007.08.25 21:05 B C:\Documents and Settings\Grace\Desktop\Anime\SweetMina\Other Stuff\gravitation\SUB-SECTION\lite\hsummary.inc --> ftp.ainoyume.net /public_html/dream/lite hsummary.inc
2007.08.25 21:05 B C:\Documents and Settings\Grace\Desktop\Anime\SweetMina\Other Stuff\gravitation\SUB-SECTION\lite\hsummary.php --> ftp.ainoyume.net /public_html/dream/lite hsummary.php
2007.08.25 21:05 B C:\Documents and Settings\Grace\Desktop\Anime\SweetMina\Other Stuff\gravitation\SUB-SECTION\lite\hvoice.inc --> ftp.ainoyume.net /public_html/dream/lite hvoice.inc
2007.08.25 21:05 B C:\Documents and Settings\Grace\Desktop\Anime\SweetMina\Other Stuff\gravitation\SUB-SECTION\lite\hvoice.php --> ftp.ainoyume.net /public_html/dream/lite hvoice.php
2007.08.25 21:05 B C:\Documents and Settings\Grace\Desktop\Anime\SweetMina\Other Stuff\gravitation\SUB-SECTION\lite\images.inc --> ftp.ainoyume.net /public_html/dream/lite images.inc
2007.08.25 21:05 B C:\Documents and Settings\Grace\Desktop\Anime\SweetMina\Other Stuff\gravitation\SUB-SECTION\lite\images.php --> ftp.ainoyume.net /public_html/dream/lite images.php
2007.08.25 21:05 B C:\Documents and Settings\Grace\Desktop\Anime\SweetMina\Other Stuff\gravitation\SUB-SECTION\lite\images0.inc --> ftp.ainoyume.net /public_html/dream/lite images0.inc
2007.08.25 21:05 B C:\Documents and Settings\Grace\Desktop\Anime\SweetMina\Other Stuff\gravitation\SUB-SECTION\lite\index.html --> ftp.ainoyume.net /public_html/dream/lite index.html
2007.08.25 21:05 B C:\Documents and Settings\Grace\Desktop\Anime\SweetMina\Other Stuff\gravitation\SUB-SECTION\lite\index.inc --> ftp.ainoyume.net /public_html/dream/lite index.inc
2007.08.25 21:05 B C:\Documents and Settings\Grace\Desktop\Anime\SweetMina\Other Stuff\gravitation\SUB-SECTION\lite\index.php --> ftp.ainoyume.net /public_html/dream/lite index.php
2007.08.25 21:05 B C:\Documents and Settings\Grace\Desktop\Anime\SweetMina\Other Stuff\gravitation\SUB-SECTION\lite\interview.inc --> ftp.ainoyume.net /public_html/dream/lite interview.inc
2007.08.25 21:05 B C:\Documents and Settings\Grace\Desktop\Anime\SweetMina\Other Stuff\gravitation\SUB-SECTION\lite\interview.php --> ftp.ainoyume.net /public_html/dream/lite interview.php
2007.08.25 21:05 B C:\Documents and Settings\Grace\Desktop\Anime\SweetMina\Other Stuff\gravitation\SUB-SECTION\lite\introd.inc --> ftp.ainoyume.net /public_html/dream/lite introd.inc
2007.08.25 21:05 B C:\Documents and Settings\Grace\Desktop\Anime\SweetMina\Other Stuff\gravitation\SUB-SECTION\lite\introd.php --> ftp.ainoyume.net /public_html/dream/lite introd.php
2007.08.25 21:05 B C:\Documents and Settings\Grace\Desktop\Anime\SweetMina\Other Stuff\gravitation\SUB-SECTION\lite\kfamily.inc --> ftp.ainoyume.net /public_html/dream/lite kfamily.inc
2007.08.25 21:05 B C:\Documents and Settings\Grace\Desktop\Anime\SweetMina\Other Stuff\gravitation\SUB-SECTION\lite\kfamily.php --> ftp.ainoyume.net /public_html/dream/lite kfamily.php
2007.08.25 21:05 B C:\Documents and Settings\Grace\Desktop\Anime\SweetMina\Other Stuff\gravitation\SUB-SECTION\lite\kpersonality.inc --> ftp.ainoyume.net /public_html/dream/lite kpersonality.inc
2007.08.25 21:05 B C:\Documents and Settings\Grace\Desktop\Anime\SweetMina\Other Stuff\gravitation\SUB-SECTION\lite\kpersonality.php --> ftp.ainoyume.net /public_html/dream/lite kpersonality.php
2007.08.25 21:05 B C:\Documents and Settings\Grace\Desktop\Anime\SweetMina\Other Stuff\gravitation\SUB-SECTION\lite\ksummary.inc --> ftp.ainoyume.net /public_html/dream/lite ksummary.inc
2007.08.25 21:05 B C:\Documents and Settings\Grace\Desktop\Anime\SweetMina\Other Stuff\gravitation\SUB-SECTION\lite\ksummary.php --> ftp.ainoyume.net /public_html/dream/lite ksummary.php
2007.08.25 21:05 B C:\Documents and Settings\Grace\Desktop\Anime\SweetMina\Other Stuff\gravitation\SUB-SECTION\lite\kumagoro.inc --> ftp.ainoyume.net /public_html/dream/lite kumagoro.inc
2007.08.25 21:05 B C:\Documents and Settings\Grace\Desktop\Anime\SweetMina\Other Stuff\gravitation\SUB-SECTION\lite\kumagoro.php --> ftp.ainoyume.net /public_html/dream/lite kumagoro.php
2007.08.25 21:05 B C:\Documents and Settings\Grace\Desktop\Anime\SweetMina\Other Stuff\gravitation\SUB-SECTION\lite\kvoice.inc --> ftp.ainoyume.net /public_html/dream/lite kvoice.inc
2007.08.25 21:05 B C:\Documents and Settings\Grace\Desktop\Anime\SweetMina\Other Stuff\gravitation\SUB-SECTION\lite\kvoice.php --> ftp.ainoyume.net /public_html/dream/lite kvoice.php
2007.08.25 21:05 B C:\Documents and Settings\Grace\Desktop\Anime\SweetMina\Other Stuff\gravitation\SUB-SECTION\lite\layout.inc --> ftp.ainoyume.net /public_html/dream/lite layout.inc
2007.08.25 21:05 B C:\Documents and Settings\Grace\Desktop\Anime\SweetMina\Other Stuff\gravitation\SUB-SECTION\lite\layout.php --> ftp.ainoyume.net /public_html/dream/lite layout.php
2007.08.25 21:05 B C:\Documents and Settings\Grace\Desktop\Anime\SweetMina\Other Stuff\gravitation\SUB-SECTION\lite\linkdtd.inc --> ftp.ainoyume.net /public_html/dream/lite linkdtd.inc
2007.08.25 21:05 B C:\Documents and Settings\Grace\Desktop\Anime\SweetMina\Other Stuff\gravitation\SUB-SECTION\lite\linkdtd.php --> ftp.ainoyume.net /public_html/dream/lite linkdtd.php
2007.08.25 21:05 B C:\Documents and Settings\Grace\Desktop\Anime\SweetMina\Other Stuff\gravitation\SUB-SECTION\lite\links.inc --> ftp.ainoyume.net /public_html/dream/lite links.inc
2007.08.25 21:05 B C:\Documents and Settings\Grace\Desktop\Anime\SweetMina\Other Stuff\gravitation\SUB-SECTION\lite\links.php --> ftp.ainoyume.net /public_html/dream/lite links.php
2007.08.25 21:05 B C:\Documents and Settings\Grace\Desktop\Anime\SweetMina\Other Stuff\gravitation\SUB-SECTION\lite\lyrics.inc --> ftp.ainoyume.net /public_html/dream/lite lyrics.inc
2007.08.25 21:05 B C:\Documents and Settings\Grace\Desktop\Anime\SweetMina\Other Stuff\gravitation\SUB-SECTION\lite\lyrics.php --> ftp.ainoyume.net /public_html/dream/lite lyrics.php
2007.08.25 21:05 B C:\Documents and Settings\Grace\Desktop\Anime\SweetMina\Other Stuff\gravitation\SUB-SECTION\lite\lyricsGDe.inc --> ftp.ainoyume.net /public_html/dream/lite lyricsGDe.inc
2007.08.25 21:05 B C:\Documents and Settings\Grace\Desktop\Anime\SweetMina\Other Stuff\gravitation\SUB-SECTION\lite\lyricsGDe.php --> ftp.ainoyume.net /public_html/dream/lite lyricsGDe.php
2007.08.25 21:05 B C:\Documents and Settings\Grace\Desktop\Anime\SweetMina\Other Stuff\gravitation\SUB-SECTION\lite\lyricsGDj.inc --> ftp.ainoyume.net /public_html/dream/lite lyricsGDj.inc
2007.08.25 21:05 B C:\Documents and Settings\Grace\Desktop\Anime\SweetMina\Other Stuff\gravitation\SUB-SECTION\lite\lyricsGDj.php --> ftp.ainoyume.net /public_html/dream/lite lyricsGDj.php
2007.08.25 21:05 B C:\Documents and Settings\Grace\Desktop\Anime\SweetMina\Other Stuff\gravitation\SUB-SECTION\lite\lyricsNSe.inc --> ftp.ainoyume.net /public_html/dream/lite lyricsNSe.inc
2007.08.25 21:05 B C:\Documents and Settings\Grace\Desktop\Anime\SweetMina\Other Stuff\gravitation\SUB-SECTION\lite\lyricsNSe.php --> ftp.ainoyume.net /public_html/dream/lite lyricsNSe.php
2007.08.25 21:05 B C:\Documents and Settings\Grace\Desktop\Anime\SweetMina\Other Stuff\gravitation\SUB-SECTION\lite\lyricsNSj.inc --> ftp.ainoyume.net /public_html/dream/lite lyricsNSj.inc
2007.08.25 21:05 B C:\Documents and Settings\Grace\Desktop\Anime\SweetMina\Other Stuff\gravitation\SUB-SECTION\lite\lyricsNSj.php --> ftp.ainoyume.net /public_html/dream/lite lyricsNSj.php
2007.08.25 21:05 B C:\Documents and Settings\Grace\Desktop\Anime\SweetMina\Other Stuff\gravitation\SUB-SECTION\lite\lyricsPe.inc --> ftp.ainoyume.net /public_html/dream/lite lyricsPe.inc
2007.08.25 21:05 B C:\Documents and Settings\Grace\Desktop\Anime\SweetMina\Other Stuff\gravitation\SUB-SECTION\lite\lyricsPe.php --> ftp.ainoyume.net /public_html/dream/lite lyricsPe.php
2007.08.25 21:05 B C:\Documents and Settings\Grace\Desktop\Anime\SweetMina\Other Stuff\gravitation\SUB-SECTION\lite\lyricsPj.inc --> ftp.ainoyume.net /public_html/dream/lite lyricsPj.inc
2007.08.25 21:05 B C:\Documents and Settings\Grace\Desktop\Anime\SweetMina\Other Stuff\gravitation\SUB-SECTION\lite\lyricsPj.php --> ftp.ainoyume.net /public_html/dream/lite lyricsPj.php
2007.08.25 21:05 B C:\Documents and Settings\Grace\Desktop\Anime\SweetMina\Other Stuff\gravitation\SUB-SECTION\lite\lyricsRBe.inc --> ftp.ainoyume.net /public_html/dream/lite lyricsRBe.inc
2007.08.25 21:05 B C:\Documents and Settings\Grace\Desktop\Anime\SweetMina\Other Stuff\gravitation\SUB-SECTION\lite\lyricsRBe.php --> ftp.ainoyume.net /public_html/dream/lite lyricsRBe.php
2007.08.25 21:05 B C:\Documents and Settings\Grace\Desktop\Anime\SweetMina\Other Stuff\gravitation\SUB-SECTION\lite\lyricsRBj.inc --> ftp.ainoyume.net /public_html/dream/lite lyricsRBj.inc
2007.08.25 21:05 B C:\Documents and Settings\Grace\Desktop\Anime\SweetMina\Other Stuff\gravitation\SUB-SECTION\lite\lyricsRBj.php --> ftp.ainoyume.net /public_html/dream/lite lyricsRBj.php
2007.08.25 21:05 B C:\Documents and Settings\Grace\Desktop\Anime\SweetMina\Other Stuff\gravitation\SUB-SECTION\lite\lyricsSBe.inc --> ftp.ainoyume.net /public_html/dream/lite lyricsSBe.inc
2007.08.25 21:05 B C:\Documents and Settings\Grace\Desktop\Anime\SweetMina\Other Stuff\gravitation\SUB-SECTION\lite\lyricsSBe.php --> ftp.ainoyume.net /public_html/dream/lite lyricsSBe.php
2007.08.25 21:05 B C:\Documents and Settings\Grace\Desktop\Anime\SweetMina\Other Stuff\gravitation\SUB-SECTION\lite\lyricsSBj.inc --> ftp.ainoyume.net /public_html/dream/lite lyricsSBj.inc
2007.08.25 21:05 B C:\Documents and Settings\Grace\Desktop\Anime\SweetMina\Other Stuff\gravitation\SUB-SECTION\lite\lyricsSBj.php --> ftp.ainoyume.net /public_html/dream/lite lyricsSBj.php
2007.08.25 21:05 B C:\Documents and Settings\Grace\Desktop\Anime\SweetMina\Other Stuff\gravitation\SUB-SECTION\lite\lyricsSDe.inc --> ftp.ainoyume.net /public_html/dream/lite lyricsSDe.inc
2007.08.25 21:05 B C:\Documents and Settings\Grace\Desktop\Anime\SweetMina\Other Stuff\gravitation\SUB-SECTION\lite\lyricsSDe.php --> ftp.ainoyume.net /public_html/dream/lite lyricsSDe.php
2007.08.25 21:05 B C:\Documents and Settings\Grace\Desktop\Anime\SweetMina\Other Stuff\gravitation\SUB-SECTION\lite\lyricsSDj.inc --> ftp.ainoyume.net /public_html/dream/lite lyricsSDj.inc
2007.08.25 21:05 B C:\Documents and Settings\Grace\Desktop\Anime\SweetMina\Other Stuff\gravitation\SUB-SECTION\lite\lyricsSDj.php --> ftp.ainoyume.net /public_html/dream/lite lyricsSDj.php
2007.08.25 21:05 B C:\Documents and Settings\Grace\Desktop\Anime\SweetMina\Other Stuff\gravitation\SUB-SECTION\lite\lyricsSMe.inc --> ftp.ainoyume.net /public_html/dream/lite lyricsSMe.inc
2007.08.25 21:05 B C:\Documents and Settings\Grace\Desktop\Anime\SweetMina\Other Stuff\gravitation\SUB-SECTION\lite\lyricsSMe.php --> ftp.ainoyume.net /public_html/dream/lite lyricsSMe.php
2007.08.25 21:05 B C:\Documents and Settings\Grace\Desktop\Anime\SweetMina\Other Stuff\gravitation\SUB-SECTION\lite\lyricsSMj.inc --> ftp.ainoyume.net /public_html/dream/lite lyricsSMj.inc
2007.08.25 21:05 B C:\Documents and Settings\Grace\Desktop\Anime\SweetMina\Other Stuff\gravitation\SUB-SECTION\lite\lyricsSMj.php --> ftp.ainoyume.net /public_html/dream/lite lyricsSMj.php
2007.08.25 21:05 B C:\Documents and Settings\Grace\Desktop\Anime\SweetMina\Other Stuff\gravitation\SUB-SECTION\lite\main.css --> ftp.ainoyume.net /public_html/dream/lite main.css
2007.08.25 21:05 B C:\Documents and Settings\Grace\Desktop\Anime\SweetMina\Other Stuff\gravitation\SUB-SECTION\lite\manga.inc --> ftp.ainoyume.net /public_html/dream/lite manga.inc
2007.08.25 21:05 B C:\Documents and Settings\Grace\Desktop\Anime\SweetMina\Other Stuff\gravitation\SUB-SECTION\lite\manga.php --> ftp.ainoyume.net /public_html/dream/lite manga.php
2007.08.25 21:05 B C:\Documents and Settings\Grace\Desktop\Anime\SweetMina\Other Stuff\gravitation\SUB-SECTION\lite\mfamily.inc --> ftp.ainoyume.net /public_html/dream/lite mfamily.inc
2007.08.25 21:05 B C:\Documents and Settings\Grace\Desktop\Anime\SweetMina\Other Stuff\gravitation\SUB-SECTION\lite\mfamily.php --> ftp.ainoyume.net /public_html/dream/lite mfamily.php
2007.08.25 21:05 B C:\Documents and Settings\Grace\Desktop\Anime\SweetMina\Other Stuff\gravitation\SUB-SECTION\lite\minors.inc --> ftp.ainoyume.net /public_html/dream/lite minors.inc
2007.08.25 21:05 B C:\Documents and Settings\Grace\Desktop\Anime\SweetMina\Other Stuff\gravitation\SUB-SECTION\lite\minors.php --> ftp.ainoyume.net /public_html/dream/lite minors.php
2007.08.25 21:05 B C:\Documents and Settings\Grace\Desktop\Anime\SweetMina\Other Stuff\gravitation\SUB-SECTION\lite\mlove.inc --> ftp.ainoyume.net /public_html/dream/lite mlove.inc
2007.08.25 21:05 B C:\Documents and Settings\Grace\Desktop\Anime\SweetMina\Other Stuff\gravitation\SUB-SECTION\lite\mlove.php --> ftp.ainoyume.net /public_html/dream/lite mlove.php
2007.08.25 21:05 B C:\Documents and Settings\Grace\Desktop\Anime\SweetMina\Other Stuff\gravitation\SUB-SECTION\lite\mpersonality.inc --> ftp.ainoyume.net /public_html/dream/lite mpersonality.inc
2007.08.25 21:05 B C:\Documents and Settings\Grace\Desktop\Anime\SweetMina\Other Stuff\gravitation\SUB-SECTION\lite\mpersonality.php --> ftp.ainoyume.net /public_html/dream/lite mpersonality.php
2007.08.25 21:05 B C:\Documents and Settings\Grace\Desktop\Anime\SweetMina\Other Stuff\gravitation\SUB-SECTION\lite\msummary.inc --> ftp.ainoyume.net /public_html/dream/lite msummary.inc
2007.08.25 21:05 B C:\Documents and Settings\Grace\Desktop\Anime\SweetMina\Other Stuff\gravitation\SUB-SECTION\lite\msummary.php --> ftp.ainoyume.net /public_html/dream/lite msummary.php
2007.08.25 21:05 B C:\Documents and Settings\Grace\Desktop\Anime\SweetMina\Other Stuff\gravitation\SUB-SECTION\lite\music.inc --> ftp.ainoyume.net /public_html/dream/lite music.inc
2007.08.25 21:05 B C:\Documents and Settings\Grace\Desktop\Anime\SweetMina\Other Stuff\gravitation\SUB-SECTION\lite\music.php --> ftp.ainoyume.net /public_html/dream/lite music.php
2007.08.25 21:05 B C:\Documents and Settings\Grace\Desktop\Anime\SweetMina\Other Stuff\gravitation\SUB-SECTION\lite\mvoice.inc --> ftp.ainoyume.net /public_html/dream/lite mvoice.inc
2007.08.25 21:05 B C:\Documents and Settings\Grace\Desktop\Anime\SweetMina\Other Stuff\gravitation\SUB-SECTION\lite\mvoice.php --> ftp.ainoyume.net /public_html/dream/lite mvoice.php
2007.08.25 21:05 B C:\Documents and Settings\Grace\Desktop\Anime\SweetMina\Other Stuff\gravitation\SUB-SECTION\lite\new_2002.inc --> ftp.ainoyume.net /public_html/dream/lite new_2002.inc
2007.08.25 21:05 B C:\Documents and Settings\Grace\Desktop\Anime\SweetMina\Other Stuff\gravitation\SUB-SECTION\lite\new_2002.php --> ftp.ainoyume.net /public_html/dream/lite new_2002.php
2007.08.25 21:05 B C:\Documents and Settings\Grace\Desktop\Anime\SweetMina\Other Stuff\gravitation\SUB-SECTION\lite\nfriends.inc --> ftp.ainoyume.net /public_html/dream/lite nfriends.inc
2007.08.25 21:05 B C:\Documents and Settings\Grace\Desktop\Anime\SweetMina\Other Stuff\gravitation\SUB-SECTION\lite\nfriends.php --> ftp.ainoyume.net /public_html/dream/lite nfriends.php
2007.08.25 21:05 B C:\Documents and Settings\Grace\Desktop\Anime\SweetMina\Other Stuff\gravitation\SUB-SECTION\lite\npersonality.inc --> ftp.ainoyume.net /public_html/dream/lite npersonality.inc
2007.08.25 21:05 B C:\Documents and Settings\Grace\Desktop\Anime\SweetMina\Other Stuff\gravitation\SUB-SECTION\lite\npersonality.php --> ftp.ainoyume.net /public_html/dream/lite npersonality.php
2007.08.25 21:05 B C:\Documents and Settings\Grace\Desktop\Anime\SweetMina\Other Stuff\gravitation\SUB-SECTION\lite\nsummary.inc --> ftp.ainoyume.net /public_html/dream/lite nsummary.inc
2007.08.25 21:05 B C:\Documents and Settings\Grace\Desktop\Anime\SweetMina\Other Stuff\gravitation\SUB-SECTION\lite\nsummary.php --> ftp.ainoyume.net /public_html/dream/lite nsummary.php
2007.08.25 21:05 B C:\Documents and Settings\Grace\Desktop\Anime\SweetMina\Other Stuff\gravitation\SUB-SECTION\lite\nvoice.inc --> ftp.ainoyume.net /public_html/dream/lite nvoice.inc
2007.08.25 21:05 B C:\Documents and Settings\Grace\Desktop\Anime\SweetMina\Other Stuff\gravitation\SUB-SECTION\lite\nvoice.php --> ftp.ainoyume.net /public_html/dream/lite nvoice.php
2007.08.25 21:05 B C:\Documents and Settings\Grace\Desktop\Anime\SweetMina\Other Stuff\gravitation\SUB-SECTION\lite\oav1.inc --> ftp.ainoyume.net /public_html/dream/lite oav1.inc
2007.08.25 21:05 B C:\Documents and Settings\Grace\Desktop\Anime\SweetMina\Other Stuff\gravitation\SUB-SECTION\lite\oav1.php --> ftp.ainoyume.net /public_html/dream/lite oav1.php
2007.08.25 21:05 B C:\Documents and Settings\Grace\Desktop\Anime\SweetMina\Other Stuff\gravitation\SUB-SECTION\lite\oav2.inc --> ftp.ainoyume.net /public_html/dream/lite oav2.inc
2007.08.25 21:05 B C:\Documents and Settings\Grace\Desktop\Anime\SweetMina\Other Stuff\gravitation\SUB-SECTION\lite\oav2.php --> ftp.ainoyume.net /public_html/dream/lite oav2.php
2007.08.25 21:05 B C:\Documents and Settings\Grace\Desktop\Anime\SweetMina\Other Stuff\gravitation\SUB-SECTION\lite\oavgeneral.inc --> ftp.ainoyume.net /public_html/dream/lite oavgeneral.inc
2007.08.25 21:05 B C:\Documents and Settings\Grace\Desktop\Anime\SweetMina\Other Stuff\gravitation\SUB-SECTION\lite\oavgeneral.php --> ftp.ainoyume.net /public_html/dream/lite oavgeneral.php
2007.08.25 21:05 B C:\Documents and Settings\Grace\Desktop\Anime\SweetMina\Other Stuff\gravitation\SUB-SECTION\lite\oavsumm.inc --> ftp.ainoyume.net /public_html/dream/lite oavsumm.inc
2007.08.25 21:05 B C:\Documents and Settings\Grace\Desktop\Anime\SweetMina\Other Stuff\gravitation\SUB-SECTION\lite\oavsumm.php --> ftp.ainoyume.net /public_html/dream/lite oavsumm.php
2007.08.25 21:05 B C:\Documents and Settings\Grace\Desktop\Anime\SweetMina\Other Stuff\gravitation\SUB-SECTION\lite\poll.inc --> ftp.ainoyume.net /public_html/dream/lite poll.inc
2007.08.25 21:05 B C:\Documents and Settings\Grace\Desktop\Anime\SweetMina\Other Stuff\gravitation\SUB-SECTION\lite\poll.php --> ftp.ainoyume.net /public_html/dream/lite poll.php
2007.08.25 21:05 B C:\Documents and Settings\Grace\Desktop\Anime\SweetMina\Other Stuff\gravitation\SUB-SECTION\lite\polls.inc --> ftp.ainoyume.net /public_html/dream/lite polls.inc
2007.08.25 21:05 B C:\Documents and Settings\Grace\Desktop\Anime\SweetMina\Other Stuff\gravitation\SUB-SECTION\lite\polls.php --> ftp.ainoyume.net /public_html/dream/lite polls.php
2007.08.25 21:05 B C:\Documents and Settings\Grace\Desktop\Anime\SweetMina\Other Stuff\gravitation\SUB-SECTION\lite\prelude.inc --> ftp.ainoyume.net /public_html/dream/lite prelude.inc
2007.08.25 21:05 B C:\Documents and Settings\Grace\Desktop\Anime\SweetMina\Other Stuff\gravitation\SUB-SECTION\lite\prelude.php --> ftp.ainoyume.net /public_html/dream/lite prelude.php
2007.08.25 21:05 B C:\Documents and Settings\Grace\Desktop\Anime\SweetMina\Other Stuff\gravitation\SUB-SECTION\lite\purchase.html --> ftp.ainoyume.net /public_html/dream/lite purchase.html
2007.08.25 21:05 B C:\Documents and Settings\Grace\Desktop\Anime\SweetMina\Other Stuff\gravitation\SUB-SECTION\lite\purchase.inc --> ftp.ainoyume.net /public_html/dream/lite purchase.inc
2007.08.25 21:05 B C:\Documents and Settings\Grace\Desktop\Anime\SweetMina\Other Stuff\gravitation\SUB-SECTION\lite\purchase.php --> ftp.ainoyume.net /public_html/dream/lite purchase.php
2007.08.25 21:05 B C:\Documents and Settings\Grace\Desktop\Anime\SweetMina\Other Stuff\gravitation\SUB-SECTION\lite\review01.inc --> ftp.ainoyume.net /public_html/dream/lite review01.inc
2007.08.25 21:05 B C:\Documents and Settings\Grace\Desktop\Anime\SweetMina\Other Stuff\gravitation\SUB-SECTION\lite\review01.php --> ftp.ainoyume.net /public_html/dream/lite review01.php
2007.08.25 21:05 B C:\Documents and Settings\Grace\Desktop\Anime\SweetMina\Other Stuff\gravitation\SUB-SECTION\lite\rfriends.inc --> ftp.ainoyume.net /public_html/dream/lite rfriends.inc
2007.08.25 21:05 B C:\Documents and Settings\Grace\Desktop\Anime\SweetMina\Other Stuff\gravitation\SUB-SECTION\lite\rfriends.php --> ftp.ainoyume.net /public_html/dream/lite rfriends.php
2007.08.25 21:05 B C:\Documents and Settings\Grace\Desktop\Anime\SweetMina\Other Stuff\gravitation\SUB-SECTION\lite\rpersonality.inc --> ftp.ainoyume.net /public_html/dream/lite rpersonality.inc
2007.08.25 21:05 B C:\Documents and Settings\Grace\Desktop\Anime\SweetMina\Other Stuff\gravitation\SUB-SECTION\lite\rpersonality.php --> ftp.ainoyume.net /public_html/dream/lite rpersonality.php
2007.08.25 21:05 B C:\Documents and Settings\Grace\Desktop\Anime\SweetMina\Other Stuff\gravitation\SUB-SECTION\lite\rsummary.inc --> ftp.ainoyume.net /public_html/dream/lite rsummary.inc
2007.08.25 21:05 B C:\Documents and Settings\Grace\Desktop\Anime\SweetMina\Other Stuff\gravitation\SUB-SECTION\lite\rsummary.php --> ftp.ainoyume.net /public_html/dream/lite rsummary.php
2007.08.25 21:05 B C:\Documents and Settings\Grace\Desktop\Anime\SweetMina\Other Stuff\gravitation\SUB-SECTION\lite\rsvoice.inc --> ftp.ainoyume.net /public_html/dream/lite rsvoice.inc
2007.08.25 21:05 B C:\Documents and Settings\Grace\Desktop\Anime\SweetMina\Other Stuff\gravitation\SUB-SECTION\lite\rsvoice.php --> ftp.ainoyume.net /public_html/dream/lite rsvoice.php
2007.08.25 21:05 B C:\Documents and Settings\Grace\Desktop\Anime\SweetMina\Other Stuff\gravitation\SUB-SECTION\lite\rvoice.inc --> ftp.ainoyume.net /public_html/dream/lite rvoice.inc
2007.08.25 21:05 B C:\Documents and Settings\Grace\Desktop\Anime\SweetMina\Other Stuff\gravitation\SUB-SECTION\lite\rvoice.php --> ftp.ainoyume.net /public_html/dream/lite rvoice.php
2007.08.25 21:05 B C:\Documents and Settings\Grace\Desktop\Anime\SweetMina\Other Stuff\gravitation\SUB-SECTION\lite\sapersonality.inc --> ftp.ainoyume.net /public_html/dream/lite sapersonality.inc
2007.08.25 21:05 B C:\Documents and Settings\Grace\Desktop\Anime\SweetMina\Other Stuff\gravitation\SUB-SECTION\lite\sapersonality.php --> ftp.ainoyume.net /public_html/dream/lite sapersonality.php
2007.08.25 21:05 B C:\Documents and Settings\Grace\Desktop\Anime\SweetMina\Other Stuff\gravitation\SUB-SECTION\lite\sasummary.inc --> ftp.ainoyume.net /public_html/dream/lite sasummary.inc
2007.08.25 21:05 B C:\Documents and Settings\Grace\Desktop\Anime\SweetMina\Other Stuff\gravitation\SUB-SECTION\lite\sasummary.php --> ftp.ainoyume.net /public_html/dream/lite sasummary.php
2007.08.25 21:05 B C:\Documents and Settings\Grace\Desktop\Anime\SweetMina\Other Stuff\gravitation\SUB-SECTION\lite\savoice.inc --> ftp.ainoyume.net /public_html/dream/lite savoice.inc
2007.08.25 21:05 B C:\Documents and Settings\Grace\Desktop\Anime\SweetMina\Other Stuff\gravitation\SUB-SECTION\lite\savoice.php --> ftp.ainoyume.net /public_html/dream/lite savoice.php
2007.08.25 21:05 B C:\Documents and Settings\Grace\Desktop\Anime\SweetMina\Other Stuff\gravitation\SUB-SECTION\lite\season.inc --> ftp.ainoyume.net /public_html/dream/lite season.inc
2007.08.25 21:05 B C:\Documents and Settings\Grace\Desktop\Anime\SweetMina\Other Stuff\gravitation\SUB-SECTION\lite\season.php --> ftp.ainoyume.net /public_html/dream/lite season.php
2007.08.25 21:05 B C:\Documents and Settings\Grace\Desktop\Anime\SweetMina\Other Stuff\gravitation\SUB-SECTION\lite\sfriends.inc --> ftp.ainoyume.net /public_html/dream/lite sfriends.inc
2007.08.25 21:05 B C:\Documents and Settings\Grace\Desktop\Anime\SweetMina\Other Stuff\gravitation\SUB-SECTION\lite\sfriends.php --> ftp.ainoyume.net /public_html/dream/lite sfriends.php
2007.08.25 21:05 B C:\Documents and Settings\Grace\Desktop\Anime\SweetMina\Other Stuff\gravitation\SUB-SECTION\lite\shfamily.inc --> ftp.ainoyume.net /public_html/dream/lite shfamily.inc
2007.08.25 21:05 B C:\Documents and Settings\Grace\Desktop\Anime\SweetMina\Other Stuff\gravitation\SUB-SECTION\lite\shfamily.php --> ftp.ainoyume.net /public_html/dream/lite shfamily.php
2007.08.25 21:05 B C:\Documents and Settings\Grace\Desktop\Anime\SweetMina\Other Stuff\gravitation\SUB-SECTION\lite\shfriends.inc --> ftp.ainoyume.net /public_html/dream/lite shfriends.inc
2007.08.25 21:05 B C:\Documents and Settings\Grace\Desktop\Anime\SweetMina\Other Stuff\gravitation\SUB-SECTION\lite\shfriends.php --> ftp.ainoyume.net /public_html/dream/lite shfriends.php
2007.08.25 21:05 B C:\Documents and Settings\Grace\Desktop\Anime\SweetMina\Other Stuff\gravitation\SUB-SECTION\lite\shloves.inc --> ftp.ainoyume.net /public_html/dream/lite shloves.inc
2007.08.25 21:05 B C:\Documents and Settings\Grace\Desktop\Anime\SweetMina\Other Stuff\gravitation\SUB-SECTION\lite\shloves.php --> ftp.ainoyume.net /public_html/dream/lite shloves.php
2007.08.25 21:05 B C:\Documents and Settings\Grace\Desktop\Anime\SweetMina\Other Stuff\gravitation\SUB-SECTION\lite\shpersonality.inc --> ftp.ainoyume.net /public_html/dream/lite shpersonality.inc
2007.08.25 21:05 B C:\Documents and Settings\Grace\Desktop\Anime\SweetMina\Other Stuff\gravitation\SUB-SECTION\lite\shpersonality.php --> ftp.ainoyume.net /public_html/dream/lite shpersonality.php
2007.08.25 21:05 B C:\Documents and Settings\Grace\Desktop\Anime\SweetMina\Other Stuff\gravitation\SUB-SECTION\lite\shsummary.inc --> ftp.ainoyume.net /public_html/dream/lite shsummary.inc
2007.08.25 21:05 B C:\Documents and Settings\Grace\Desktop\Anime\SweetMina\Other Stuff\gravitation\SUB-SECTION\lite\shsummary.php --> ftp.ainoyume.net /public_html/dream/lite shsummary.php
2007.08.25 21:05 B C:\Documents and Settings\Grace\Desktop\Anime\SweetMina\Other Stuff\gravitation\SUB-SECTION\lite\shsvoice.inc --> ftp.ainoyume.net /public_html/dream/lite shsvoice.inc
2007.08.25 21:05 B C:\Documents and Settings\Grace\Desktop\Anime\SweetMina\Other Stuff\gravitation\SUB-SECTION\lite\shsvoice.php --> ftp.ainoyume.net /public_html/dream/lite shsvoice.php
2007.08.25 21:05 B C:\Documents and Settings\Grace\Desktop\Anime\SweetMina\Other Stuff\gravitation\SUB-SECTION\lite\shvoice.inc --> ftp.ainoyume.net /public_html/dream/lite shvoice.inc
2007.08.25 21:05 B C:\Documents and Settings\Grace\Desktop\Anime\SweetMina\Other Stuff\gravitation\SUB-SECTION\lite\shvoice.php --> ftp.ainoyume.net /public_html/dream/lite shvoice.php
2007.08.25 21:05 B C:\Documents and Settings\Grace\Desktop\Anime\SweetMina\Other Stuff\gravitation\SUB-SECTION\lite\skins.inc --> ftp.ainoyume.net /public_html/dream/lite skins.inc
2007.08.25 21:05 B C:\Documents and Settings\Grace\Desktop\Anime\SweetMina\Other Stuff\gravitation\SUB-SECTION\lite\skins.php --> ftp.ainoyume.net /public_html/dream/lite skins.php
2007.08.25 21:05 B C:\Documents and Settings\Grace\Desktop\Anime\SweetMina\Other Stuff\gravitation\SUB-SECTION\lite\spersonality.inc --> ftp.ainoyume.net /public_html/dream/lite spersonality.inc
2007.08.25 21:05 B C:\Documents and Settings\Grace\Desktop\Anime\SweetMina\Other Stuff\gravitation\SUB-SECTION\lite\spersonality.php --> ftp.ainoyume.net /public_html/dream/lite spersonality.php
2007.08.25 21:05 B C:\Documents and Settings\Grace\Desktop\Anime\SweetMina\Other Stuff\gravitation\SUB-SECTION\lite\ssummary.inc --> ftp.ainoyume.net /public_html/dream/lite ssummary.inc
2007.08.25 21:05 B C:\Documents and Settings\Grace\Desktop\Anime\SweetMina\Other Stuff\gravitation\SUB-SECTION\lite\ssummary.php --> ftp.ainoyume.net /public_html/dream/lite ssummary.php
2007.08.25 21:05 B C:\Documents and Settings\Grace\Desktop\Anime\SweetMina\Other Stuff\gravitation\SUB-SECTION\lite\svoice.inc --> ftp.ainoyume.net /public_html/dream/lite svoice.inc
2007.08.25 21:05 B C:\Documents and Settings\Grace\Desktop\Anime\SweetMina\Other Stuff\gravitation\SUB-SECTION\lite\svoice.php --> ftp.ainoyume.net /public_html/dream/lite svoice.php
2007.08.25 21:05 B C:\Documents and Settings\Grace\Desktop\Anime\SweetMina\Other Stuff\gravitation\SUB-SECTION\lite\switch.js --> ftp.ainoyume.net /public_html/dream/lite switch.js
2007.08.25 21:05 B C:\Documents and Settings\Grace\Desktop\Anime\SweetMina\Other Stuff\gravitation\SUB-SECTION\lite\tafamily.inc --> ftp.ainoyume.net /public_html/dream/lite tafamily.inc
2007.08.25 21:05 B C:\Documents and Settings\Grace\Desktop\Anime\SweetMina\Other Stuff\gravitation\SUB-SECTION\lite\tafamily.php --> ftp.ainoyume.net /public_html/dream/lite tafamily.php
2007.08.25 21:05 B C:\Documents and Settings\Grace\Desktop\Anime\SweetMina\Other Stuff\gravitation\SUB-SECTION\lite\tapersonality.inc --> ftp.ainoyume.net /public_html/dream/lite tapersonality.inc
2007.08.25 21:05 B C:\Documents and Settings\Grace\Desktop\Anime\SweetMina\Other Stuff\gravitation\SUB-SECTION\lite\tapersonality.php --> ftp.ainoyume.net /public_html/dream/lite tapersonality.php
2007.08.25 21:06 B C:\Documents and Settings\Grace\Desktop\Anime\SweetMina\Other Stuff\gravitation\SUB-SECTION\lite\tasummary.inc --> ftp.ainoyume.net /public_html/dream/lite tasummary.inc
2007.08.25 21:06 B C:\Documents and Settings\Grace\Desktop\Anime\SweetMina\Other Stuff\gravitation\SUB-SECTION\lite\tasummary.php --> ftp.ainoyume.net /public_html/dream/lite tasummary.php
2007.08.25 21:06 B C:\Documents and Settings\Grace\Desktop\Anime\SweetMina\Other Stuff\gravitation\SUB-SECTION\lite\tavoice.inc --> ftp.ainoyume.net /public_html/dream/lite tavoice.inc
2007.08.25 21:06 B C:\Documents and Settings\Grace\Desktop\Anime\SweetMina\Other Stuff\gravitation\SUB-SECTION\lite\tavoice.php --> ftp.ainoyume.net /public_html/dream/lite tavoice.php
2007.08.25 21:06 B C:\Documents and Settings\Grace\Desktop\Anime\SweetMina\Other Stuff\gravitation\SUB-SECTION\lite\tfriends.inc --> ftp.ainoyume.net /public_html/dream/lite tfriends.inc
2007.08.25 21:06 B C:\Documents and Settings\Grace\Desktop\Anime\SweetMina\Other Stuff\gravitation\SUB-SECTION\lite\tfriends.php --> ftp.ainoyume.net /public_html/dream/lite tfriends.php
2007.08.25 21:06 B C:\Documents and Settings\Grace\Desktop\Anime\SweetMina\Other Stuff\gravitation\SUB-SECTION\lite\tichiro.html --> ftp.ainoyume.net /public_html/dream/lite tichiro.html
2007.08.25 21:06 B C:\Documents and Settings\Grace\Desktop\Anime\SweetMina\Other Stuff\gravitation\SUB-SECTION\lite\tick.html --> ftp.ainoyume.net /public_html/dream/lite tick.html
2007.08.25 21:06 B C:\Documents and Settings\Grace\Desktop\Anime\SweetMina\Other Stuff\gravitation\SUB-SECTION\lite\ticryuichi.html --> ftp.ainoyume.net /public_html/dream/lite ticryuichi.html
2007.08.25 21:06 B C:\Documents and Settings\Grace\Desktop\Anime\SweetMina\Other Stuff\gravitation\SUB-SECTION\lite\ticshuichi.html --> ftp.ainoyume.net /public_html/dream/lite ticshuichi.html
2007.08.25 21:06 B C:\Documents and Settings\Grace\Desktop\Anime\SweetMina\Other Stuff\gravitation\SUB-SECTION\lite\ticsuguru.html --> ftp.ainoyume.net /public_html/dream/lite ticsuguru.html
2007.08.25 21:06 B C:\Documents and Settings\Grace\Desktop\Anime\SweetMina\Other Stuff\gravitation\SUB-SECTION\lite\tictachi.html --> ftp.ainoyume.net /public_html/dream/lite tictachi.html
2007.08.25 21:06 B C:\Documents and Settings\Grace\Desktop\Anime\SweetMina\Other Stuff\gravitation\SUB-SECTION\lite\tictactoe.inc --> ftp.ainoyume.net /public_html/dream/lite tictactoe.inc
2007.08.25 21:06 B C:\Documents and Settings\Grace\Desktop\Anime\SweetMina\Other Stuff\gravitation\SUB-SECTION\lite\tictactoe.php --> ftp.ainoyume.net /public_html/dream/lite tictactoe.php
2007.08.25 21:06 B C:\Documents and Settings\Grace\Desktop\Anime\SweetMina\Other Stuff\gravitation\SUB-SECTION\lite\tictohma.html --> ftp.ainoyume.net /public_html/dream/lite tictohma.html
2007.08.25 21:06 B C:\Documents and Settings\Grace\Desktop\Anime\SweetMina\Other Stuff\gravitation\SUB-SECTION\lite\ticyuki.html --> ftp.ainoyume.net /public_html/dream/lite ticyuki.html
2007.08.25 21:06 B C:\Documents and Settings\Grace\Desktop\Anime\SweetMina\Other Stuff\gravitation\SUB-SECTION\lite\tloves.inc --> ftp.ainoyume.net /public_html/dream/lite tloves.inc
2007.08.25 21:06 B C:\Documents and Settings\Grace\Desktop\Anime\SweetMina\Other Stuff\gravitation\SUB-SECTION\lite\tloves.php --> ftp.ainoyume.net /public_html/dream/lite tloves.php
2007.08.25 21:06 B C:\Documents and Settings\Grace\Desktop\Anime\SweetMina\Other Stuff\gravitation\SUB-SECTION\lite\tohmaxyuki.inc --> ftp.ainoyume.net /public_html/dream/lite tohmaxyuki.inc
2007.08.25 21:06 B C:\Documents and Settings\Grace\Desktop\Anime\SweetMina\Other Stuff\gravitation\SUB-SECTION\lite\tohmaxyuki.php --> ftp.ainoyume.net /public_html/dream/lite tohmaxyuki.php
2007.08.25 21:06 B C:\Documents and Settings\Grace\Desktop\Anime\SweetMina\Other Stuff\gravitation\SUB-SECTION\lite\tpersonality.inc --> ftp.ainoyume.net /public_html/dream/lite tpersonality.inc
2007.08.25 21:06 B C:\Documents and Settings\Grace\Desktop\Anime\SweetMina\Other Stuff\gravitation\SUB-SECTION\lite\tpersonality.php --> ftp.ainoyume.net /public_html/dream/lite tpersonality.php
2007.08.25 21:06 B C:\Documents and Settings\Grace\Desktop\Anime\SweetMina\Other Stuff\gravitation\SUB-SECTION\lite\track12.inc --> ftp.ainoyume.net /public_html/dream/lite track12.inc
2007.08.25 21:06 B C:\Documents and Settings\Grace\Desktop\Anime\SweetMina\Other Stuff\gravitation\SUB-SECTION\lite\track12.php --> ftp.ainoyume.net /public_html/dream/lite track12.php
2007.08.25 21:06 B C:\Documents and Settings\Grace\Desktop\Anime\SweetMina\Other Stuff\gravitation\SUB-SECTION\lite\tsummary.inc --> ftp.ainoyume.net /public_html/dream/lite tsummary.inc
2007.08.25 21:06 B C:\Documents and Settings\Grace\Desktop\Anime\SweetMina\Other Stuff\gravitation\SUB-SECTION\lite\tsummary.php --> ftp.ainoyume.net /public_html/dream/lite tsummary.php
2007.08.25 21:06 B C:\Documents and Settings\Grace\Desktop\Anime\SweetMina\Other Stuff\gravitation\SUB-SECTION\lite\tvoice.inc --> ftp.ainoyume.net /public_html/dream/lite tvoice.inc
2007.08.25 21:06 B C:\Documents and Settings\Grace\Desktop\Anime\SweetMina\Other Stuff\gravitation\SUB-SECTION\lite\tvoice.php --> ftp.ainoyume.net /public_html/dream/lite tvoice.php
2007.08.25 21:06 B C:\Documents and Settings\Grace\Desktop\Anime\SweetMina\Other Stuff\gravitation\SUB-SECTION\lite\updates.inc --> ftp.ainoyume.net /public_html/dream/lite updates.inc
2007.08.25 21:06 B C:\Documents and Settings\Grace\Desktop\Anime\SweetMina\Other Stuff\gravitation\SUB-SECTION\lite\updates.php --> ftp.ainoyume.net /public_html/dream/lite updates.php
2007.08.25 21:06 B C:\Documents and Settings\Grace\Desktop\Anime\SweetMina\Other Stuff\gravitation\SUB-SECTION\lite\vis1stReview01.inc --> ftp.ainoyume.net /public_html/dream/lite vis1stReview01.inc
2007.08.25 21:06 B C:\Documents and Settings\Grace\Desktop\Anime\SweetMina\Other Stuff\gravitation\SUB-SECTION\lite\vis1stReview01.php --> ftp.ainoyume.net /public_html/dream/lite vis1stReview01.php
2007.08.25 21:06 B C:\Documents and Settings\Grace\Desktop\Anime\SweetMina\Other Stuff\gravitation\SUB-SECTION\lite\vis1stReview02.inc --> ftp.ainoyume.net /public_html/dream/lite vis1stReview02.inc
2007.08.25 21:06 B C:\Documents and Settings\Grace\Desktop\Anime\SweetMina\Other Stuff\gravitation\SUB-SECTION\lite\vis1stReview02.php --> ftp.ainoyume.net /public_html/dream/lite vis1stReview02.php
2007.08.25 21:06 B C:\Documents and Settings\Grace\Desktop\Anime\SweetMina\Other Stuff\gravitation\SUB-SECTION\lite\visdub01.inc --> ftp.ainoyume.net /public_html/dream/lite visdub01.inc
2007.08.25 21:06 B C:\Documents and Settings\Grace\Desktop\Anime\SweetMina\Other Stuff\gravitation\SUB-SECTION\lite\visdub01.php --> ftp.ainoyume.net /public_html/dream/lite visdub01.php
2007.08.25 21:06 B C:\Documents and Settings\Grace\Desktop\Anime\SweetMina\Other Stuff\gravitation\SUB-SECTION\lite\visdub02.inc --> ftp.ainoyume.net /public_html/dream/lite visdub02.inc
2007.08.25 21:06 B C:\Documents and Settings\Grace\Desktop\Anime\SweetMina\Other Stuff\gravitation\SUB-SECTION\lite\visdub02.php --> ftp.ainoyume.net /public_html/dream/lite visdub02.php
2007.08.25 21:06 B C:\Documents and Settings\Grace\Desktop\Anime\SweetMina\Other Stuff\gravitation\SUB-SECTION\lite\visdub03.inc --> ftp.ainoyume.net /public_html/dream/lite visdub03.inc
2007.08.25 21:06 B C:\Documents and Settings\Grace\Desktop\Anime\SweetMina\Other Stuff\gravitation\SUB-SECTION\lite\visdub03.php --> ftp.ainoyume.net /public_html/dream/lite visdub03.php
2007.08.25 21:06 B C:\Documents and Settings\Grace\Desktop\Anime\SweetMina\Other Stuff\gravitation\SUB-SECTION\lite\visdub04.inc --> ftp.ainoyume.net /public_html/dream/lite visdub04.inc
2007.08.25 21:06 B C:\Documents and Settings\Grace\Desktop\Anime\SweetMina\Other Stuff\gravitation\SUB-SECTION\lite\visdub04.php --> ftp.ainoyume.net /public_html/dream/lite visdub04.php
2007.08.25 21:06 B C:\Documents and Settings\Grace\Desktop\Anime\SweetMina\Other Stuff\gravitation\SUB-SECTION\lite\visdub04res.inc --> ftp.ainoyume.net /public_html/dream/lite visdub04res.inc
2007.08.25 21:06 B C:\Documents and Settings\Grace\Desktop\Anime\SweetMina\Other Stuff\gravitation\SUB-SECTION\lite\visdub04res.php --> ftp.ainoyume.net /public_html/dream/lite visdub04res.php
2007.08.25 21:06 B C:\Documents and Settings\Grace\Desktop\Anime\SweetMina\Other Stuff\gravitation\SUB-SECTION\lite\visdub04res02.inc --> ftp.ainoyume.net /public_html/dream/lite visdub04res02.inc
2007.08.25 21:06 B C:\Documents and Settings\Grace\Desktop\Anime\SweetMina\Other Stuff\gravitation\SUB-SECTION\lite\visdub04res02.php --> ftp.ainoyume.net /public_html/dream/lite visdub04res02.php
2007.08.25 21:06 B C:\Documents and Settings\Grace\Desktop\Anime\SweetMina\Other Stuff\gravitation\SUB-SECTION\lite\visdub05.inc --> ftp.ainoyume.net /public_html/dream/lite visdub05.inc
2007.08.25 21:06 B C:\Documents and Settings\Grace\Desktop\Anime\SweetMina\Other Stuff\gravitation\SUB-SECTION\lite\visdub05.php --> ftp.ainoyume.net /public_html/dream/lite visdub05.php
2007.08.25 21:06 B C:\Documents and Settings\Grace\Desktop\Anime\SweetMina\Other Stuff\gravitation\SUB-SECTION\lite\visitors.inc --> ftp.ainoyume.net /public_html/dream/lite visitors.inc
2007.08.25 21:06 B C:\Documents and Settings\Grace\Desktop\Anime\SweetMina\Other Stuff\gravitation\SUB-SECTION\lite\visitors.php --> ftp.ainoyume.net /public_html/dream/lite visitors.php
2007.08.25 21:06 B C:\Documents and Settings\Grace\Desktop\Anime\SweetMina\Other Stuff\gravitation\SUB-SECTION\lite\visseason01.inc --> ftp.ainoyume.net /public_html/dream/lite visseason01.inc
2007.08.25 21:06 B C:\Documents and Settings\Grace\Desktop\Anime\SweetMina\Other Stuff\gravitation\SUB-SECTION\lite\visseason01.php --> ftp.ainoyume.net /public_html/dream/lite visseason01.php
2007.08.25 21:06 B C:\Documents and Settings\Grace\Desktop\Anime\SweetMina\Other Stuff\gravitation\SUB-SECTION\lite\visseason02.inc --> ftp.ainoyume.net /public_html/dream/lite visseason02.inc
2007.08.25 21:06 B C:\Documents and Settings\Grace\Desktop\Anime\SweetMina\Other Stuff\gravitation\SUB-SECTION\lite\visseason02.php --> ftp.ainoyume.net /public_html/dream/lite visseason02.php
2007.08.25 21:06 B C:\Documents and Settings\Grace\Desktop\Anime\SweetMina\Other Stuff\gravitation\SUB-SECTION\lite\visseason03.inc --> ftp.ainoyume.net /public_html/dream/lite visseason03.inc
2007.08.25 21:06 B C:\Documents and Settings\Grace\Desktop\Anime\SweetMina\Other Stuff\gravitation\SUB-SECTION\lite\visseason03.php --> ftp.ainoyume.net /public_html/dream/lite visseason03.php
2007.08.25 21:06 B C:\Documents and Settings\Grace\Desktop\Anime\SweetMina\Other Stuff\gravitation\SUB-SECTION\lite\visseason04.inc --> ftp.ainoyume.net /public_html/dream/lite visseason04.inc
2007.08.25 21:06 B C:\Documents and Settings\Grace\Desktop\Anime\SweetMina\Other Stuff\gravitation\SUB-SECTION\lite\visseason04.php --> ftp.ainoyume.net /public_html/dream/lite visseason04.php
2007.08.25 21:06 B C:\Documents and Settings\Grace\Desktop\Anime\SweetMina\Other Stuff\gravitation\SUB-SECTION\lite\vistohmayuki01.inc --> ftp.ainoyume.net /public_html/dream/lite vistohmayuki01.inc
2007.08.25 21:06 B C:\Documents and Settings\Grace\Desktop\Anime\SweetMina\Other Stuff\gravitation\SUB-SECTION\lite\vistohmayuki01.php --> ftp.ainoyume.net /public_html/dream/lite vistohmayuki01.php
2007.08.25 21:06 B C:\Documents and Settings\Grace\Desktop\Anime\SweetMina\Other Stuff\gravitation\SUB-SECTION\lite\vistohmayuki02.inc --> ftp.ainoyume.net /public_html/dream/lite vistohmayuki02.inc
2007.08.25 21:06 B C:\Documents and Settings\Grace\Desktop\Anime\SweetMina\Other Stuff\gravitation\SUB-SECTION\lite\vistohmayuki02.php --> ftp.ainoyume.net /public_html/dream/lite vistohmayuki02.php
2007.08.25 21:06 B C:\Documents and Settings\Grace\Desktop\Anime\SweetMina\Other Stuff\gravitation\SUB-SECTION\lite\wallpapers.inc --> ftp.ainoyume.net /public_html/dream/lite wallpapers.inc
2007.08.25 21:06 B C:\Documents and Settings\Grace\Desktop\Anime\SweetMina\Other Stuff\gravitation\SUB-SECTION\lite\wallpapers.php --> ftp.ainoyume.net /public_html/dream/lite wallpapers.php
2007.08.25 21:06 B C:\Documents and Settings\Grace\Desktop\Anime\SweetMina\Other Stuff\gravitation\SUB-SECTION\lite\webring.inc --> ftp.ainoyume.net /public_html/dream/lite webring.inc
2007.08.25 21:06 B C:\Documents and Settings\Grace\Desktop\Anime\SweetMina\Other Stuff\gravitation\SUB-SECTION\lite\webring.php --> ftp.ainoyume.net /public_html/dream/lite webring.php
2007.08.25 21:06 B C:\Documents and Settings\Grace\Desktop\Anime\SweetMina\Other Stuff\gravitation\SUB-SECTION\lite\yfamily.inc --> ftp.ainoyume.net /public_html/dream/lite yfamily.inc
2007.08.25 21:06 B C:\Documents and Settings\Grace\Desktop\Anime\SweetMina\Other Stuff\gravitation\SUB-SECTION\lite\yfamily.php --> ftp.ainoyume.net /public_html/dream/lite yfamily.php
2007.08.25 21:06 B C:\Documents and Settings\Grace\Desktop\Anime\SweetMina\Other Stuff\gravitation\SUB-SECTION\lite\ylove.inc --> ftp.ainoyume.net /public_html/dream/lite ylove.inc
2007.08.25 21:06 B C:\Documents and Settings\Grace\Desktop\Anime\SweetMina\Other Stuff\gravitation\SUB-SECTION\lite\ylove.php --> ftp.ainoyume.net /public_html/dream/lite ylove.php
2007.08.25 21:06 B C:\Documents and Settings\Grace\Desktop\Anime\SweetMina\Other Stuff\gravitation\SUB-SECTION\lite\ypast.inc --> ftp.ainoyume.net /public_html/dream/lite ypast.inc
2007.08.25 21:06 B C:\Documents and Settings\Grace\Desktop\Anime\SweetMina\Other Stuff\gravitation\SUB-SECTION\lite\ypast.php --> ftp.ainoyume.net /public_html/dream/lite ypast.php
2007.08.25 21:06 B C:\Documents and Settings\Grace\Desktop\Anime\SweetMina\Other Stuff\gravitation\SUB-SECTION\lite\ypersonality.inc --> ftp.ainoyume.net /public_html/dream/lite ypersonality.inc
2007.08.25 21:06 B C:\Documents and Settings\Grace\Desktop\Anime\SweetMina\Other Stuff\gravitation\SUB-SECTION\lite\ypersonality.php --> ftp.ainoyume.net /public_html/dream/lite ypersonality.php
2007.08.25 21:06 B C:\Documents and Settings\Grace\Desktop\Anime\SweetMina\Other Stuff\gravitation\SUB-SECTION\lite\ysummary.inc --> ftp.ainoyume.net /public_html/dream/lite ysummary.inc
2007.08.25 21:06 B C:\Documents and Settings\Grace\Desktop\Anime\SweetMina\Other Stuff\gravitation\SUB-SECTION\lite\ysummary.php --> ftp.ainoyume.net /public_html/dream/lite ysummary.php
2007.08.25 21:06 B C:\Documents and Settings\Grace\Desktop\Anime\SweetMina\Other Stuff\gravitation\SUB-SECTION\lite\yvoice.inc --> ftp.ainoyume.net /public_html/dream/lite yvoice.inc
2007.08.25 21:06 B C:\Documents and Settings\Grace\Desktop\Anime\SweetMina\Other Stuff\gravitation\SUB-SECTION\lite\yvoice.php --> ftp.ainoyume.net /public_html/dream/lite yvoice.php
2007.08.25 21:09 B C:\Documents and Settings\Grace\Desktop\Anime\SweetMina\Other Stuff\gravitation\SUB-SECTION\lite\index.inc --> ftp.ainoyume.net /public_html/dream/lite index.inc
2007.08.26 00:58 B C:\Documents and Settings\Grace\Desktop\Anime\SweetMina\Other Stuff\gravitation\SUB-SECTION\lite\footer.inc --> ftp.ainoyume.net /public_html/dream/lite footer.inc
2007.08.26 01:04 B C:\Documents and Settings\Grace\Desktop\Anime\SweetMina\Other Stuff\gravitation\SUB-SECTION\lite\cosplay.inc --> ftp.ainoyume.net /public_html/dream/lite cosplay.inc
