2007.08.25 20:51 B C:\Documents and Settings\Grace\Desktop\Anime\SweetMina\Other Stuff\gravitation\info\summaries\1.inc --> ftp.ainoyume.net /public_html/dream/info/summaries 1.inc
2007.08.25 20:51 B C:\Documents and Settings\Grace\Desktop\Anime\SweetMina\Other Stuff\gravitation\info\summaries\1.php --> ftp.ainoyume.net /public_html/dream/info/summaries 1.php
2007.08.25 20:51 B C:\Documents and Settings\Grace\Desktop\Anime\SweetMina\Other Stuff\gravitation\info\summaries\10.inc --> ftp.ainoyume.net /public_html/dream/info/summaries 10.inc
2007.08.25 20:51 B C:\Documents and Settings\Grace\Desktop\Anime\SweetMina\Other Stuff\gravitation\info\summaries\10.php --> ftp.ainoyume.net /public_html/dream/info/summaries 10.php
2007.08.25 20:51 B C:\Documents and Settings\Grace\Desktop\Anime\SweetMina\Other Stuff\gravitation\info\summaries\11.inc --> ftp.ainoyume.net /public_html/dream/info/summaries 11.inc
2007.08.25 20:51 B C:\Documents and Settings\Grace\Desktop\Anime\SweetMina\Other Stuff\gravitation\info\summaries\11.php --> ftp.ainoyume.net /public_html/dream/info/summaries 11.php
2007.08.25 20:51 B C:\Documents and Settings\Grace\Desktop\Anime\SweetMina\Other Stuff\gravitation\info\summaries\12.inc --> ftp.ainoyume.net /public_html/dream/info/summaries 12.inc
2007.08.25 20:51 B C:\Documents and Settings\Grace\Desktop\Anime\SweetMina\Other Stuff\gravitation\info\summaries\12.php --> ftp.ainoyume.net /public_html/dream/info/summaries 12.php
2007.08.25 20:51 B C:\Documents and Settings\Grace\Desktop\Anime\SweetMina\Other Stuff\gravitation\info\summaries\13.inc --> ftp.ainoyume.net /public_html/dream/info/summaries 13.inc
2007.08.25 20:51 B C:\Documents and Settings\Grace\Desktop\Anime\SweetMina\Other Stuff\gravitation\info\summaries\13.php --> ftp.ainoyume.net /public_html/dream/info/summaries 13.php
2007.08.25 20:51 B C:\Documents and Settings\Grace\Desktop\Anime\SweetMina\Other Stuff\gravitation\info\summaries\2.inc --> ftp.ainoyume.net /public_html/dream/info/summaries 2.inc
2007.08.25 20:51 B C:\Documents and Settings\Grace\Desktop\Anime\SweetMina\Other Stuff\gravitation\info\summaries\2.php --> ftp.ainoyume.net /public_html/dream/info/summaries 2.php
2007.08.25 20:51 B C:\Documents and Settings\Grace\Desktop\Anime\SweetMina\Other Stuff\gravitation\info\summaries\3.inc --> ftp.ainoyume.net /public_html/dream/info/summaries 3.inc
2007.08.25 20:51 B C:\Documents and Settings\Grace\Desktop\Anime\SweetMina\Other Stuff\gravitation\info\summaries\3.php --> ftp.ainoyume.net /public_html/dream/info/summaries 3.php
2007.08.25 20:51 B C:\Documents and Settings\Grace\Desktop\Anime\SweetMina\Other Stuff\gravitation\info\summaries\4.inc --> ftp.ainoyume.net /public_html/dream/info/summaries 4.inc
2007.08.25 20:51 B C:\Documents and Settings\Grace\Desktop\Anime\SweetMina\Other Stuff\gravitation\info\summaries\4.php --> ftp.ainoyume.net /public_html/dream/info/summaries 4.php
2007.08.25 20:51 B C:\Documents and Settings\Grace\Desktop\Anime\SweetMina\Other Stuff\gravitation\info\summaries\5.inc --> ftp.ainoyume.net /public_html/dream/info/summaries 5.inc
2007.08.25 20:51 B C:\Documents and Settings\Grace\Desktop\Anime\SweetMina\Other Stuff\gravitation\info\summaries\5.php --> ftp.ainoyume.net /public_html/dream/info/summaries 5.php
2007.08.25 20:51 B C:\Documents and Settings\Grace\Desktop\Anime\SweetMina\Other Stuff\gravitation\info\summaries\6.inc --> ftp.ainoyume.net /public_html/dream/info/summaries 6.inc
2007.08.25 20:51 B C:\Documents and Settings\Grace\Desktop\Anime\SweetMina\Other Stuff\gravitation\info\summaries\6.php --> ftp.ainoyume.net /public_html/dream/info/summaries 6.php
2007.08.25 20:51 B C:\Documents and Settings\Grace\Desktop\Anime\SweetMina\Other Stuff\gravitation\info\summaries\7.inc --> ftp.ainoyume.net /public_html/dream/info/summaries 7.inc
2007.08.25 20:51 B C:\Documents and Settings\Grace\Desktop\Anime\SweetMina\Other Stuff\gravitation\info\summaries\7.php --> ftp.ainoyume.net /public_html/dream/info/summaries 7.php
2007.08.25 20:51 B C:\Documents and Settings\Grace\Desktop\Anime\SweetMina\Other Stuff\gravitation\info\summaries\8.inc --> ftp.ainoyume.net /public_html/dream/info/summaries 8.inc
2007.08.25 20:51 B C:\Documents and Settings\Grace\Desktop\Anime\SweetMina\Other Stuff\gravitation\info\summaries\8.php --> ftp.ainoyume.net /public_html/dream/info/summaries 8.php
2007.08.25 20:51 B C:\Documents and Settings\Grace\Desktop\Anime\SweetMina\Other Stuff\gravitation\info\summaries\9.inc --> ftp.ainoyume.net /public_html/dream/info/summaries 9.inc
2007.08.25 20:51 B C:\Documents and Settings\Grace\Desktop\Anime\SweetMina\Other Stuff\gravitation\info\summaries\9.php --> ftp.ainoyume.net /public_html/dream/info/summaries 9.php
2007.08.25 20:51 B C:\Documents and Settings\Grace\Desktop\Anime\SweetMina\Other Stuff\gravitation\info\summaries\footer.inc --> ftp.ainoyume.net /public_html/dream/info/summaries footer.inc
2007.08.25 20:51 B C:\Documents and Settings\Grace\Desktop\Anime\SweetMina\Other Stuff\gravitation\info\summaries\header.inc --> ftp.ainoyume.net /public_html/dream/info/summaries header.inc
2007.08.25 20:51 B C:\Documents and Settings\Grace\Desktop\Anime\SweetMina\Other Stuff\gravitation\info\summaries\index.inc --> ftp.ainoyume.net /public_html/dream/info/summaries index.inc
2007.08.25 20:51 B C:\Documents and Settings\Grace\Desktop\Anime\SweetMina\Other Stuff\gravitation\info\summaries\index.php --> ftp.ainoyume.net /public_html/dream/info/summaries index.php
2007.08.25 21:13 B C:\Documents and Settings\Grace\Desktop\Anime\SweetMina\Other Stuff\gravitation\info\summaries\1.php --> ftp.ainoyume.net /public_html/dream/info/summaries 1.php
2007.08.25 21:15 B C:\Documents and Settings\Grace\Desktop\Anime\SweetMina\Other Stuff\gravitation\info\summaries\footer.inc --> ftp.ainoyume.net /public_html/dream/info/summaries footer.inc
